[ 2016-01-13T00:14:23+08:00 ] 127.0.0.1 /index.php/Admin/Supplier/index
INFO: [ app_init ] --START--
INFO: Run Behavior\BuildLiteBehavior [ RunTime:0.000014s ]
INFO: [ app_init ] --END-- [ RunTime:0.000710s ]
INFO: [ app_begin ] --START--
INFO: Run Behavior\ReadHtmlCacheBehavior [ RunTime:0.001078s ]
INFO: [ app_begin ] --END-- [ RunTime:0.001144s ]
SQL: SHOW COLUMNS FROM `supplier` [ RunTime:0.0308s ]
SQL: SELECT COUNT(*) AS tp_count FROM `supplier` WHERE `status` > -1 LIMIT 1   [ RunTime:0.0005s ]
SQL: SELECT * FROM `supplier` WHERE `status` > -1 LIMIT 0,2   [ RunTime:0.0004s ]
INFO: [ view_parse ] --START--
INFO: [ template_filter ] --START--
INFO: Run Behavior\ContentReplaceBehavior [ RunTime:0.000076s ]
INFO: [ template_filter ] --END-- [ RunTime:0.000124s ]
NOTIC: [8] Undefined index: keyword F:\shop\admin.shop.com\Runtime\Cache\Admin\d67fd13698451d696aeea502d2b8b174.php 第 25 行.
INFO: Run Behavior\ParseTemplateBehavior [ RunTime:0.010607s ]
INFO: [ view_parse ] --END-- [ RunTime:0.010655s ]
INFO: [ view_filter ] --START--
INFO: Run Behavior\WriteHtmlCacheBehavior [ RunTime:0.000687s ]
INFO: [ view_filter ] --END-- [ RunTime:0.000724s ]
INFO: [ app_end ] --START--
INFO: Run Behavior\ShowPageTraceBehavior [ RunTime:0.000856s ]
INFO: [ app_end ] --END-- [ RunTime:0.000898s ]

[ 2016-01-13T00:14:30+08:00 ] 127.0.0.1 /index.php/Admin/Brand/index/p/1.html
INFO: [ app_init ] --START--
INFO: Run Behavior\BuildLiteBehavior [ RunTime:0.000015s ]
INFO: [ app_init ] --END-- [ RunTime:0.000648s ]
INFO: [ app_begin ] --START--
INFO: Run Behavior\ReadHtmlCacheBehavior [ RunTime:0.000860s ]
INFO: [ app_begin ] --END-- [ RunTime:0.000915s ]
SQL: SHOW COLUMNS FROM `brand` [ RunTime:0.0261s ]
SQL: SELECT COUNT(*) AS tp_count FROM `brand` WHERE `status` > -1 LIMIT 1   [ RunTime:0.0006s ]
SQL: SELECT * FROM `brand` WHERE `status` > -1 LIMIT 0,2   [ RunTime:0.0004s ]
INFO: [ view_parse ] --START--
INFO: [ template_filter ] --START--
INFO: Run Behavior\ContentReplaceBehavior [ RunTime:0.000074s ]
INFO: [ template_filter ] --END-- [ RunTime:0.000120s ]
NOTIC: [8] Undefined index: keyword F:\shop\admin.shop.com\Runtime\Cache\Admin\ce329e5f273225aa9fde88a46dc57c24.php 第 25 行.
INFO: Run Behavior\ParseTemplateBehavior [ RunTime:0.009987s ]
INFO: [ view_parse ] --END-- [ RunTime:0.010047s ]
INFO: [ view_filter ] --START--
INFO: Run Behavior\WriteHtmlCacheBehavior [ RunTime:0.000611s ]
INFO: [ view_filter ] --END-- [ RunTime:0.000646s ]
INFO: [ app_end ] --START--
INFO: Run Behavior\ShowPageTraceBehavior [ RunTime:0.000843s ]
INFO: [ app_end ] --END-- [ RunTime:0.000881s ]

[ 2016-01-13T00:14:32+08:00 ] 127.0.0.1 /index.php/Admin/Brand/add.html
INFO: [ app_init ] --START--
INFO: Run Behavior\BuildLiteBehavior [ RunTime:0.000023s ]
INFO: [ app_init ] --END-- [ RunTime:0.000804s ]
INFO: [ app_begin ] --START--
INFO: Run Behavior\ReadHtmlCacheBehavior [ RunTime:0.001295s ]
INFO: [ app_begin ] --END-- [ RunTime:0.001402s ]
SQL: SHOW COLUMNS FROM `brand` [ RunTime:0.0120s ]
INFO: [ view_parse ] --START--
INFO: [ template_filter ] --START--
INFO: Run Behavior\ContentReplaceBehavior [ RunTime:0.000068s ]
INFO: [ template_filter ] --END-- [ RunTime:0.000138s ]
NOTIC: [8] Undefined variable: name F:\shop\admin.shop.com\Runtime\Cache\Admin\54ccd992c639a25c44015efb6e64393b.php 第 29 行.
NOTIC: [8] Undefined variable: url F:\shop\admin.shop.com\Runtime\Cache\Admin\54ccd992c639a25c44015efb6e64393b.php 第 36 行.
NOTIC: [8] Undefined variable: intro F:\shop\admin.shop.com\Runtime\Cache\Admin\54ccd992c639a25c44015efb6e64393b.php 第 57 行.
NOTIC: [8] Undefined variable: id F:\shop\admin.shop.com\Runtime\Cache\Admin\54ccd992c639a25c44015efb6e64393b.php 第 69 行.
INFO: Run Behavior\ParseTemplateBehavior [ RunTime:0.020371s ]
INFO: [ view_parse ] --END-- [ RunTime:0.020450s ]
INFO: [ view_filter ] --START--
INFO: Run Behavior\WriteHtmlCacheBehavior [ RunTime:0.000659s ]
INFO: [ view_filter ] --END-- [ RunTime:0.000725s ]
INFO: [ app_end ] --START--
INFO: Run Behavior\ShowPageTraceBehavior [ RunTime:0.000827s ]
INFO: [ app_end ] --END-- [ RunTime:0.000878s ]

[ 2016-01-13T00:35:39+08:00 ] 127.0.0.1 /index.php/Admin/Brand/add.html
INFO: [ app_init ] --START--
INFO: Run Behavior\BuildLiteBehavior [ RunTime:0.000015s ]
INFO: [ app_init ] --END-- [ RunTime:0.000758s ]
INFO: [ app_begin ] --START--
INFO: Run Behavior\ReadHtmlCacheBehavior [ RunTime:0.000876s ]
INFO: [ app_begin ] --END-- [ RunTime:0.000929s ]
SQL: SHOW COLUMNS FROM `brand` [ RunTime:0.0739s ]
INFO: [ view_parse ] --START--
INFO: [ template_filter ] --START--
INFO: Run Behavior\ContentReplaceBehavior [ RunTime:0.000077s ]
INFO: [ template_filter ] --END-- [ RunTime:0.000122s ]
NOTIC: [8] Undefined variable: name F:\shop\admin.shop.com\Runtime\Cache\Admin\54ccd992c639a25c44015efb6e64393b.php 第 29 行.
NOTIC: [8] Undefined variable: url F:\shop\admin.shop.com\Runtime\Cache\Admin\54ccd992c639a25c44015efb6e64393b.php 第 36 行.
NOTIC: [8] Undefined variable: intro F:\shop\admin.shop.com\Runtime\Cache\Admin\54ccd992c639a25c44015efb6e64393b.php 第 62 行.
NOTIC: [8] Undefined variable: id F:\shop\admin.shop.com\Runtime\Cache\Admin\54ccd992c639a25c44015efb6e64393b.php 第 74 行.
INFO: Run Behavior\ParseTemplateBehavior [ RunTime:0.011314s ]
INFO: [ view_parse ] --END-- [ RunTime:0.011406s ]
INFO: [ view_filter ] --START--
INFO: Run Behavior\WriteHtmlCacheBehavior [ RunTime:0.000608s ]
INFO: [ view_filter ] --END-- [ RunTime:0.000645s ]
INFO: [ app_end ] --START--
INFO: Run Behavior\ShowPageTraceBehavior [ RunTime:0.000882s ]
INFO: [ app_end ] --END-- [ RunTime:0.000921s ]

[ 2016-01-13T00:35:41+08:00 ] 127.0.0.1 /index.php/Admin/Brand/add.html
INFO: [ app_init ] --START--
INFO: Run Behavior\BuildLiteBehavior [ RunTime:0.000018s ]
INFO: [ app_init ] --END-- [ RunTime:0.001542s ]
INFO: [ app_begin ] --START--
INFO: Run Behavior\ReadHtmlCacheBehavior [ RunTime:0.000969s ]
INFO: [ app_begin ] --END-- [ RunTime:0.001019s ]
SQL: SHOW COLUMNS FROM `brand` [ RunTime:0.0112s ]
INFO: [ view_parse ] --START--
INFO: [ template_filter ] --START--
INFO: Run Behavior\ContentReplaceBehavior [ RunTime:0.000078s ]
INFO: [ template_filter ] --END-- [ RunTime:0.000126s ]
NOTIC: [8] Undefined variable: name F:\shop\admin.shop.com\Runtime\Cache\Admin\54ccd992c639a25c44015efb6e64393b.php 第 29 行.
NOTIC: [8] Undefined variable: url F:\shop\admin.shop.com\Runtime\Cache\Admin\54ccd992c639a25c44015efb6e64393b.php 第 36 行.
NOTIC: [8] Undefined variable: intro F:\shop\admin.shop.com\Runtime\Cache\Admin\54ccd992c639a25c44015efb6e64393b.php 第 62 行.
NOTIC: [8] Undefined variable: id F:\shop\admin.shop.com\Runtime\Cache\Admin\54ccd992c639a25c44015efb6e64393b.php 第 74 行.
INFO: Run Behavior\ParseTemplateBehavior [ RunTime:0.011743s ]
INFO: [ view_parse ] --END-- [ RunTime:0.011828s ]
INFO: [ view_filter ] --START--
INFO: Run Behavior\WriteHtmlCacheBehavior [ RunTime:0.000627s ]
INFO: [ view_filter ] --END-- [ RunTime:0.000676s ]
INFO: [ app_end ] --START--
INFO: Run Behavior\ShowPageTraceBehavior [ RunTime:0.001090s ]
INFO: [ app_end ] --END-- [ RunTime:0.001155s ]

[ 2016-01-13T00:35:41+08:00 ] 127.0.0.1 /index.php/Admin/Brand/add.html
INFO: [ app_init ] --START--
INFO: Run Behavior\BuildLiteBehavior [ RunTime:0.000014s ]
INFO: [ app_init ] --END-- [ RunTime:0.000640s ]
INFO: [ app_begin ] --START--
INFO: Run Behavior\ReadHtmlCacheBehavior [ RunTime:0.000972s ]
INFO: [ app_begin ] --END-- [ RunTime:0.001020s ]
SQL: SHOW COLUMNS FROM `brand` [ RunTime:0.0108s ]
INFO: [ view_parse ] --START--
INFO: [ template_filter ] --START--
INFO: Run Behavior\ContentReplaceBehavior [ RunTime:0.000111s ]
INFO: [ template_filter ] --END-- [ RunTime:0.000180s ]
NOTIC: [8] Undefined variable: name F:\shop\admin.shop.com\Runtime\Cache\Admin\54ccd992c639a25c44015efb6e64393b.php 第 29 行.
NOTIC: [8] Undefined variable: url F:\shop\admin.shop.com\Runtime\Cache\Admin\54ccd992c639a25c44015efb6e64393b.php 第 36 行.
NOTIC: [8] Undefined variable: intro F:\shop\admin.shop.com\Runtime\Cache\Admin\54ccd992c639a25c44015efb6e64393b.php 第 62 行.
NOTIC: [8] Undefined variable: id F:\shop\admin.shop.com\Runtime\Cache\Admin\54ccd992c639a25c44015efb6e64393b.php 第 74 行.
INFO: Run Behavior\ParseTemplateBehavior [ RunTime:0.010838s ]
INFO: [ view_parse ] --END-- [ RunTime:0.010912s ]
INFO: [ view_filter ] --START--
INFO: Run Behavior\WriteHtmlCacheBehavior [ RunTime:0.000688s ]
INFO: [ view_filter ] --END-- [ RunTime:0.000725s ]
INFO: [ app_end ] --START--
INFO: Run Behavior\ShowPageTraceBehavior [ RunTime:0.000875s ]
INFO: [ app_end ] --END-- [ RunTime:0.000916s ]

[ 2016-01-13T00:35:41+08:00 ] 127.0.0.1 /index.php/Admin/Brand/add.html
INFO: [ app_init ] --START--
INFO: Run Behavior\BuildLiteBehavior [ RunTime:0.000025s ]
INFO: [ app_init ] --END-- [ RunTime:0.000929s ]
INFO: [ app_begin ] --START--
INFO: Run Behavior\ReadHtmlCacheBehavior [ RunTime:0.000862s ]
INFO: [ app_begin ] --END-- [ RunTime:0.000913s ]
SQL: SHOW COLUMNS FROM `brand` [ RunTime:0.0184s ]
INFO: [ view_parse ] --START--
INFO: [ template_filter ] --START--
INFO: Run Behavior\ContentReplaceBehavior [ RunTime:0.000074s ]
INFO: [ template_filter ] --END-- [ RunTime:0.000120s ]
NOTIC: [8] Undefined variable: name F:\shop\admin.shop.com\Runtime\Cache\Admin\54ccd992c639a25c44015efb6e64393b.php 第 29 行.
NOTIC: [8] Undefined variable: url F:\shop\admin.shop.com\Runtime\Cache\Admin\54ccd992c639a25c44015efb6e64393b.php 第 36 行.
NOTIC: [8] Undefined variable: intro F:\shop\admin.shop.com\Runtime\Cache\Admin\54ccd992c639a25c44015efb6e64393b.php 第 62 行.
NOTIC: [8] Undefined variable: id F:\shop\admin.shop.com\Runtime\Cache\Admin\54ccd992c639a25c44015efb6e64393b.php 第 74 行.
INFO: Run Behavior\ParseTemplateBehavior [ RunTime:0.009385s ]
INFO: [ view_parse ] --END-- [ RunTime:0.009447s ]
INFO: [ view_filter ] --START--
INFO: Run Behavior\WriteHtmlCacheBehavior [ RunTime:0.000626s ]
INFO: [ view_filter ] --END-- [ RunTime:0.000661s ]
INFO: [ app_end ] --START--
INFO: Run Behavior\ShowPageTraceBehavior [ RunTime:0.000843s ]
INFO: [ app_end ] --END-- [ RunTime:0.000884s ]

[ 2016-01-13T00:35:42+08:00 ] 127.0.0.1 /index.php/Admin/Brand/add.html
INFO: [ app_init ] --START--
INFO: Run Behavior\BuildLiteBehavior [ RunTime:0.000024s ]
INFO: [ app_init ] --END-- [ RunTime:0.000713s ]
INFO: [ app_begin ] --START--
INFO: Run Behavior\ReadHtmlCacheBehavior [ RunTime:0.001459s ]
INFO: [ app_begin ] --END-- [ RunTime:0.001599s ]
SQL: SHOW COLUMNS FROM `brand` [ RunTime:0.0204s ]
INFO: [ view_parse ] --START--
INFO: [ template_filter ] --START--
INFO: Run Behavior\ContentReplaceBehavior [ RunTime:0.000074s ]
INFO: [ template_filter ] --END-- [ RunTime:0.000121s ]
NOTIC: [8] Undefined variable: name F:\shop\admin.shop.com\Runtime\Cache\Admin\54ccd992c639a25c44015efb6e64393b.php 第 29 行.
NOTIC: [8] Undefined variable: url F:\shop\admin.shop.com\Runtime\Cache\Admin\54ccd992c639a25c44015efb6e64393b.php 第 36 行.
NOTIC: [8] Undefined variable: intro F:\shop\admin.shop.com\Runtime\Cache\Admin\54ccd992c639a25c44015efb6e64393b.php 第 62 行.
NOTIC: [8] Undefined variable: id F:\shop\admin.shop.com\Runtime\Cache\Admin\54ccd992c639a25c44015efb6e64393b.php 第 74 行.
INFO: Run Behavior\ParseTemplateBehavior [ RunTime:0.008982s ]
INFO: [ view_parse ] --END-- [ RunTime:0.009039s ]
INFO: [ view_filter ] --START--
INFO: Run Behavior\WriteHtmlCacheBehavior [ RunTime:0.000483s ]
INFO: [ view_filter ] --END-- [ RunTime:0.000516s ]
INFO: [ app_end ] --START--
INFO: Run Behavior\ShowPageTraceBehavior [ RunTime:0.000793s ]
INFO: [ app_end ] --END-- [ RunTime:0.000833s ]

[ 2016-01-13T00:35:46+08:00 ] 127.0.0.1 /index.php/Admin/Brand/add.html
INFO: [ app_init ] --START--
INFO: Run Behavior\BuildLiteBehavior [ RunTime:0.000112s ]
INFO: [ app_init ] --END-- [ RunTime:0.001501s ]
INFO: [ app_begin ] --START--
INFO: Run Behavior\ReadHtmlCacheBehavior [ RunTime:0.001027s ]
INFO: [ app_begin ] --END-- [ RunTime:0.001123s ]
SQL: SHOW COLUMNS FROM `brand` [ RunTime:0.0191s ]
INFO: [ view_parse ] --START--
INFO: [ template_filter ] --START--
INFO: Run Behavior\ContentReplaceBehavior [ RunTime:0.000075s ]
INFO: [ template_filter ] --END-- [ RunTime:0.000120s ]
NOTIC: [8] Undefined variable: name F:\shop\admin.shop.com\Runtime\Cache\Admin\54ccd992c639a25c44015efb6e64393b.php 第 29 行.
NOTIC: [8] Undefined variable: url F:\shop\admin.shop.com\Runtime\Cache\Admin\54ccd992c639a25c44015efb6e64393b.php 第 36 行.
NOTIC: [8] Undefined variable: intro F:\shop\admin.shop.com\Runtime\Cache\Admin\54ccd992c639a25c44015efb6e64393b.php 第 62 行.
NOTIC: [8] Undefined variable: id F:\shop\admin.shop.com\Runtime\Cache\Admin\54ccd992c639a25c44015efb6e64393b.php 第 74 行.
INFO: Run Behavior\ParseTemplateBehavior [ RunTime:0.009415s ]
INFO: [ view_parse ] --END-- [ RunTime:0.009465s ]
INFO: [ view_filter ] --START--
INFO: Run Behavior\WriteHtmlCacheBehavior [ RunTime:0.000506s ]
INFO: [ view_filter ] --END-- [ RunTime:0.000539s ]
INFO: [ app_end ] --START--
INFO: Run Behavior\ShowPageTraceBehavior [ RunTime:0.000710s ]
INFO: [ app_end ] --END-- [ RunTime:0.000746s ]

[ 2016-01-13T00:36:38+08:00 ] 127.0.0.1 /index.php/Admin/Brand/add.html
INFO: [ app_init ] --START--
INFO: Run Behavior\BuildLiteBehavior [ RunTime:0.000014s ]
INFO: [ app_init ] --END-- [ RunTime:0.000671s ]
INFO: [ app_begin ] --START--
INFO: Run Behavior\ReadHtmlCacheBehavior [ RunTime:0.000886s ]
INFO: [ app_begin ] --END-- [ RunTime:0.000933s ]
SQL: SHOW COLUMNS FROM `brand` [ RunTime:0.0260s ]
INFO: [ view_parse ] --START--
INFO: [ template_filter ] --START--
INFO: Run Behavior\ContentReplaceBehavior [ RunTime:0.000077s ]
INFO: [ template_filter ] --END-- [ RunTime:0.000121s ]
NOTIC: [8] Undefined variable: name F:\shop\admin.shop.com\Runtime\Cache\Admin\54ccd992c639a25c44015efb6e64393b.php 第 29 行.
NOTIC: [8] Undefined variable: url F:\shop\admin.shop.com\Runtime\Cache\Admin\54ccd992c639a25c44015efb6e64393b.php 第 36 行.
NOTIC: [8] Undefined variable: intro F:\shop\admin.shop.com\Runtime\Cache\Admin\54ccd992c639a25c44015efb6e64393b.php 第 62 行.
NOTIC: [8] Undefined variable: id F:\shop\admin.shop.com\Runtime\Cache\Admin\54ccd992c639a25c44015efb6e64393b.php 第 74 行.
INFO: Run Behavior\ParseTemplateBehavior [ RunTime:0.009813s ]
INFO: [ view_parse ] --END-- [ RunTime:0.009883s ]
INFO: [ view_filter ] --START--
INFO: Run Behavior\WriteHtmlCacheBehavior [ RunTime:0.000615s ]
INFO: [ view_filter ] --END-- [ RunTime:0.000654s ]
INFO: [ app_end ] --START--
INFO: Run Behavior\ShowPageTraceBehavior [ RunTime:0.000836s ]
INFO: [ app_end ] --END-- [ RunTime:0.000876s ]

[ 2016-01-13T00:38:16+08:00 ] 127.0.0.1 /index.php/Admin/Brand/add.html
INFO: [ app_init ] --START--
INFO: Run Behavior\BuildLiteBehavior [ RunTime:0.000015s ]
INFO: [ app_init ] --END-- [ RunTime:0.000647s ]
INFO: [ app_begin ] --START--
INFO: Run Behavior\ReadHtmlCacheBehavior [ RunTime:0.000899s ]
INFO: [ app_begin ] --END-- [ RunTime:0.000955s ]
SQL: SHOW COLUMNS FROM `brand` [ RunTime:0.0275s ]
INFO: [ view_parse ] --START--
INFO: [ template_filter ] --START--
INFO: Run Behavior\ContentReplaceBehavior [ RunTime:0.000076s ]
INFO: [ template_filter ] --END-- [ RunTime:0.000120s ]
NOTIC: [8] Undefined variable: name F:\shop\admin.shop.com\Runtime\Cache\Admin\54ccd992c639a25c44015efb6e64393b.php 第 29 行.
NOTIC: [8] Undefined variable: url F:\shop\admin.shop.com\Runtime\Cache\Admin\54ccd992c639a25c44015efb6e64393b.php 第 36 行.
NOTIC: [8] Undefined variable: intro F:\shop\admin.shop.com\Runtime\Cache\Admin\54ccd992c639a25c44015efb6e64393b.php 第 62 行.
NOTIC: [8] Undefined variable: id F:\shop\admin.shop.com\Runtime\Cache\Admin\54ccd992c639a25c44015efb6e64393b.php 第 74 行.
INFO: Run Behavior\ParseTemplateBehavior [ RunTime:0.009435s ]
INFO: [ view_parse ] --END-- [ RunTime:0.009490s ]
INFO: [ view_filter ] --START--
INFO: Run Behavior\WriteHtmlCacheBehavior [ RunTime:0.000560s ]
INFO: [ view_filter ] --END-- [ RunTime:0.000603s ]
INFO: [ app_end ] --START--
INFO: Run Behavior\ShowPageTraceBehavior [ RunTime:0.000820s ]
INFO: [ app_end ] --END-- [ RunTime:0.000861s ]

[ 2016-01-13T00:38:17+08:00 ] 127.0.0.1 /index.php/Admin/Brand/add.html
INFO: [ app_init ] --START--
INFO: Run Behavior\BuildLiteBehavior [ RunTime:0.000014s ]
INFO: [ app_init ] --END-- [ RunTime:0.000685s ]
INFO: [ app_begin ] --START--
INFO: Run Behavior\ReadHtmlCacheBehavior [ RunTime:0.001185s ]
INFO: [ app_begin ] --END-- [ RunTime:0.001248s ]
SQL: SHOW COLUMNS FROM `brand` [ RunTime:0.0188s ]
INFO: [ view_parse ] --START--
INFO: [ template_filter ] --START--
INFO: Run Behavior\ContentReplaceBehavior [ RunTime:0.000085s ]
INFO: [ template_filter ] --END-- [ RunTime:0.000143s ]
NOTIC: [8] Undefined variable: name F:\shop\admin.shop.com\Runtime\Cache\Admin\54ccd992c639a25c44015efb6e64393b.php 第 29 行.
NOTIC: [8] Undefined variable: url F:\shop\admin.shop.com\Runtime\Cache\Admin\54ccd992c639a25c44015efb6e64393b.php 第 36 行.
NOTIC: [8] Undefined variable: intro F:\shop\admin.shop.com\Runtime\Cache\Admin\54ccd992c639a25c44015efb6e64393b.php 第 62 行.
NOTIC: [8] Undefined variable: id F:\shop\admin.shop.com\Runtime\Cache\Admin\54ccd992c639a25c44015efb6e64393b.php 第 74 行.
INFO: Run Behavior\ParseTemplateBehavior [ RunTime:0.011520s ]
INFO: [ view_parse ] --END-- [ RunTime:0.011585s ]
INFO: [ view_filter ] --START--
INFO: Run Behavior\WriteHtmlCacheBehavior [ RunTime:0.000605s ]
INFO: [ view_filter ] --END-- [ RunTime:0.000645s ]
INFO: [ app_end ] --START--
INFO: Run Behavior\ShowPageTraceBehavior [ RunTime:0.000816s ]
INFO: [ app_end ] --END-- [ RunTime:0.000852s ]

[ 2016-01-13T00:38:23+08:00 ] 127.0.0.1 /index.php/Admin/Gii/index.html
INFO: [ app_init ] --START--
INFO: Run Behavior\BuildLiteBehavior [ RunTime:0.000014s ]
INFO: [ app_init ] --END-- [ RunTime:0.000602s ]
INFO: [ app_begin ] --START--
INFO: Run Behavior\ReadHtmlCacheBehavior [ RunTime:0.000905s ]
INFO: [ app_begin ] --END-- [ RunTime:0.000965s ]
SQL: select  TABLE_COMMENT from information_schema.`TABLES`  where TABLE_SCHEMA = 'shop1009' and TABLE_NAME = 'supplier' [ RunTime:0.0004s ]
SQL: show full columns from supplier [ RunTime:0.0517s ]
INFO: [ app_end ] --START--
INFO: Run Behavior\ShowPageTraceBehavior [ RunTime:0.002129s ]
INFO: [ app_end ] --END-- [ RunTime:0.002236s ]

[ 2016-01-13T00:38:41+08:00 ] 127.0.0.1 /index.php/Admin/Supplier/edit
INFO: [ app_init ] --START--
INFO: Run Behavior\BuildLiteBehavior [ RunTime:0.000013s ]
INFO: [ app_init ] --END-- [ RunTime:0.000626s ]
INFO: [ app_begin ] --START--
INFO: Run Behavior\ReadHtmlCacheBehavior [ RunTime:0.000735s ]
INFO: [ app_begin ] --END-- [ RunTime:0.000779s ]
SQL: SHOW COLUMNS FROM `supplier` [ RunTime:0.0365s ]
ERR: 参数错误或者未定义:id

[ 2016-01-13T00:38:51+08:00 ] 127.0.0.1 /index.php/Admin/Supplier/index
INFO: [ app_init ] --START--
INFO: Run Behavior\BuildLiteBehavior [ RunTime:0.000026s ]
INFO: [ app_init ] --END-- [ RunTime:0.000768s ]
INFO: [ app_begin ] --START--
INFO: Run Behavior\ReadHtmlCacheBehavior [ RunTime:0.001563s ]
INFO: [ app_begin ] --END-- [ RunTime:0.001640s ]
SQL: SHOW COLUMNS FROM `supplier` [ RunTime:0.0368s ]
SQL: SELECT COUNT(*) AS tp_count FROM `supplier` WHERE `status` > -1 LIMIT 1   [ RunTime:0.0004s ]
SQL: SELECT * FROM `supplier` WHERE `status` > -1 LIMIT 0,2   [ RunTime:0.0005s ]
INFO: [ view_parse ] --START--
INFO: [ template_filter ] --START--
INFO: Run Behavior\ContentReplaceBehavior [ RunTime:0.000074s ]
INFO: [ template_filter ] --END-- [ RunTime:0.000120s ]
NOTIC: [8] Undefined index: keyword F:\shop\admin.shop.com\Runtime\Cache\Admin\d67fd13698451d696aeea502d2b8b174.php 第 25 行.
INFO: Run Behavior\ParseTemplateBehavior [ RunTime:0.011247s ]
INFO: [ view_parse ] --END-- [ RunTime:0.011305s ]
INFO: [ view_filter ] --START--
INFO: Run Behavior\WriteHtmlCacheBehavior [ RunTime:0.000788s ]
INFO: [ view_filter ] --END-- [ RunTime:0.000848s ]
INFO: [ app_end ] --START--
INFO: Run Behavior\ShowPageTraceBehavior [ RunTime:0.001329s ]
INFO: [ app_end ] --END-- [ RunTime:0.001388s ]

[ 2016-01-13T00:38:54+08:00 ] 127.0.0.1 /index.php/Admin/Supplier/edit/id/1.html
INFO: [ app_init ] --START--
INFO: Run Behavior\BuildLiteBehavior [ RunTime:0.000013s ]
INFO: [ app_init ] --END-- [ RunTime:0.000569s ]
INFO: [ app_begin ] --START--
INFO: Run Behavior\ReadHtmlCacheBehavior [ RunTime:0.000761s ]
INFO: [ app_begin ] --END-- [ RunTime:0.000822s ]
SQL: SHOW COLUMNS FROM `supplier` [ RunTime:0.0185s ]
SQL: SELECT * FROM `supplier` WHERE `id` = 1 LIMIT 1   [ RunTime:0.0004s ]
INFO: [ view_parse ] --START--
INFO: [ template_filter ] --START--
INFO: Run Behavior\ContentReplaceBehavior [ RunTime:0.000066s ]
INFO: [ template_filter ] --END-- [ RunTime:0.000112s ]
INFO: Run Behavior\ParseTemplateBehavior [ RunTime:0.009576s ]
INFO: [ view_parse ] --END-- [ RunTime:0.009658s ]
INFO: [ view_filter ] --START--
INFO: Run Behavior\WriteHtmlCacheBehavior [ RunTime:0.000878s ]
INFO: [ view_filter ] --END-- [ RunTime:0.000970s ]
INFO: [ app_end ] --START--
INFO: Run Behavior\ShowPageTraceBehavior [ RunTime:0.000972s ]
INFO: [ app_end ] --END-- [ RunTime:0.001038s ]

[ 2016-01-13T00:38:59+08:00 ] 127.0.0.1 /index.php/Admin/Supplier/add.html
INFO: [ app_init ] --START--
INFO: Run Behavior\BuildLiteBehavior [ RunTime:0.000013s ]
INFO: [ app_init ] --END-- [ RunTime:0.000685s ]
INFO: [ app_begin ] --START--
INFO: Run Behavior\ReadHtmlCacheBehavior [ RunTime:0.000734s ]
INFO: [ app_begin ] --END-- [ RunTime:0.000777s ]
SQL: SHOW COLUMNS FROM `supplier` [ RunTime:0.0113s ]
INFO: [ view_parse ] --START--
INFO: [ template_filter ] --START--
INFO: Run Behavior\ContentReplaceBehavior [ RunTime:0.000105s ]
INFO: [ template_filter ] --END-- [ RunTime:0.000183s ]
NOTIC: [8] Undefined variable: name F:\shop\admin.shop.com\Runtime\Cache\Admin\f5251aaa6e15c9ad8a96bfdf01007e18.php 第 29 行.
NOTIC: [8] Undefined variable: intro F:\shop\admin.shop.com\Runtime\Cache\Admin\f5251aaa6e15c9ad8a96bfdf01007e18.php 第 41 行.
NOTIC: [8] Undefined variable: id F:\shop\admin.shop.com\Runtime\Cache\Admin\f5251aaa6e15c9ad8a96bfdf01007e18.php 第 52 行.
INFO: Run Behavior\ParseTemplateBehavior [ RunTime:0.009401s ]
INFO: [ view_parse ] --END-- [ RunTime:0.009450s ]
INFO: [ view_filter ] --START--
INFO: Run Behavior\WriteHtmlCacheBehavior [ RunTime:0.000460s ]
INFO: [ view_filter ] --END-- [ RunTime:0.000494s ]
INFO: [ app_end ] --START--
INFO: Run Behavior\ShowPageTraceBehavior [ RunTime:0.000724s ]
INFO: [ app_end ] --END-- [ RunTime:0.000760s ]

[ 2016-01-13T00:40:44+08:00 ] 127.0.0.1 /index.php/Admin/Brand/add.html
INFO: [ app_init ] --START--
INFO: Run Behavior\BuildLiteBehavior [ RunTime:0.000014s ]
INFO: [ app_init ] --END-- [ RunTime:0.000623s ]
INFO: [ app_begin ] --START--
INFO: Run Behavior\ReadHtmlCacheBehavior [ RunTime:0.001129s ]
INFO: [ app_begin ] --END-- [ RunTime:0.001187s ]
SQL: SHOW COLUMNS FROM `brand` [ RunTime:0.0115s ]
INFO: [ view_parse ] --START--
INFO: [ template_filter ] --START--
INFO: Run Behavior\ContentReplaceBehavior [ RunTime:0.000241s ]
INFO: [ template_filter ] --END-- [ RunTime:0.000309s ]
NOTIC: [8] Undefined variable: name F:\shop\admin.shop.com\Runtime\Cache\Admin\54ccd992c639a25c44015efb6e64393b.php 第 29 行.
NOTIC: [8] Undefined variable: url F:\shop\admin.shop.com\Runtime\Cache\Admin\54ccd992c639a25c44015efb6e64393b.php 第 36 行.
NOTIC: [8] Undefined variable: intro F:\shop\admin.shop.com\Runtime\Cache\Admin\54ccd992c639a25c44015efb6e64393b.php 第 62 行.
NOTIC: [8] Undefined variable: id F:\shop\admin.shop.com\Runtime\Cache\Admin\54ccd992c639a25c44015efb6e64393b.php 第 74 行.
INFO: Run Behavior\ParseTemplateBehavior [ RunTime:0.010809s ]
INFO: [ view_parse ] --END-- [ RunTime:0.010872s ]
INFO: [ view_filter ] --START--
INFO: Run Behavior\WriteHtmlCacheBehavior [ RunTime:0.000608s ]
INFO: [ view_filter ] --END-- [ RunTime:0.000652s ]
INFO: [ app_end ] --START--
INFO: Run Behavior\ShowPageTraceBehavior [ RunTime:0.000857s ]
INFO: [ app_end ] --END-- [ RunTime:0.000900s ]

[ 2016-01-13T00:40:46+08:00 ] 127.0.0.1 /index.php/Admin/Brand/add.html
INFO: [ app_init ] --START--
INFO: Run Behavior\BuildLiteBehavior [ RunTime:0.000021s ]
INFO: [ app_init ] --END-- [ RunTime:0.000758s ]
INFO: [ app_begin ] --START--
INFO: Run Behavior\ReadHtmlCacheBehavior [ RunTime:0.000868s ]
INFO: [ app_begin ] --END-- [ RunTime:0.000913s ]
SQL: SHOW COLUMNS FROM `brand` [ RunTime:0.0099s ]
INFO: [ view_parse ] --START--
INFO: [ template_filter ] --START--
INFO: Run Behavior\ContentReplaceBehavior [ RunTime:0.000111s ]
INFO: [ template_filter ] --END-- [ RunTime:0.000184s ]
NOTIC: [8] Undefined variable: name F:\shop\admin.shop.com\Runtime\Cache\Admin\54ccd992c639a25c44015efb6e64393b.php 第 29 行.
NOTIC: [8] Undefined variable: url F:\shop\admin.shop.com\Runtime\Cache\Admin\54ccd992c639a25c44015efb6e64393b.php 第 36 行.
NOTIC: [8] Undefined variable: intro F:\shop\admin.shop.com\Runtime\Cache\Admin\54ccd992c639a25c44015efb6e64393b.php 第 62 行.
NOTIC: [8] Undefined variable: id F:\shop\admin.shop.com\Runtime\Cache\Admin\54ccd992c639a25c44015efb6e64393b.php 第 74 行.
INFO: Run Behavior\ParseTemplateBehavior [ RunTime:0.012432s ]
INFO: [ view_parse ] --END-- [ RunTime:0.012487s ]
INFO: [ view_filter ] --START--
INFO: Run Behavior\WriteHtmlCacheBehavior [ RunTime:0.000618s ]
INFO: [ view_filter ] --END-- [ RunTime:0.000652s ]
INFO: [ app_end ] --START--
INFO: Run Behavior\ShowPageTraceBehavior [ RunTime:0.000884s ]
INFO: [ app_end ] --END-- [ RunTime:0.000924s ]

[ 2016-01-13T00:40:46+08:00 ] 127.0.0.1 /index.php/Admin/Brand/add.html
INFO: [ app_init ] --START--
INFO: Run Behavior\BuildLiteBehavior [ RunTime:0.000019s ]
INFO: [ app_init ] --END-- [ RunTime:0.000586s ]
INFO: [ app_begin ] --START--
INFO: Run Behavior\ReadHtmlCacheBehavior [ RunTime:0.000764s ]
INFO: [ app_begin ] --END-- [ RunTime:0.000858s ]
SQL: SHOW COLUMNS FROM `brand` [ RunTime:0.0189s ]
INFO: [ view_parse ] --START--
INFO: [ template_filter ] --START--
INFO: Run Behavior\ContentReplaceBehavior [ RunTime:0.000078s ]
INFO: [ template_filter ] --END-- [ RunTime:0.000130s ]
NOTIC: [8] Undefined variable: name F:\shop\admin.shop.com\Runtime\Cache\Admin\54ccd992c639a25c44015efb6e64393b.php 第 29 行.
NOTIC: [8] Undefined variable: url F:\shop\admin.shop.com\Runtime\Cache\Admin\54ccd992c639a25c44015efb6e64393b.php 第 36 行.
NOTIC: [8] Undefined variable: intro F:\shop\admin.shop.com\Runtime\Cache\Admin\54ccd992c639a25c44015efb6e64393b.php 第 62 行.
NOTIC: [8] Undefined variable: id F:\shop\admin.shop.com\Runtime\Cache\Admin\54ccd992c639a25c44015efb6e64393b.php 第 74 行.
INFO: Run Behavior\ParseTemplateBehavior [ RunTime:0.009524s ]
INFO: [ view_parse ] --END-- [ RunTime:0.009611s ]
INFO: [ view_filter ] --START--
INFO: Run Behavior\WriteHtmlCacheBehavior [ RunTime:0.000553s ]
INFO: [ view_filter ] --END-- [ RunTime:0.000593s ]
INFO: [ app_end ] --START--
INFO: Run Behavior\ShowPageTraceBehavior [ RunTime:0.000760s ]
INFO: [ app_end ] --END-- [ RunTime:0.000798s ]

[ 2016-01-13T00:40:46+08:00 ] 127.0.0.1 /index.php/Admin/Brand/add.html
INFO: [ app_init ] --START--
INFO: Run Behavior\BuildLiteBehavior [ RunTime:0.000014s ]
INFO: [ app_init ] --END-- [ RunTime:0.000709s ]
INFO: [ app_begin ] --START--
INFO: Run Behavior\ReadHtmlCacheBehavior [ RunTime:0.000916s ]
INFO: [ app_begin ] --END-- [ RunTime:0.000962s ]
SQL: SHOW COLUMNS FROM `brand` [ RunTime:0.0271s ]
INFO: [ view_parse ] --START--
INFO: [ template_filter ] --START--
INFO: Run Behavior\ContentReplaceBehavior [ RunTime:0.000074s ]
INFO: [ template_filter ] --END-- [ RunTime:0.000118s ]
NOTIC: [8] Undefined variable: name F:\shop\admin.shop.com\Runtime\Cache\Admin\54ccd992c639a25c44015efb6e64393b.php 第 29 行.
NOTIC: [8] Undefined variable: url F:\shop\admin.shop.com\Runtime\Cache\Admin\54ccd992c639a25c44015efb6e64393b.php 第 36 行.
NOTIC: [8] Undefined variable: intro F:\shop\admin.shop.com\Runtime\Cache\Admin\54ccd992c639a25c44015efb6e64393b.php 第 62 行.
NOTIC: [8] Undefined variable: id F:\shop\admin.shop.com\Runtime\Cache\Admin\54ccd992c639a25c44015efb6e64393b.php 第 74 行.
INFO: Run Behavior\ParseTemplateBehavior [ RunTime:0.009145s ]
INFO: [ view_parse ] --END-- [ RunTime:0.009202s ]
INFO: [ view_filter ] --START--
INFO: Run Behavior\WriteHtmlCacheBehavior [ RunTime:0.000635s ]
INFO: [ view_filter ] --END-- [ RunTime:0.000669s ]
INFO: [ app_end ] --START--
INFO: Run Behavior\ShowPageTraceBehavior [ RunTime:0.000834s ]
INFO: [ app_end ] --END-- [ RunTime:0.000870s ]

[ 2016-01-13T00:40:58+08:00 ] 127.0.0.1 /index.php/Admin/Brand/add.html
INFO: [ app_init ] --START--
INFO: Run Behavior\BuildLiteBehavior [ RunTime:0.000017s ]
INFO: [ app_init ] --END-- [ RunTime:0.001108s ]
INFO: [ app_begin ] --START--
INFO: Run Behavior\ReadHtmlCacheBehavior [ RunTime:0.001151s ]
INFO: [ app_begin ] --END-- [ RunTime:0.001240s ]
SQL: SHOW COLUMNS FROM `brand` [ RunTime:0.0120s ]
INFO: [ view_parse ] --START--
INFO: [ template_filter ] --START--
INFO: Run Behavior\ContentReplaceBehavior [ RunTime:0.000123s ]
INFO: [ template_filter ] --END-- [ RunTime:0.000197s ]
NOTIC: [8] Undefined variable: name F:\shop\admin.shop.com\Runtime\Cache\Admin\54ccd992c639a25c44015efb6e64393b.php 第 29 行.
NOTIC: [8] Undefined variable: url F:\shop\admin.shop.com\Runtime\Cache\Admin\54ccd992c639a25c44015efb6e64393b.php 第 36 行.
NOTIC: [8] Undefined variable: intro F:\shop\admin.shop.com\Runtime\Cache\Admin\54ccd992c639a25c44015efb6e64393b.php 第 62 行.
NOTIC: [8] Undefined variable: id F:\shop\admin.shop.com\Runtime\Cache\Admin\54ccd992c639a25c44015efb6e64393b.php 第 74 行.
INFO: Run Behavior\ParseTemplateBehavior [ RunTime:0.011331s ]
INFO: [ view_parse ] --END-- [ RunTime:0.011396s ]
INFO: [ view_filter ] --START--
INFO: Run Behavior\WriteHtmlCacheBehavior [ RunTime:0.000694s ]
INFO: [ view_filter ] --END-- [ RunTime:0.000748s ]
INFO: [ app_end ] --START--
INFO: Run Behavior\ShowPageTraceBehavior [ RunTime:0.001056s ]
INFO: [ app_end ] --END-- [ RunTime:0.001126s ]

[ 2016-01-13T00:40:59+08:00 ] 127.0.0.1 /index.php/Admin/Brand/add.html
INFO: [ app_init ] --START--
INFO: Run Behavior\BuildLiteBehavior [ RunTime:0.000013s ]
INFO: [ app_init ] --END-- [ RunTime:0.000586s ]
INFO: [ app_begin ] --START--
INFO: Run Behavior\ReadHtmlCacheBehavior [ RunTime:0.000743s ]
INFO: [ app_begin ] --END-- [ RunTime:0.000788s ]
SQL: SHOW COLUMNS FROM `brand` [ RunTime:0.0110s ]
INFO: [ view_parse ] --START--
INFO: [ template_filter ] --START--
INFO: Run Behavior\ContentReplaceBehavior [ RunTime:0.000075s ]
INFO: [ template_filter ] --END-- [ RunTime:0.000135s ]
NOTIC: [8] Undefined variable: name F:\shop\admin.shop.com\Runtime\Cache\Admin\54ccd992c639a25c44015efb6e64393b.php 第 29 行.
NOTIC: [8] Undefined variable: url F:\shop\admin.shop.com\Runtime\Cache\Admin\54ccd992c639a25c44015efb6e64393b.php 第 36 行.
NOTIC: [8] Undefined variable: intro F:\shop\admin.shop.com\Runtime\Cache\Admin\54ccd992c639a25c44015efb6e64393b.php 第 62 行.
NOTIC: [8] Undefined variable: id F:\shop\admin.shop.com\Runtime\Cache\Admin\54ccd992c639a25c44015efb6e64393b.php 第 74 行.
INFO: Run Behavior\ParseTemplateBehavior [ RunTime:0.008702s ]
INFO: [ view_parse ] --END-- [ RunTime:0.008761s ]
INFO: [ view_filter ] --START--
INFO: Run Behavior\WriteHtmlCacheBehavior [ RunTime:0.000518s ]
INFO: [ view_filter ] --END-- [ RunTime:0.000561s ]
INFO: [ app_end ] --START--
INFO: Run Behavior\ShowPageTraceBehavior [ RunTime:0.000891s ]
INFO: [ app_end ] --END-- [ RunTime:0.000962s ]

[ 2016-01-13T00:40:59+08:00 ] 127.0.0.1 /index.php/Admin/Brand/add.html
INFO: [ app_init ] --START--
INFO: Run Behavior\BuildLiteBehavior [ RunTime:0.000015s ]
INFO: [ app_init ] --END-- [ RunTime:0.000611s ]
INFO: [ app_begin ] --START--
INFO: Run Behavior\ReadHtmlCacheBehavior [ RunTime:0.000753s ]
INFO: [ app_begin ] --END-- [ RunTime:0.000799s ]
SQL: SHOW COLUMNS FROM `brand` [ RunTime:0.0269s ]
INFO: [ view_parse ] --START--
INFO: [ template_filter ] --START--
INFO: Run Behavior\ContentReplaceBehavior [ RunTime:0.000086s ]
INFO: [ template_filter ] --END-- [ RunTime:0.000133s ]
NOTIC: [8] Undefined variable: name F:\shop\admin.shop.com\Runtime\Cache\Admin\54ccd992c639a25c44015efb6e64393b.php 第 29 行.
NOTIC: [8] Undefined variable: url F:\shop\admin.shop.com\Runtime\Cache\Admin\54ccd992c639a25c44015efb6e64393b.php 第 36 行.
NOTIC: [8] Undefined variable: intro F:\shop\admin.shop.com\Runtime\Cache\Admin\54ccd992c639a25c44015efb6e64393b.php 第 62 行.
NOTIC: [8] Undefined variable: id F:\shop\admin.shop.com\Runtime\Cache\Admin\54ccd992c639a25c44015efb6e64393b.php 第 74 行.
INFO: Run Behavior\ParseTemplateBehavior [ RunTime:0.008753s ]
INFO: [ view_parse ] --END-- [ RunTime:0.008811s ]
INFO: [ view_filter ] --START--
INFO: Run Behavior\WriteHtmlCacheBehavior [ RunTime:0.000537s ]
INFO: [ view_filter ] --END-- [ RunTime:0.000574s ]
INFO: [ app_end ] --START--
INFO: Run Behavior\ShowPageTraceBehavior [ RunTime:0.001062s ]
INFO: [ app_end ] --END-- [ RunTime:0.001133s ]

[ 2016-01-13T00:40:59+08:00 ] 127.0.0.1 /index.php/Admin/Brand/add.html
INFO: [ app_init ] --START--
INFO: Run Behavior\BuildLiteBehavior [ RunTime:0.000016s ]
INFO: [ app_init ] --END-- [ RunTime:0.001240s ]
INFO: [ app_begin ] --START--
INFO: Run Behavior\ReadHtmlCacheBehavior [ RunTime:0.000955s ]
INFO: [ app_begin ] --END-- [ RunTime:0.001010s ]
SQL: SHOW COLUMNS FROM `brand` [ RunTime:0.0100s ]
INFO: [ view_parse ] --START--
INFO: [ template_filter ] --START--
INFO: Run Behavior\ContentReplaceBehavior [ RunTime:0.000120s ]
INFO: [ template_filter ] --END-- [ RunTime:0.000188s ]
NOTIC: [8] Undefined variable: name F:\shop\admin.shop.com\Runtime\Cache\Admin\54ccd992c639a25c44015efb6e64393b.php 第 29 行.
NOTIC: [8] Undefined variable: url F:\shop\admin.shop.com\Runtime\Cache\Admin\54ccd992c639a25c44015efb6e64393b.php 第 36 行.
NOTIC: [8] Undefined variable: intro F:\shop\admin.shop.com\Runtime\Cache\Admin\54ccd992c639a25c44015efb6e64393b.php 第 62 行.
NOTIC: [8] Undefined variable: id F:\shop\admin.shop.com\Runtime\Cache\Admin\54ccd992c639a25c44015efb6e64393b.php 第 74 行.
INFO: Run Behavior\ParseTemplateBehavior [ RunTime:0.010492s ]
INFO: [ view_parse ] --END-- [ RunTime:0.010562s ]
INFO: [ view_filter ] --START--
INFO: Run Behavior\WriteHtmlCacheBehavior [ RunTime:0.000800s ]
INFO: [ view_filter ] --END-- [ RunTime:0.000859s ]
INFO: [ app_end ] --START--
INFO: Run Behavior\ShowPageTraceBehavior [ RunTime:0.000984s ]
INFO: [ app_end ] --END-- [ RunTime:0.001047s ]

[ 2016-01-13T00:53:26+08:00 ] 127.0.0.1 /index.php/Admin/Brand/add.html
INFO: [ app_init ] --START--
INFO: Run Behavior\BuildLiteBehavior [ RunTime:0.000013s ]
INFO: [ app_init ] --END-- [ RunTime:0.000649s ]
INFO: [ app_begin ] --START--
INFO: Run Behavior\ReadHtmlCacheBehavior [ RunTime:0.001031s ]
INFO: [ app_begin ] --END-- [ RunTime:0.001080s ]
SQL: SHOW COLUMNS FROM `brand` [ RunTime:0.0110s ]
INFO: [ view_parse ] --START--
INFO: [ template_filter ] --START--
INFO: Run Behavior\ContentReplaceBehavior [ RunTime:0.000134s ]
INFO: [ template_filter ] --END-- [ RunTime:0.000206s ]
NOTIC: [8] Undefined variable: name F:\shop\admin.shop.com\Runtime\Cache\Admin\54ccd992c639a25c44015efb6e64393b.php 第 29 行.
NOTIC: [8] Undefined variable: url F:\shop\admin.shop.com\Runtime\Cache\Admin\54ccd992c639a25c44015efb6e64393b.php 第 36 行.
NOTIC: [8] Undefined variable: intro F:\shop\admin.shop.com\Runtime\Cache\Admin\54ccd992c639a25c44015efb6e64393b.php 第 62 行.
NOTIC: [8] Undefined variable: id F:\shop\admin.shop.com\Runtime\Cache\Admin\54ccd992c639a25c44015efb6e64393b.php 第 74 行.
INFO: Run Behavior\ParseTemplateBehavior [ RunTime:0.011056s ]
INFO: [ view_parse ] --END-- [ RunTime:0.011140s ]
INFO: [ view_filter ] --START--
INFO: Run Behavior\WriteHtmlCacheBehavior [ RunTime:0.000650s ]
INFO: [ view_filter ] --END-- [ RunTime:0.000688s ]
INFO: [ app_end ] --START--
INFO: Run Behavior\ShowPageTraceBehavior [ RunTime:0.000877s ]
INFO: [ app_end ] --END-- [ RunTime:0.000924s ]

[ 2016-01-13T00:53:27+08:00 ] 127.0.0.1 /index.php/Admin/Brand/add.html
INFO: [ app_init ] --START--
INFO: Run Behavior\BuildLiteBehavior [ RunTime:0.000013s ]
INFO: [ app_init ] --END-- [ RunTime:0.000651s ]
INFO: [ app_begin ] --START--
INFO: Run Behavior\ReadHtmlCacheBehavior [ RunTime:0.001200s ]
INFO: [ app_begin ] --END-- [ RunTime:0.001297s ]
SQL: SHOW COLUMNS FROM `brand` [ RunTime:0.0109s ]
INFO: [ view_parse ] --START--
INFO: [ template_filter ] --START--
INFO: Run Behavior\ContentReplaceBehavior [ RunTime:0.000141s ]
INFO: [ template_filter ] --END-- [ RunTime:0.000217s ]
NOTIC: [8] Undefined variable: name F:\shop\admin.shop.com\Runtime\Cache\Admin\54ccd992c639a25c44015efb6e64393b.php 第 29 行.
NOTIC: [8] Undefined variable: url F:\shop\admin.shop.com\Runtime\Cache\Admin\54ccd992c639a25c44015efb6e64393b.php 第 36 行.
NOTIC: [8] Undefined variable: intro F:\shop\admin.shop.com\Runtime\Cache\Admin\54ccd992c639a25c44015efb6e64393b.php 第 62 行.
NOTIC: [8] Undefined variable: id F:\shop\admin.shop.com\Runtime\Cache\Admin\54ccd992c639a25c44015efb6e64393b.php 第 74 行.
INFO: Run Behavior\ParseTemplateBehavior [ RunTime:0.011582s ]
INFO: [ view_parse ] --END-- [ RunTime:0.011650s ]
INFO: [ view_filter ] --START--
INFO: Run Behavior\WriteHtmlCacheBehavior [ RunTime:0.000804s ]
INFO: [ view_filter ] --END-- [ RunTime:0.000852s ]
INFO: [ app_end ] --START--
INFO: Run Behavior\ShowPageTraceBehavior [ RunTime:0.000876s ]
INFO: [ app_end ] --END-- [ RunTime:0.000916s ]

[ 2016-01-13T00:53:28+08:00 ] 127.0.0.1 /index.php/Admin/Brand/add.html
INFO: [ app_init ] --START--
INFO: Run Behavior\BuildLiteBehavior [ RunTime:0.000015s ]
INFO: [ app_init ] --END-- [ RunTime:0.000767s ]
INFO: [ app_begin ] --START--
INFO: Run Behavior\ReadHtmlCacheBehavior [ RunTime:0.001398s ]
INFO: [ app_begin ] --END-- [ RunTime:0.001463s ]
SQL: SHOW COLUMNS FROM `brand` [ RunTime:0.0181s ]
INFO: [ view_parse ] --START--
INFO: [ template_filter ] --START--
INFO: Run Behavior\ContentReplaceBehavior [ RunTime:0.000085s ]
INFO: [ template_filter ] --END-- [ RunTime:0.000134s ]
NOTIC: [8] Undefined variable: name F:\shop\admin.shop.com\Runtime\Cache\Admin\54ccd992c639a25c44015efb6e64393b.php 第 29 行.
NOTIC: [8] Undefined variable: url F:\shop\admin.shop.com\Runtime\Cache\Admin\54ccd992c639a25c44015efb6e64393b.php 第 36 行.
NOTIC: [8] Undefined variable: intro F:\shop\admin.shop.com\Runtime\Cache\Admin\54ccd992c639a25c44015efb6e64393b.php 第 62 行.
NOTIC: [8] Undefined variable: id F:\shop\admin.shop.com\Runtime\Cache\Admin\54ccd992c639a25c44015efb6e64393b.php 第 74 行.
INFO: Run Behavior\ParseTemplateBehavior [ RunTime:0.010198s ]
INFO: [ view_parse ] --END-- [ RunTime:0.010252s ]
INFO: [ view_filter ] --START--
INFO: Run Behavior\WriteHtmlCacheBehavior [ RunTime:0.000697s ]
INFO: [ view_filter ] --END-- [ RunTime:0.000739s ]
INFO: [ app_end ] --START--
INFO: Run Behavior\ShowPageTraceBehavior [ RunTime:0.000783s ]
INFO: [ app_end ] --END-- [ RunTime:0.000823s ]

[ 2016-01-13T00:53:28+08:00 ] 127.0.0.1 /index.php/Admin/Brand/add.html
INFO: [ app_init ] --START--
INFO: Run Behavior\BuildLiteBehavior [ RunTime:0.000014s ]
INFO: [ app_init ] --END-- [ RunTime:0.000595s ]
INFO: [ app_begin ] --START--
INFO: Run Behavior\ReadHtmlCacheBehavior [ RunTime:0.000724s ]
INFO: [ app_begin ] --END-- [ RunTime:0.000771s ]
SQL: SHOW COLUMNS FROM `brand` [ RunTime:0.0176s ]
INFO: [ view_parse ] --START--
INFO: [ template_filter ] --START--
INFO: Run Behavior\ContentReplaceBehavior [ RunTime:0.000132s ]
INFO: [ template_filter ] --END-- [ RunTime:0.000211s ]
NOTIC: [8] Undefined variable: name F:\shop\admin.shop.com\Runtime\Cache\Admin\54ccd992c639a25c44015efb6e64393b.php 第 29 行.
NOTIC: [8] Undefined variable: url F:\shop\admin.shop.com\Runtime\Cache\Admin\54ccd992c639a25c44015efb6e64393b.php 第 36 行.
NOTIC: [8] Undefined variable: intro F:\shop\admin.shop.com\Runtime\Cache\Admin\54ccd992c639a25c44015efb6e64393b.php 第 62 行.
NOTIC: [8] Undefined variable: id F:\shop\admin.shop.com\Runtime\Cache\Admin\54ccd992c639a25c44015efb6e64393b.php 第 74 行.
INFO: Run Behavior\ParseTemplateBehavior [ RunTime:0.009983s ]
INFO: [ view_parse ] --END-- [ RunTime:0.010045s ]
INFO: [ view_filter ] --START--
INFO: Run Behavior\WriteHtmlCacheBehavior [ RunTime:0.000755s ]
INFO: [ view_filter ] --END-- [ RunTime:0.000808s ]
INFO: [ app_end ] --START--
INFO: Run Behavior\ShowPageTraceBehavior [ RunTime:0.001395s ]
INFO: [ app_end ] --END-- [ RunTime:0.001475s ]

[ 2016-01-13T00:53:28+08:00 ] 127.0.0.1 /index.php/Admin/Brand/add.html
INFO: [ app_init ] --START--
INFO: Run Behavior\BuildLiteBehavior [ RunTime:0.000015s ]
INFO: [ app_init ] --END-- [ RunTime:0.000745s ]
INFO: [ app_begin ] --START--
INFO: Run Behavior\ReadHtmlCacheBehavior [ RunTime:0.000887s ]
INFO: [ app_begin ] --END-- [ RunTime:0.000934s ]
SQL: SHOW COLUMNS FROM `brand` [ RunTime:0.0110s ]
INFO: [ view_parse ] --START--
INFO: [ template_filter ] --START--
INFO: Run Behavior\ContentReplaceBehavior [ RunTime:0.000085s ]
INFO: [ template_filter ] --END-- [ RunTime:0.000130s ]
NOTIC: [8] Undefined variable: name F:\shop\admin.shop.com\Runtime\Cache\Admin\54ccd992c639a25c44015efb6e64393b.php 第 29 行.
NOTIC: [8] Undefined variable: url F:\shop\admin.shop.com\Runtime\Cache\Admin\54ccd992c639a25c44015efb6e64393b.php 第 36 行.
NOTIC: [8] Undefined variable: intro F:\shop\admin.shop.com\Runtime\Cache\Admin\54ccd992c639a25c44015efb6e64393b.php 第 62 行.
NOTIC: [8] Undefined variable: id F:\shop\admin.shop.com\Runtime\Cache\Admin\54ccd992c639a25c44015efb6e64393b.php 第 74 行.
INFO: Run Behavior\ParseTemplateBehavior [ RunTime:0.009678s ]
INFO: [ view_parse ] --END-- [ RunTime:0.009734s ]
INFO: [ view_filter ] --START--
INFO: Run Behavior\WriteHtmlCacheBehavior [ RunTime:0.000611s ]
INFO: [ view_filter ] --END-- [ RunTime:0.000646s ]
INFO: [ app_end ] --START--
INFO: Run Behavior\ShowPageTraceBehavior [ RunTime:0.001055s ]
INFO: [ app_end ] --END-- [ RunTime:0.001114s ]

[ 2016-01-13T00:53:28+08:00 ] 127.0.0.1 /index.php/Admin/Brand/add.html
INFO: [ app_init ] --START--
INFO: Run Behavior\BuildLiteBehavior [ RunTime:0.000026s ]
INFO: [ app_init ] --END-- [ RunTime:0.001762s ]
INFO: [ app_begin ] --START--
INFO: Run Behavior\ReadHtmlCacheBehavior [ RunTime:0.001363s ]
INFO: [ app_begin ] --END-- [ RunTime:0.001427s ]
SQL: SHOW COLUMNS FROM `brand` [ RunTime:0.0273s ]
INFO: [ view_parse ] --START--
INFO: [ template_filter ] --START--
INFO: Run Behavior\ContentReplaceBehavior [ RunTime:0.000083s ]
INFO: [ template_filter ] --END-- [ RunTime:0.000128s ]
NOTIC: [8] Undefined variable: name F:\shop\admin.shop.com\Runtime\Cache\Admin\54ccd992c639a25c44015efb6e64393b.php 第 29 行.
NOTIC: [8] Undefined variable: url F:\shop\admin.shop.com\Runtime\Cache\Admin\54ccd992c639a25c44015efb6e64393b.php 第 36 行.
NOTIC: [8] Undefined variable: intro F:\shop\admin.shop.com\Runtime\Cache\Admin\54ccd992c639a25c44015efb6e64393b.php 第 62 行.
NOTIC: [8] Undefined variable: id F:\shop\admin.shop.com\Runtime\Cache\Admin\54ccd992c639a25c44015efb6e64393b.php 第 74 行.
INFO: Run Behavior\ParseTemplateBehavior [ RunTime:0.009205s ]
INFO: [ view_parse ] --END-- [ RunTime:0.009259s ]
INFO: [ view_filter ] --START--
INFO: Run Behavior\WriteHtmlCacheBehavior [ RunTime:0.000501s ]
INFO: [ view_filter ] --END-- [ RunTime:0.000536s ]
INFO: [ app_end ] --START--
INFO: Run Behavior\ShowPageTraceBehavior [ RunTime:0.000733s ]
INFO: [ app_end ] --END-- [ RunTime:0.000769s ]

[ 2016-01-13T00:53:28+08:00 ] 127.0.0.1 /index.php/Admin/Brand/add.html
INFO: [ app_init ] --START--
INFO: Run Behavior\BuildLiteBehavior [ RunTime:0.000012s ]
INFO: [ app_init ] --END-- [ RunTime:0.000635s ]
INFO: [ app_begin ] --START--
INFO: Run Behavior\ReadHtmlCacheBehavior [ RunTime:0.000857s ]
INFO: [ app_begin ] --END-- [ RunTime:0.000906s ]
SQL: SHOW COLUMNS FROM `brand` [ RunTime:0.0118s ]
INFO: [ view_parse ] --START--
INFO: [ template_filter ] --START--
INFO: Run Behavior\ContentReplaceBehavior [ RunTime:0.000123s ]
INFO: [ template_filter ] --END-- [ RunTime:0.000195s ]
NOTIC: [8] Undefined variable: name F:\shop\admin.shop.com\Runtime\Cache\Admin\54ccd992c639a25c44015efb6e64393b.php 第 29 行.
NOTIC: [8] Undefined variable: url F:\shop\admin.shop.com\Runtime\Cache\Admin\54ccd992c639a25c44015efb6e64393b.php 第 36 行.
NOTIC: [8] Undefined variable: intro F:\shop\admin.shop.com\Runtime\Cache\Admin\54ccd992c639a25c44015efb6e64393b.php 第 62 行.
NOTIC: [8] Undefined variable: id F:\shop\admin.shop.com\Runtime\Cache\Admin\54ccd992c639a25c44015efb6e64393b.php 第 74 行.
INFO: Run Behavior\ParseTemplateBehavior [ RunTime:0.011425s ]
INFO: [ view_parse ] --END-- [ RunTime:0.011475s ]
INFO: [ view_filter ] --START--
INFO: Run Behavior\WriteHtmlCacheBehavior [ RunTime:0.000644s ]
INFO: [ view_filter ] --END-- [ RunTime:0.000682s ]
INFO: [ app_end ] --START--
INFO: Run Behavior\ShowPageTraceBehavior [ RunTime:0.001052s ]
INFO: [ app_end ] --END-- [ RunTime:0.001097s ]

[ 2016-01-13T00:53:29+08:00 ] 127.0.0.1 /index.php/Admin/Brand/add.html
INFO: [ app_init ] --START--
INFO: Run Behavior\BuildLiteBehavior [ RunTime:0.000014s ]
INFO: [ app_init ] --END-- [ RunTime:0.000591s ]
INFO: [ app_begin ] --START--
INFO: Run Behavior\ReadHtmlCacheBehavior [ RunTime:0.000746s ]
INFO: [ app_begin ] --END-- [ RunTime:0.000790s ]
SQL: SHOW COLUMNS FROM `brand` [ RunTime:0.0117s ]
INFO: [ view_parse ] --START--
INFO: [ template_filter ] --START--
INFO: Run Behavior\ContentReplaceBehavior [ RunTime:0.000086s ]
INFO: [ template_filter ] --END-- [ RunTime:0.000134s ]
NOTIC: [8] Undefined variable: name F:\shop\admin.shop.com\Runtime\Cache\Admin\54ccd992c639a25c44015efb6e64393b.php 第 29 行.
NOTIC: [8] Undefined variable: url F:\shop\admin.shop.com\Runtime\Cache\Admin\54ccd992c639a25c44015efb6e64393b.php 第 36 行.
NOTIC: [8] Undefined variable: intro F:\shop\admin.shop.com\Runtime\Cache\Admin\54ccd992c639a25c44015efb6e64393b.php 第 62 行.
NOTIC: [8] Undefined variable: id F:\shop\admin.shop.com\Runtime\Cache\Admin\54ccd992c639a25c44015efb6e64393b.php 第 74 行.
INFO: Run Behavior\ParseTemplateBehavior [ RunTime:0.009154s ]
INFO: [ view_parse ] --END-- [ RunTime:0.009215s ]
INFO: [ view_filter ] --START--
INFO: Run Behavior\WriteHtmlCacheBehavior [ RunTime:0.000527s ]
INFO: [ view_filter ] --END-- [ RunTime:0.000587s ]
INFO: [ app_end ] --START--
INFO: Run Behavior\ShowPageTraceBehavior [ RunTime:0.001044s ]
INFO: [ app_end ] --END-- [ RunTime:0.001190s ]

[ 2016-01-13T00:53:29+08:00 ] 127.0.0.1 /index.php/Admin/Brand/add.html
INFO: [ app_init ] --START--
INFO: Run Behavior\BuildLiteBehavior [ RunTime:0.000022s ]
INFO: [ app_init ] --END-- [ RunTime:0.000872s ]
INFO: [ app_begin ] --START--
INFO: Run Behavior\ReadHtmlCacheBehavior [ RunTime:0.001158s ]
INFO: [ app_begin ] --END-- [ RunTime:0.001250s ]
SQL: SHOW COLUMNS FROM `brand` [ RunTime:0.0164s ]
INFO: [ view_parse ] --START--
INFO: [ template_filter ] --START--
INFO: Run Behavior\ContentReplaceBehavior [ RunTime:0.000134s ]
INFO: [ template_filter ] --END-- [ RunTime:0.000208s ]
NOTIC: [8] Undefined variable: name F:\shop\admin.shop.com\Runtime\Cache\Admin\54ccd992c639a25c44015efb6e64393b.php 第 29 行.
NOTIC: [8] Undefined variable: url F:\shop\admin.shop.com\Runtime\Cache\Admin\54ccd992c639a25c44015efb6e64393b.php 第 36 行.
NOTIC: [8] Undefined variable: intro F:\shop\admin.shop.com\Runtime\Cache\Admin\54ccd992c639a25c44015efb6e64393b.php 第 62 行.
NOTIC: [8] Undefined variable: id F:\shop\admin.shop.com\Runtime\Cache\Admin\54ccd992c639a25c44015efb6e64393b.php 第 74 行.
INFO: Run Behavior\ParseTemplateBehavior [ RunTime:0.011653s ]
INFO: [ view_parse ] --END-- [ RunTime:0.011741s ]
INFO: [ view_filter ] --START--
INFO: Run Behavior\WriteHtmlCacheBehavior [ RunTime:0.000689s ]
INFO: [ view_filter ] --END-- [ RunTime:0.000746s ]
INFO: [ app_end ] --START--
INFO: Run Behavior\ShowPageTraceBehavior [ RunTime:0.001079s ]
INFO: [ app_end ] --END-- [ RunTime:0.001145s ]

[ 2016-01-13T00:53:29+08:00 ] 127.0.0.1 /index.php/Admin/Brand/add.html
INFO: [ app_init ] --START--
INFO: Run Behavior\BuildLiteBehavior [ RunTime:0.000025s ]
INFO: [ app_init ] --END-- [ RunTime:0.001159s ]
INFO: [ app_begin ] --START--
INFO: Run Behavior\ReadHtmlCacheBehavior [ RunTime:0.002627s ]
INFO: [ app_begin ] --END-- [ RunTime:0.003032s ]
SQL: SHOW COLUMNS FROM `brand` [ RunTime:0.0236s ]
INFO: [ view_parse ] --START--
INFO: [ template_filter ] --START--
INFO: Run Behavior\ContentReplaceBehavior [ RunTime:0.000137s ]
INFO: [ template_filter ] --END-- [ RunTime:0.000215s ]
NOTIC: [8] Undefined variable: name F:\shop\admin.shop.com\Runtime\Cache\Admin\54ccd992c639a25c44015efb6e64393b.php 第 29 行.
NOTIC: [8] Undefined variable: url F:\shop\admin.shop.com\Runtime\Cache\Admin\54ccd992c639a25c44015efb6e64393b.php 第 36 行.
NOTIC: [8] Undefined variable: intro F:\shop\admin.shop.com\Runtime\Cache\Admin\54ccd992c639a25c44015efb6e64393b.php 第 62 行.
NOTIC: [8] Undefined variable: id F:\shop\admin.shop.com\Runtime\Cache\Admin\54ccd992c639a25c44015efb6e64393b.php 第 74 行.
INFO: Run Behavior\ParseTemplateBehavior [ RunTime:0.013934s ]
INFO: [ view_parse ] --END-- [ RunTime:0.014052s ]
INFO: [ view_filter ] --START--
INFO: Run Behavior\WriteHtmlCacheBehavior [ RunTime:0.001066s ]
INFO: [ view_filter ] --END-- [ RunTime:0.001160s ]
INFO: [ app_end ] --START--
INFO: Run Behavior\ShowPageTraceBehavior [ RunTime:0.001908s ]
INFO: [ app_end ] --END-- [ RunTime:0.001994s ]

[ 2016-01-13T00:53:30+08:00 ] 127.0.0.1 /index.php/Admin/Brand/add.html
INFO: [ app_init ] --START--
INFO: Run Behavior\BuildLiteBehavior [ RunTime:0.000014s ]
INFO: [ app_init ] --END-- [ RunTime:0.000617s ]
INFO: [ app_begin ] --START--
INFO: Run Behavior\ReadHtmlCacheBehavior [ RunTime:0.000766s ]
INFO: [ app_begin ] --END-- [ RunTime:0.000816s ]
SQL: SHOW COLUMNS FROM `brand` [ RunTime:0.0269s ]
INFO: [ view_parse ] --START--
INFO: [ template_filter ] --START--
INFO: Run Behavior\ContentReplaceBehavior [ RunTime:0.000177s ]
INFO: [ template_filter ] --END-- [ RunTime:0.000261s ]
NOTIC: [8] Undefined variable: name F:\shop\admin.shop.com\Runtime\Cache\Admin\54ccd992c639a25c44015efb6e64393b.php 第 29 行.
NOTIC: [8] Undefined variable: url F:\shop\admin.shop.com\Runtime\Cache\Admin\54ccd992c639a25c44015efb6e64393b.php 第 36 行.
NOTIC: [8] Undefined variable: intro F:\shop\admin.shop.com\Runtime\Cache\Admin\54ccd992c639a25c44015efb6e64393b.php 第 62 行.
NOTIC: [8] Undefined variable: id F:\shop\admin.shop.com\Runtime\Cache\Admin\54ccd992c639a25c44015efb6e64393b.php 第 74 行.
INFO: Run Behavior\ParseTemplateBehavior [ RunTime:0.012179s ]
INFO: [ view_parse ] --END-- [ RunTime:0.012264s ]
INFO: [ view_filter ] --START--
INFO: Run Behavior\WriteHtmlCacheBehavior [ RunTime:0.000631s ]
INFO: [ view_filter ] --END-- [ RunTime:0.000678s ]
INFO: [ app_end ] --START--
INFO: Run Behavior\ShowPageTraceBehavior [ RunTime:0.000793s ]
INFO: [ app_end ] --END-- [ RunTime:0.000842s ]

[ 2016-01-13T01:14:41+08:00 ] 127.0.0.1 /index.php/Admin/Brand/add.html
INFO: [ app_init ] --START--
INFO: Run Behavior\BuildLiteBehavior [ RunTime:0.000015s ]
INFO: [ app_init ] --END-- [ RunTime:0.000800s ]
INFO: [ app_begin ] --START--
INFO: Run Behavior\ReadHtmlCacheBehavior [ RunTime:0.000904s ]
INFO: [ app_begin ] --END-- [ RunTime:0.000953s ]
SQL: SHOW COLUMNS FROM `brand` [ RunTime:0.0564s ]
INFO: [ view_parse ] --START--
INFO: [ template_filter ] --START--
INFO: Run Behavior\ContentReplaceBehavior [ RunTime:0.000089s ]
INFO: [ template_filter ] --END-- [ RunTime:0.000134s ]
NOTIC: [8] Undefined variable: name F:\shop\admin.shop.com\Runtime\Cache\Admin\54ccd992c639a25c44015efb6e64393b.php 第 29 行.
NOTIC: [8] Undefined variable: url F:\shop\admin.shop.com\Runtime\Cache\Admin\54ccd992c639a25c44015efb6e64393b.php 第 36 行.
NOTIC: [8] Undefined variable: intro F:\shop\admin.shop.com\Runtime\Cache\Admin\54ccd992c639a25c44015efb6e64393b.php 第 62 行.
NOTIC: [8] Undefined variable: id F:\shop\admin.shop.com\Runtime\Cache\Admin\54ccd992c639a25c44015efb6e64393b.php 第 74 行.
INFO: Run Behavior\ParseTemplateBehavior [ RunTime:0.011375s ]
INFO: [ view_parse ] --END-- [ RunTime:0.011431s ]
INFO: [ view_filter ] --START--
INFO: Run Behavior\WriteHtmlCacheBehavior [ RunTime:0.000696s ]
INFO: [ view_filter ] --END-- [ RunTime:0.000732s ]
INFO: [ app_end ] --START--
INFO: Run Behavior\ShowPageTraceBehavior [ RunTime:0.000931s ]
INFO: [ app_end ] --END-- [ RunTime:0.000973s ]

[ 2016-01-13T01:16:57+08:00 ] 127.0.0.1 /index.php/Admin/Brand/add.html
INFO: [ app_init ] --START--
INFO: Run Behavior\BuildLiteBehavior [ RunTime:0.000017s ]
INFO: [ app_init ] --END-- [ RunTime:0.000768s ]
INFO: [ app_begin ] --START--
INFO: Run Behavior\ReadHtmlCacheBehavior [ RunTime:0.000894s ]
INFO: [ app_begin ] --END-- [ RunTime:0.000943s ]
SQL: SHOW COLUMNS FROM `brand` [ RunTime:0.0255s ]
INFO: [ view_parse ] --START--
INFO: [ template_filter ] --START--
INFO: Run Behavior\ContentReplaceBehavior [ RunTime:0.000139s ]
INFO: [ template_filter ] --END-- [ RunTime:0.000207s ]
NOTIC: [8] Undefined variable: name F:\shop\admin.shop.com\Runtime\Cache\Admin\54ccd992c639a25c44015efb6e64393b.php 第 29 行.
NOTIC: [8] Undefined variable: url F:\shop\admin.shop.com\Runtime\Cache\Admin\54ccd992c639a25c44015efb6e64393b.php 第 36 行.
NOTIC: [8] Undefined variable: intro F:\shop\admin.shop.com\Runtime\Cache\Admin\54ccd992c639a25c44015efb6e64393b.php 第 62 行.
NOTIC: [8] Undefined variable: id F:\shop\admin.shop.com\Runtime\Cache\Admin\54ccd992c639a25c44015efb6e64393b.php 第 74 行.
INFO: Run Behavior\ParseTemplateBehavior [ RunTime:0.010142s ]
INFO: [ view_parse ] --END-- [ RunTime:0.010206s ]
INFO: [ view_filter ] --START--
INFO: Run Behavior\WriteHtmlCacheBehavior [ RunTime:0.000592s ]
INFO: [ view_filter ] --END-- [ RunTime:0.000626s ]
INFO: [ app_end ] --START--
INFO: Run Behavior\ShowPageTraceBehavior [ RunTime:0.000826s ]
INFO: [ app_end ] --END-- [ RunTime:0.000865s ]

[ 2016-01-13T01:17:01+08:00 ] 127.0.0.1 /index.php/Admin/Brand/add.html
INFO: [ app_init ] --START--
INFO: Run Behavior\BuildLiteBehavior [ RunTime:0.000014s ]
INFO: [ app_init ] --END-- [ RunTime:0.000729s ]
INFO: [ app_begin ] --START--
INFO: Run Behavior\ReadHtmlCacheBehavior [ RunTime:0.000997s ]
INFO: [ app_begin ] --END-- [ RunTime:0.001062s ]
SQL: SHOW COLUMNS FROM `brand` [ RunTime:0.0104s ]
INFO: [ view_parse ] --START--
INFO: [ template_filter ] --START--
INFO: Run Behavior\ContentReplaceBehavior [ RunTime:0.000120s ]
INFO: [ template_filter ] --END-- [ RunTime:0.000180s ]
NOTIC: [8] Undefined variable: name F:\shop\admin.shop.com\Runtime\Cache\Admin\54ccd992c639a25c44015efb6e64393b.php 第 29 行.
NOTIC: [8] Undefined variable: url F:\shop\admin.shop.com\Runtime\Cache\Admin\54ccd992c639a25c44015efb6e64393b.php 第 36 行.
NOTIC: [8] Undefined variable: intro F:\shop\admin.shop.com\Runtime\Cache\Admin\54ccd992c639a25c44015efb6e64393b.php 第 62 行.
NOTIC: [8] Undefined variable: id F:\shop\admin.shop.com\Runtime\Cache\Admin\54ccd992c639a25c44015efb6e64393b.php 第 74 行.
INFO: Run Behavior\ParseTemplateBehavior [ RunTime:0.010754s ]
INFO: [ view_parse ] --END-- [ RunTime:0.010805s ]
INFO: [ view_filter ] --START--
INFO: Run Behavior\WriteHtmlCacheBehavior [ RunTime:0.000730s ]
INFO: [ view_filter ] --END-- [ RunTime:0.000781s ]
INFO: [ app_end ] --START--
INFO: Run Behavior\ShowPageTraceBehavior [ RunTime:0.001416s ]
INFO: [ app_end ] --END-- [ RunTime:0.001474s ]

[ 2016-01-13T01:17:03+08:00 ] 127.0.0.1 /index.php/Admin/Brand/add.html
INFO: [ app_init ] --START--
INFO: Run Behavior\BuildLiteBehavior [ RunTime:0.000013s ]
INFO: [ app_init ] --END-- [ RunTime:0.000578s ]
INFO: [ app_begin ] --START--
INFO: Run Behavior\ReadHtmlCacheBehavior [ RunTime:0.000712s ]
INFO: [ app_begin ] --END-- [ RunTime:0.000755s ]
SQL: SHOW COLUMNS FROM `brand` [ RunTime:0.0111s ]
INFO: [ view_parse ] --START--
INFO: [ template_filter ] --START--
INFO: Run Behavior\ContentReplaceBehavior [ RunTime:0.000090s ]
INFO: [ template_filter ] --END-- [ RunTime:0.000141s ]
NOTIC: [8] Undefined variable: name F:\shop\admin.shop.com\Runtime\Cache\Admin\54ccd992c639a25c44015efb6e64393b.php 第 29 行.
NOTIC: [8] Undefined variable: url F:\shop\admin.shop.com\Runtime\Cache\Admin\54ccd992c639a25c44015efb6e64393b.php 第 36 行.
NOTIC: [8] Undefined variable: intro F:\shop\admin.shop.com\Runtime\Cache\Admin\54ccd992c639a25c44015efb6e64393b.php 第 62 行.
NOTIC: [8] Undefined variable: id F:\shop\admin.shop.com\Runtime\Cache\Admin\54ccd992c639a25c44015efb6e64393b.php 第 74 行.
INFO: Run Behavior\ParseTemplateBehavior [ RunTime:0.009355s ]
INFO: [ view_parse ] --END-- [ RunTime:0.009423s ]
INFO: [ view_filter ] --START--
INFO: Run Behavior\WriteHtmlCacheBehavior [ RunTime:0.000836s ]
INFO: [ view_filter ] --END-- [ RunTime:0.000902s ]
INFO: [ app_end ] --START--
INFO: Run Behavior\ShowPageTraceBehavior [ RunTime:0.001060s ]
INFO: [ app_end ] --END-- [ RunTime:0.001112s ]

[ 2016-01-13T01:17:04+08:00 ] 127.0.0.1 /index.php/Admin/Brand/add.html
INFO: [ app_init ] --START--
INFO: Run Behavior\BuildLiteBehavior [ RunTime:0.000016s ]
INFO: [ app_init ] --END-- [ RunTime:0.000637s ]
INFO: [ app_begin ] --START--
INFO: Run Behavior\ReadHtmlCacheBehavior [ RunTime:0.000908s ]
INFO: [ app_begin ] --END-- [ RunTime:0.000957s ]
SQL: SHOW COLUMNS FROM `brand` [ RunTime:0.0109s ]
INFO: [ view_parse ] --START--
INFO: [ template_filter ] --START--
INFO: Run Behavior\ContentReplaceBehavior [ RunTime:0.000085s ]
INFO: [ template_filter ] --END-- [ RunTime:0.000132s ]
NOTIC: [8] Undefined variable: name F:\shop\admin.shop.com\Runtime\Cache\Admin\54ccd992c639a25c44015efb6e64393b.php 第 29 行.
NOTIC: [8] Undefined variable: url F:\shop\admin.shop.com\Runtime\Cache\Admin\54ccd992c639a25c44015efb6e64393b.php 第 36 行.
NOTIC: [8] Undefined variable: intro F:\shop\admin.shop.com\Runtime\Cache\Admin\54ccd992c639a25c44015efb6e64393b.php 第 62 行.
NOTIC: [8] Undefined variable: id F:\shop\admin.shop.com\Runtime\Cache\Admin\54ccd992c639a25c44015efb6e64393b.php 第 74 行.
INFO: Run Behavior\ParseTemplateBehavior [ RunTime:0.012107s ]
INFO: [ view_parse ] --END-- [ RunTime:0.012172s ]
INFO: [ view_filter ] --START--
INFO: Run Behavior\WriteHtmlCacheBehavior [ RunTime:0.001360s ]
INFO: [ view_filter ] --END-- [ RunTime:0.001417s ]
INFO: [ app_end ] --START--
INFO: Run Behavior\ShowPageTraceBehavior [ RunTime:0.001185s ]
INFO: [ app_end ] --END-- [ RunTime:0.001251s ]

[ 2016-01-13T01:17:04+08:00 ] 127.0.0.1 /index.php/Admin/Brand/add.html
INFO: [ app_init ] --START--
INFO: Run Behavior\BuildLiteBehavior [ RunTime:0.000014s ]
INFO: [ app_init ] --END-- [ RunTime:0.000645s ]
INFO: [ app_begin ] --START--
INFO: Run Behavior\ReadHtmlCacheBehavior [ RunTime:0.000942s ]
INFO: [ app_begin ] --END-- [ RunTime:0.000993s ]
SQL: SHOW COLUMNS FROM `brand` [ RunTime:0.0280s ]
INFO: [ view_parse ] --START--
INFO: [ template_filter ] --START--
INFO: Run Behavior\ContentReplaceBehavior [ RunTime:0.000085s ]
INFO: [ template_filter ] --END-- [ RunTime:0.000133s ]
NOTIC: [8] Undefined variable: name F:\shop\admin.shop.com\Runtime\Cache\Admin\54ccd992c639a25c44015efb6e64393b.php 第 29 行.
NOTIC: [8] Undefined variable: url F:\shop\admin.shop.com\Runtime\Cache\Admin\54ccd992c639a25c44015efb6e64393b.php 第 36 行.
NOTIC: [8] Undefined variable: intro F:\shop\admin.shop.com\Runtime\Cache\Admin\54ccd992c639a25c44015efb6e64393b.php 第 62 行.
NOTIC: [8] Undefined variable: id F:\shop\admin.shop.com\Runtime\Cache\Admin\54ccd992c639a25c44015efb6e64393b.php 第 74 行.
INFO: Run Behavior\ParseTemplateBehavior [ RunTime:0.009561s ]
INFO: [ view_parse ] --END-- [ RunTime:0.009629s ]
INFO: [ view_filter ] --START--
INFO: Run Behavior\WriteHtmlCacheBehavior [ RunTime:0.000584s ]
INFO: [ view_filter ] --END-- [ RunTime:0.000620s ]
INFO: [ app_end ] --START--
INFO: Run Behavior\ShowPageTraceBehavior [ RunTime:0.000872s ]
INFO: [ app_end ] --END-- [ RunTime:0.000911s ]

[ 2016-01-13T01:17:04+08:00 ] 127.0.0.1 /index.php/Admin/Brand/add.html
INFO: [ app_init ] --START--
INFO: Run Behavior\BuildLiteBehavior [ RunTime:0.000013s ]
INFO: [ app_init ] --END-- [ RunTime:0.000576s ]
INFO: [ app_begin ] --START--
INFO: Run Behavior\ReadHtmlCacheBehavior [ RunTime:0.000725s ]
INFO: [ app_begin ] --END-- [ RunTime:0.000768s ]
SQL: SHOW COLUMNS FROM `brand` [ RunTime:0.0187s ]
INFO: [ view_parse ] --START--
INFO: [ template_filter ] --START--
INFO: Run Behavior\ContentReplaceBehavior [ RunTime:0.000123s ]
INFO: [ template_filter ] --END-- [ RunTime:0.000188s ]
NOTIC: [8] Undefined variable: name F:\shop\admin.shop.com\Runtime\Cache\Admin\54ccd992c639a25c44015efb6e64393b.php 第 29 行.
NOTIC: [8] Undefined variable: url F:\shop\admin.shop.com\Runtime\Cache\Admin\54ccd992c639a25c44015efb6e64393b.php 第 36 行.
NOTIC: [8] Undefined variable: intro F:\shop\admin.shop.com\Runtime\Cache\Admin\54ccd992c639a25c44015efb6e64393b.php 第 62 行.
NOTIC: [8] Undefined variable: id F:\shop\admin.shop.com\Runtime\Cache\Admin\54ccd992c639a25c44015efb6e64393b.php 第 74 行.
INFO: Run Behavior\ParseTemplateBehavior [ RunTime:0.011055s ]
INFO: [ view_parse ] --END-- [ RunTime:0.011112s ]
INFO: [ view_filter ] --START--
INFO: Run Behavior\WriteHtmlCacheBehavior [ RunTime:0.000518s ]
INFO: [ view_filter ] --END-- [ RunTime:0.000553s ]
INFO: [ app_end ] --START--
INFO: Run Behavior\ShowPageTraceBehavior [ RunTime:0.000723s ]
INFO: [ app_end ] --END-- [ RunTime:0.000760s ]

[ 2016-01-13T01:17:05+08:00 ] 127.0.0.1 /index.php/Admin/Brand/add.html
INFO: [ app_init ] --START--
INFO: Run Behavior\BuildLiteBehavior [ RunTime:0.000014s ]
INFO: [ app_init ] --END-- [ RunTime:0.000630s ]
INFO: [ app_begin ] --START--
INFO: Run Behavior\ReadHtmlCacheBehavior [ RunTime:0.000719s ]
INFO: [ app_begin ] --END-- [ RunTime:0.000783s ]
SQL: SHOW COLUMNS FROM `brand` [ RunTime:0.0108s ]
INFO: [ view_parse ] --START--
INFO: [ template_filter ] --START--
INFO: Run Behavior\ContentReplaceBehavior [ RunTime:0.000087s ]
INFO: [ template_filter ] --END-- [ RunTime:0.000138s ]
NOTIC: [8] Undefined variable: name F:\shop\admin.shop.com\Runtime\Cache\Admin\54ccd992c639a25c44015efb6e64393b.php 第 29 行.
NOTIC: [8] Undefined variable: url F:\shop\admin.shop.com\Runtime\Cache\Admin\54ccd992c639a25c44015efb6e64393b.php 第 36 行.
NOTIC: [8] Undefined variable: intro F:\shop\admin.shop.com\Runtime\Cache\Admin\54ccd992c639a25c44015efb6e64393b.php 第 62 行.
NOTIC: [8] Undefined variable: id F:\shop\admin.shop.com\Runtime\Cache\Admin\54ccd992c639a25c44015efb6e64393b.php 第 74 行.
INFO: Run Behavior\ParseTemplateBehavior [ RunTime:0.009167s ]
INFO: [ view_parse ] --END-- [ RunTime:0.009296s ]
INFO: [ view_filter ] --START--
INFO: Run Behavior\WriteHtmlCacheBehavior [ RunTime:0.000782s ]
INFO: [ view_filter ] --END-- [ RunTime:0.000844s ]
INFO: [ app_end ] --START--
INFO: Run Behavior\ShowPageTraceBehavior [ RunTime:0.001164s ]
INFO: [ app_end ] --END-- [ RunTime:0.001243s ]

[ 2016-01-13T01:20:34+08:00 ] 127.0.0.1 /index.php/Admin/Brand/add.html
INFO: [ app_init ] --START--
INFO: Run Behavior\BuildLiteBehavior [ RunTime:0.000014s ]
INFO: [ app_init ] --END-- [ RunTime:0.000653s ]
INFO: [ app_begin ] --START--
INFO: Run Behavior\ReadHtmlCacheBehavior [ RunTime:0.000868s ]
INFO: [ app_begin ] --END-- [ RunTime:0.000914s ]
SQL: SHOW COLUMNS FROM `brand` [ RunTime:0.0117s ]
INFO: [ view_parse ] --START--
INFO: [ template_filter ] --START--
INFO: Run Behavior\ContentReplaceBehavior [ RunTime:0.000139s ]
INFO: [ template_filter ] --END-- [ RunTime:0.000217s ]
NOTIC: [8] Undefined variable: name F:\shop\admin.shop.com\Runtime\Cache\Admin\54ccd992c639a25c44015efb6e64393b.php 第 30 行.
NOTIC: [8] Undefined variable: url F:\shop\admin.shop.com\Runtime\Cache\Admin\54ccd992c639a25c44015efb6e64393b.php 第 37 行.
NOTIC: [8] Undefined variable: intro F:\shop\admin.shop.com\Runtime\Cache\Admin\54ccd992c639a25c44015efb6e64393b.php 第 63 行.
NOTIC: [8] Undefined variable: id F:\shop\admin.shop.com\Runtime\Cache\Admin\54ccd992c639a25c44015efb6e64393b.php 第 75 行.
INFO: Run Behavior\ParseTemplateBehavior [ RunTime:0.010937s ]
INFO: [ view_parse ] --END-- [ RunTime:0.010995s ]
INFO: [ view_filter ] --START--
INFO: Run Behavior\WriteHtmlCacheBehavior [ RunTime:0.000879s ]
INFO: [ view_filter ] --END-- [ RunTime:0.000937s ]
INFO: [ app_end ] --START--
INFO: Run Behavior\ShowPageTraceBehavior [ RunTime:0.000925s ]
INFO: [ app_end ] --END-- [ RunTime:0.000963s ]

[ 2016-01-13T01:21:11+08:00 ] 127.0.0.1 /index.php/Admin/Brand/add.html
INFO: [ app_init ] --START--
INFO: Run Behavior\BuildLiteBehavior [ RunTime:0.000014s ]
INFO: [ app_init ] --END-- [ RunTime:0.000645s ]
INFO: [ app_begin ] --START--
INFO: Run Behavior\ReadHtmlCacheBehavior [ RunTime:0.000903s ]
INFO: [ app_begin ] --END-- [ RunTime:0.000951s ]
SQL: SHOW COLUMNS FROM `brand` [ RunTime:0.0235s ]
INFO: [ view_parse ] --START--
INFO: [ template_filter ] --START--
INFO: Run Behavior\ContentReplaceBehavior [ RunTime:0.000089s ]
INFO: [ template_filter ] --END-- [ RunTime:0.000136s ]
NOTIC: [8] Undefined variable: name F:\shop\admin.shop.com\Runtime\Cache\Admin\54ccd992c639a25c44015efb6e64393b.php 第 30 行.
NOTIC: [8] Undefined variable: url F:\shop\admin.shop.com\Runtime\Cache\Admin\54ccd992c639a25c44015efb6e64393b.php 第 37 行.
NOTIC: [8] Undefined variable: intro F:\shop\admin.shop.com\Runtime\Cache\Admin\54ccd992c639a25c44015efb6e64393b.php 第 63 行.
NOTIC: [8] Undefined variable: id F:\shop\admin.shop.com\Runtime\Cache\Admin\54ccd992c639a25c44015efb6e64393b.php 第 75 行.
INFO: Run Behavior\ParseTemplateBehavior [ RunTime:0.010609s ]
INFO: [ view_parse ] --END-- [ RunTime:0.010678s ]
INFO: [ view_filter ] --START--
INFO: Run Behavior\WriteHtmlCacheBehavior [ RunTime:0.000632s ]
INFO: [ view_filter ] --END-- [ RunTime:0.000668s ]
INFO: [ app_end ] --START--
INFO: Run Behavior\ShowPageTraceBehavior [ RunTime:0.000864s ]
INFO: [ app_end ] --END-- [ RunTime:0.000900s ]

[ 2016-01-13T01:21:12+08:00 ] 127.0.0.1 /index.php/Admin/Brand/add.html
INFO: [ app_init ] --START--
INFO: Run Behavior\BuildLiteBehavior [ RunTime:0.000018s ]
INFO: [ app_init ] --END-- [ RunTime:0.001274s ]
INFO: [ app_begin ] --START--
INFO: Run Behavior\ReadHtmlCacheBehavior [ RunTime:0.001515s ]
INFO: [ app_begin ] --END-- [ RunTime:0.001586s ]
SQL: SHOW COLUMNS FROM `brand` [ RunTime:0.0241s ]
INFO: [ view_parse ] --START--
INFO: [ template_filter ] --START--
INFO: Run Behavior\ContentReplaceBehavior [ RunTime:0.000131s ]
INFO: [ template_filter ] --END-- [ RunTime:0.000198s ]
NOTIC: [8] Undefined variable: name F:\shop\admin.shop.com\Runtime\Cache\Admin\54ccd992c639a25c44015efb6e64393b.php 第 30 行.
NOTIC: [8] Undefined variable: url F:\shop\admin.shop.com\Runtime\Cache\Admin\54ccd992c639a25c44015efb6e64393b.php 第 37 行.
NOTIC: [8] Undefined variable: intro F:\shop\admin.shop.com\Runtime\Cache\Admin\54ccd992c639a25c44015efb6e64393b.php 第 63 行.
NOTIC: [8] Undefined variable: id F:\shop\admin.shop.com\Runtime\Cache\Admin\54ccd992c639a25c44015efb6e64393b.php 第 75 行.
INFO: Run Behavior\ParseTemplateBehavior [ RunTime:0.011164s ]
INFO: [ view_parse ] --END-- [ RunTime:0.011229s ]
INFO: [ view_filter ] --START--
INFO: Run Behavior\WriteHtmlCacheBehavior [ RunTime:0.000630s ]
INFO: [ view_filter ] --END-- [ RunTime:0.000678s ]
INFO: [ app_end ] --START--
INFO: Run Behavior\ShowPageTraceBehavior [ RunTime:0.000948s ]
INFO: [ app_end ] --END-- [ RunTime:0.000991s ]

[ 2016-01-13T01:21:12+08:00 ] 127.0.0.1 /index.php/Admin/Brand/add.html
INFO: [ app_init ] --START--
INFO: Run Behavior\BuildLiteBehavior [ RunTime:0.000013s ]
INFO: [ app_init ] --END-- [ RunTime:0.000545s ]
INFO: [ app_begin ] --START--
INFO: Run Behavior\ReadHtmlCacheBehavior [ RunTime:0.000718s ]
INFO: [ app_begin ] --END-- [ RunTime:0.000763s ]
SQL: SHOW COLUMNS FROM `brand` [ RunTime:0.1035s ]
INFO: [ view_parse ] --START--
INFO: [ template_filter ] --START--
INFO: Run Behavior\ContentReplaceBehavior [ RunTime:0.000155s ]
INFO: [ template_filter ] --END-- [ RunTime:0.000254s ]
NOTIC: [8] Undefined variable: name F:\shop\admin.shop.com\Runtime\Cache\Admin\54ccd992c639a25c44015efb6e64393b.php 第 30 行.
NOTIC: [8] Undefined variable: url F:\shop\admin.shop.com\Runtime\Cache\Admin\54ccd992c639a25c44015efb6e64393b.php 第 37 行.
NOTIC: [8] Undefined variable: intro F:\shop\admin.shop.com\Runtime\Cache\Admin\54ccd992c639a25c44015efb6e64393b.php 第 63 行.
NOTIC: [8] Undefined variable: id F:\shop\admin.shop.com\Runtime\Cache\Admin\54ccd992c639a25c44015efb6e64393b.php 第 75 行.
INFO: Run Behavior\ParseTemplateBehavior [ RunTime:0.010666s ]
INFO: [ view_parse ] --END-- [ RunTime:0.010728s ]
INFO: [ view_filter ] --START--
INFO: Run Behavior\WriteHtmlCacheBehavior [ RunTime:0.000538s ]
INFO: [ view_filter ] --END-- [ RunTime:0.000598s ]
INFO: [ app_end ] --START--
INFO: Run Behavior\ShowPageTraceBehavior [ RunTime:0.000891s ]
INFO: [ app_end ] --END-- [ RunTime:0.000939s ]

[ 2016-01-13T01:21:12+08:00 ] 127.0.0.1 /index.php/Admin/Brand/add.html
INFO: [ app_init ] --START--
INFO: Run Behavior\BuildLiteBehavior [ RunTime:0.000013s ]
INFO: [ app_init ] --END-- [ RunTime:0.000623s ]
INFO: [ app_begin ] --START--
INFO: Run Behavior\ReadHtmlCacheBehavior [ RunTime:0.001765s ]
INFO: [ app_begin ] --END-- [ RunTime:0.001822s ]
SQL: SHOW COLUMNS FROM `brand` [ RunTime:0.0103s ]
INFO: [ view_parse ] --START--
INFO: [ template_filter ] --START--
INFO: Run Behavior\ContentReplaceBehavior [ RunTime:0.000138s ]
INFO: [ template_filter ] --END-- [ RunTime:0.000220s ]
NOTIC: [8] Undefined variable: name F:\shop\admin.shop.com\Runtime\Cache\Admin\54ccd992c639a25c44015efb6e64393b.php 第 30 行.
NOTIC: [8] Undefined variable: url F:\shop\admin.shop.com\Runtime\Cache\Admin\54ccd992c639a25c44015efb6e64393b.php 第 37 行.
NOTIC: [8] Undefined variable: intro F:\shop\admin.shop.com\Runtime\Cache\Admin\54ccd992c639a25c44015efb6e64393b.php 第 63 行.
NOTIC: [8] Undefined variable: id F:\shop\admin.shop.com\Runtime\Cache\Admin\54ccd992c639a25c44015efb6e64393b.php 第 75 行.
INFO: Run Behavior\ParseTemplateBehavior [ RunTime:0.011001s ]
INFO: [ view_parse ] --END-- [ RunTime:0.011068s ]
INFO: [ view_filter ] --START--
INFO: Run Behavior\WriteHtmlCacheBehavior [ RunTime:0.000586s ]
INFO: [ view_filter ] --END-- [ RunTime:0.000643s ]
INFO: [ app_end ] --START--
INFO: Run Behavior\ShowPageTraceBehavior [ RunTime:0.000757s ]
INFO: [ app_end ] --END-- [ RunTime:0.000795s ]

[ 2016-01-13T01:21:13+08:00 ] 127.0.0.1 /index.php/Admin/Brand/add.html
INFO: [ app_init ] --START--
INFO: Run Behavior\BuildLiteBehavior [ RunTime:0.000016s ]
INFO: [ app_init ] --END-- [ RunTime:0.000988s ]
INFO: [ app_begin ] --START--
INFO: Run Behavior\ReadHtmlCacheBehavior [ RunTime:0.000874s ]
INFO: [ app_begin ] --END-- [ RunTime:0.000918s ]
SQL: SHOW COLUMNS FROM `brand` [ RunTime:0.0242s ]
INFO: [ view_parse ] --START--
INFO: [ template_filter ] --START--
INFO: Run Behavior\ContentReplaceBehavior [ RunTime:0.000084s ]
INFO: [ template_filter ] --END-- [ RunTime:0.000129s ]
NOTIC: [8] Undefined variable: name F:\shop\admin.shop.com\Runtime\Cache\Admin\54ccd992c639a25c44015efb6e64393b.php 第 30 行.
NOTIC: [8] Undefined variable: url F:\shop\admin.shop.com\Runtime\Cache\Admin\54ccd992c639a25c44015efb6e64393b.php 第 37 行.
NOTIC: [8] Undefined variable: intro F:\shop\admin.shop.com\Runtime\Cache\Admin\54ccd992c639a25c44015efb6e64393b.php 第 63 行.
NOTIC: [8] Undefined variable: id F:\shop\admin.shop.com\Runtime\Cache\Admin\54ccd992c639a25c44015efb6e64393b.php 第 75 行.
INFO: Run Behavior\ParseTemplateBehavior [ RunTime:0.010554s ]
INFO: [ view_parse ] --END-- [ RunTime:0.010607s ]
INFO: [ view_filter ] --START--
INFO: Run Behavior\WriteHtmlCacheBehavior [ RunTime:0.000606s ]
INFO: [ view_filter ] --END-- [ RunTime:0.000639s ]
INFO: [ app_end ] --START--
INFO: Run Behavior\ShowPageTraceBehavior [ RunTime:0.000866s ]
INFO: [ app_end ] --END-- [ RunTime:0.000904s ]

[ 2016-01-13T01:21:14+08:00 ] 127.0.0.1 /index.php/Admin/Brand/add.html
INFO: [ app_init ] --START--
INFO: Run Behavior\BuildLiteBehavior [ RunTime:0.000022s ]
INFO: [ app_init ] --END-- [ RunTime:0.000772s ]
INFO: [ app_begin ] --START--
INFO: Run Behavior\ReadHtmlCacheBehavior [ RunTime:0.001328s ]
INFO: [ app_begin ] --END-- [ RunTime:0.001420s ]
SQL: SHOW COLUMNS FROM `brand` [ RunTime:0.0261s ]
INFO: [ view_parse ] --START--
INFO: [ template_filter ] --START--
INFO: Run Behavior\ContentReplaceBehavior [ RunTime:0.000086s ]
INFO: [ template_filter ] --END-- [ RunTime:0.000130s ]
NOTIC: [8] Undefined variable: name F:\shop\admin.shop.com\Runtime\Cache\Admin\54ccd992c639a25c44015efb6e64393b.php 第 30 行.
NOTIC: [8] Undefined variable: url F:\shop\admin.shop.com\Runtime\Cache\Admin\54ccd992c639a25c44015efb6e64393b.php 第 37 行.
NOTIC: [8] Undefined variable: intro F:\shop\admin.shop.com\Runtime\Cache\Admin\54ccd992c639a25c44015efb6e64393b.php 第 63 行.
NOTIC: [8] Undefined variable: id F:\shop\admin.shop.com\Runtime\Cache\Admin\54ccd992c639a25c44015efb6e64393b.php 第 75 行.
INFO: Run Behavior\ParseTemplateBehavior [ RunTime:0.010806s ]
INFO: [ view_parse ] --END-- [ RunTime:0.010926s ]
INFO: [ view_filter ] --START--
INFO: Run Behavior\WriteHtmlCacheBehavior [ RunTime:0.001023s ]
INFO: [ view_filter ] --END-- [ RunTime:0.001073s ]
INFO: [ app_end ] --START--
INFO: Run Behavior\ShowPageTraceBehavior [ RunTime:0.001074s ]
INFO: [ app_end ] --END-- [ RunTime:0.001116s ]

[ 2016-01-13T01:21:14+08:00 ] 127.0.0.1 /index.php/Admin/Brand/add.html
INFO: [ app_init ] --START--
INFO: Run Behavior\BuildLiteBehavior [ RunTime:0.000023s ]
INFO: [ app_init ] --END-- [ RunTime:0.000722s ]
INFO: [ app_begin ] --START--
INFO: Run Behavior\ReadHtmlCacheBehavior [ RunTime:0.001280s ]
INFO: [ app_begin ] --END-- [ RunTime:0.001453s ]
SQL: SHOW COLUMNS FROM `brand` [ RunTime:0.0123s ]
INFO: [ view_parse ] --START--
INFO: [ template_filter ] --START--
INFO: Run Behavior\ContentReplaceBehavior [ RunTime:0.000095s ]
INFO: [ template_filter ] --END-- [ RunTime:0.000154s ]
NOTIC: [8] Undefined variable: name F:\shop\admin.shop.com\Runtime\Cache\Admin\54ccd992c639a25c44015efb6e64393b.php 第 30 行.
NOTIC: [8] Undefined variable: url F:\shop\admin.shop.com\Runtime\Cache\Admin\54ccd992c639a25c44015efb6e64393b.php 第 37 行.
NOTIC: [8] Undefined variable: intro F:\shop\admin.shop.com\Runtime\Cache\Admin\54ccd992c639a25c44015efb6e64393b.php 第 63 行.
NOTIC: [8] Undefined variable: id F:\shop\admin.shop.com\Runtime\Cache\Admin\54ccd992c639a25c44015efb6e64393b.php 第 75 行.
INFO: Run Behavior\ParseTemplateBehavior [ RunTime:0.008071s ]
INFO: [ view_parse ] --END-- [ RunTime:0.008118s ]
INFO: [ view_filter ] --START--
INFO: Run Behavior\WriteHtmlCacheBehavior [ RunTime:0.000507s ]
INFO: [ view_filter ] --END-- [ RunTime:0.000540s ]
INFO: [ app_end ] --START--
INFO: Run Behavior\ShowPageTraceBehavior [ RunTime:0.000724s ]
INFO: [ app_end ] --END-- [ RunTime:0.000771s ]

[ 2016-01-13T01:22:44+08:00 ] 127.0.0.1 /index.php/Admin/Brand/add.html
INFO: [ app_init ] --START--
INFO: Run Behavior\BuildLiteBehavior [ RunTime:0.000013s ]
INFO: [ app_init ] --END-- [ RunTime:0.000629s ]
INFO: [ app_begin ] --START--
INFO: Run Behavior\ReadHtmlCacheBehavior [ RunTime:0.000915s ]
INFO: [ app_begin ] --END-- [ RunTime:0.000964s ]
SQL: SHOW COLUMNS FROM `brand` [ RunTime:0.0107s ]
INFO: [ view_parse ] --START--
INFO: [ template_filter ] --START--
INFO: Run Behavior\ContentReplaceBehavior [ RunTime:0.000138s ]
INFO: [ template_filter ] --END-- [ RunTime:0.000211s ]
NOTIC: [8] Undefined variable: name F:\shop\admin.shop.com\Runtime\Cache\Admin\54ccd992c639a25c44015efb6e64393b.php 第 30 行.
NOTIC: [8] Undefined variable: url F:\shop\admin.shop.com\Runtime\Cache\Admin\54ccd992c639a25c44015efb6e64393b.php 第 37 行.
NOTIC: [8] Undefined variable: intro F:\shop\admin.shop.com\Runtime\Cache\Admin\54ccd992c639a25c44015efb6e64393b.php 第 63 行.
NOTIC: [8] Undefined variable: id F:\shop\admin.shop.com\Runtime\Cache\Admin\54ccd992c639a25c44015efb6e64393b.php 第 75 行.
INFO: Run Behavior\ParseTemplateBehavior [ RunTime:0.010897s ]
INFO: [ view_parse ] --END-- [ RunTime:0.010966s ]
INFO: [ view_filter ] --START--
INFO: Run Behavior\WriteHtmlCacheBehavior [ RunTime:0.000854s ]
INFO: [ view_filter ] --END-- [ RunTime:0.000899s ]
INFO: [ app_end ] --START--
INFO: Run Behavior\ShowPageTraceBehavior [ RunTime:0.001158s ]
INFO: [ app_end ] --END-- [ RunTime:0.001206s ]

[ 2016-01-13T01:22:44+08:00 ] 127.0.0.1 /index.php/Admin/Brand/add.html
INFO: [ app_init ] --START--
INFO: Run Behavior\BuildLiteBehavior [ RunTime:0.000014s ]
INFO: [ app_init ] --END-- [ RunTime:0.000589s ]
INFO: [ app_begin ] --START--
INFO: Run Behavior\ReadHtmlCacheBehavior [ RunTime:0.000802s ]
INFO: [ app_begin ] --END-- [ RunTime:0.000861s ]
SQL: SHOW COLUMNS FROM `brand` [ RunTime:0.0215s ]
INFO: [ view_parse ] --START--
INFO: [ template_filter ] --START--
INFO: Run Behavior\ContentReplaceBehavior [ RunTime:0.000132s ]
INFO: [ template_filter ] --END-- [ RunTime:0.000205s ]
NOTIC: [8] Undefined variable: name F:\shop\admin.shop.com\Runtime\Cache\Admin\54ccd992c639a25c44015efb6e64393b.php 第 30 行.
NOTIC: [8] Undefined variable: url F:\shop\admin.shop.com\Runtime\Cache\Admin\54ccd992c639a25c44015efb6e64393b.php 第 37 行.
NOTIC: [8] Undefined variable: intro F:\shop\admin.shop.com\Runtime\Cache\Admin\54ccd992c639a25c44015efb6e64393b.php 第 63 行.
NOTIC: [8] Undefined variable: id F:\shop\admin.shop.com\Runtime\Cache\Admin\54ccd992c639a25c44015efb6e64393b.php 第 75 行.
INFO: Run Behavior\ParseTemplateBehavior [ RunTime:0.010254s ]
INFO: [ view_parse ] --END-- [ RunTime:0.010324s ]
INFO: [ view_filter ] --START--
INFO: Run Behavior\WriteHtmlCacheBehavior [ RunTime:0.000475s ]
INFO: [ view_filter ] --END-- [ RunTime:0.000509s ]
INFO: [ app_end ] --START--
INFO: Run Behavior\ShowPageTraceBehavior [ RunTime:0.000651s ]
INFO: [ app_end ] --END-- [ RunTime:0.000685s ]

[ 2016-01-13T01:22:44+08:00 ] 127.0.0.1 /index.php/Admin/Brand/add.html
INFO: [ app_init ] --START--
INFO: Run Behavior\BuildLiteBehavior [ RunTime:0.000014s ]
INFO: [ app_init ] --END-- [ RunTime:0.000648s ]
INFO: [ app_begin ] --START--
INFO: Run Behavior\ReadHtmlCacheBehavior [ RunTime:0.000932s ]
INFO: [ app_begin ] --END-- [ RunTime:0.000984s ]
SQL: SHOW COLUMNS FROM `brand` [ RunTime:0.0107s ]
INFO: [ view_parse ] --START--
INFO: [ template_filter ] --START--
INFO: Run Behavior\ContentReplaceBehavior [ RunTime:0.000089s ]
INFO: [ template_filter ] --END-- [ RunTime:0.000139s ]
NOTIC: [8] Undefined variable: name F:\shop\admin.shop.com\Runtime\Cache\Admin\54ccd992c639a25c44015efb6e64393b.php 第 30 行.
NOTIC: [8] Undefined variable: url F:\shop\admin.shop.com\Runtime\Cache\Admin\54ccd992c639a25c44015efb6e64393b.php 第 37 行.
NOTIC: [8] Undefined variable: intro F:\shop\admin.shop.com\Runtime\Cache\Admin\54ccd992c639a25c44015efb6e64393b.php 第 63 行.
NOTIC: [8] Undefined variable: id F:\shop\admin.shop.com\Runtime\Cache\Admin\54ccd992c639a25c44015efb6e64393b.php 第 75 行.
INFO: Run Behavior\ParseTemplateBehavior [ RunTime:0.012147s ]
INFO: [ view_parse ] --END-- [ RunTime:0.012202s ]
INFO: [ view_filter ] --START--
INFO: Run Behavior\WriteHtmlCacheBehavior [ RunTime:0.000912s ]
INFO: [ view_filter ] --END-- [ RunTime:0.001017s ]
INFO: [ app_end ] --START--
INFO: Run Behavior\ShowPageTraceBehavior [ RunTime:0.000963s ]
INFO: [ app_end ] --END-- [ RunTime:0.001002s ]

[ 2016-01-13T01:22:44+08:00 ] 127.0.0.1 /index.php/Admin/Brand/add.html
INFO: [ app_init ] --START--
INFO: Run Behavior\BuildLiteBehavior [ RunTime:0.000013s ]
INFO: [ app_init ] --END-- [ RunTime:0.000577s ]
INFO: [ app_begin ] --START--
INFO: Run Behavior\ReadHtmlCacheBehavior [ RunTime:0.000715s ]
INFO: [ app_begin ] --END-- [ RunTime:0.000759s ]
SQL: SHOW COLUMNS FROM `brand` [ RunTime:0.0101s ]
INFO: [ view_parse ] --START--
INFO: [ template_filter ] --START--
INFO: Run Behavior\ContentReplaceBehavior [ RunTime:0.000129s ]
INFO: [ template_filter ] --END-- [ RunTime:0.000215s ]
NOTIC: [8] Undefined variable: name F:\shop\admin.shop.com\Runtime\Cache\Admin\54ccd992c639a25c44015efb6e64393b.php 第 30 行.
NOTIC: [8] Undefined variable: url F:\shop\admin.shop.com\Runtime\Cache\Admin\54ccd992c639a25c44015efb6e64393b.php 第 37 行.
NOTIC: [8] Undefined variable: intro F:\shop\admin.shop.com\Runtime\Cache\Admin\54ccd992c639a25c44015efb6e64393b.php 第 63 行.
NOTIC: [8] Undefined variable: id F:\shop\admin.shop.com\Runtime\Cache\Admin\54ccd992c639a25c44015efb6e64393b.php 第 75 行.
INFO: Run Behavior\ParseTemplateBehavior [ RunTime:0.012393s ]
INFO: [ view_parse ] --END-- [ RunTime:0.012460s ]
INFO: [ view_filter ] --START--
INFO: Run Behavior\WriteHtmlCacheBehavior [ RunTime:0.000731s ]
INFO: [ view_filter ] --END-- [ RunTime:0.000786s ]
INFO: [ app_end ] --START--
INFO: Run Behavior\ShowPageTraceBehavior [ RunTime:0.001044s ]
INFO: [ app_end ] --END-- [ RunTime:0.001107s ]

[ 2016-01-13T01:22:45+08:00 ] 127.0.0.1 /index.php/Admin/Brand/add.html
INFO: [ app_init ] --START--
INFO: Run Behavior\BuildLiteBehavior [ RunTime:0.000015s ]
INFO: [ app_init ] --END-- [ RunTime:0.000653s ]
INFO: [ app_begin ] --START--
INFO: Run Behavior\ReadHtmlCacheBehavior [ RunTime:0.000764s ]
INFO: [ app_begin ] --END-- [ RunTime:0.000821s ]
SQL: SHOW COLUMNS FROM `brand` [ RunTime:0.0179s ]
INFO: [ view_parse ] --START--
INFO: [ template_filter ] --START--
INFO: Run Behavior\ContentReplaceBehavior [ RunTime:0.000133s ]
INFO: [ template_filter ] --END-- [ RunTime:0.000205s ]
NOTIC: [8] Undefined variable: name F:\shop\admin.shop.com\Runtime\Cache\Admin\54ccd992c639a25c44015efb6e64393b.php 第 30 行.
NOTIC: [8] Undefined variable: url F:\shop\admin.shop.com\Runtime\Cache\Admin\54ccd992c639a25c44015efb6e64393b.php 第 37 行.
NOTIC: [8] Undefined variable: intro F:\shop\admin.shop.com\Runtime\Cache\Admin\54ccd992c639a25c44015efb6e64393b.php 第 63 行.
NOTIC: [8] Undefined variable: id F:\shop\admin.shop.com\Runtime\Cache\Admin\54ccd992c639a25c44015efb6e64393b.php 第 75 行.
INFO: Run Behavior\ParseTemplateBehavior [ RunTime:0.010707s ]
INFO: [ view_parse ] --END-- [ RunTime:0.010758s ]
INFO: [ view_filter ] --START--
INFO: Run Behavior\WriteHtmlCacheBehavior [ RunTime:0.000834s ]
INFO: [ view_filter ] --END-- [ RunTime:0.000891s ]
INFO: [ app_end ] --START--
INFO: Run Behavior\ShowPageTraceBehavior [ RunTime:0.001315s ]
INFO: [ app_end ] --END-- [ RunTime:0.001374s ]

