[ 2016-01-10T09:16:39+08:00 ] 127.0.0.1 /
INFO: [ app_init ] --START--
INFO: Run Behavior\BuildLiteBehavior [ RunTime:0.000066s ]
INFO: [ app_init ] --END-- [ RunTime:0.003035s ]
INFO: [ app_begin ] --START--
INFO: Run Behavior\ReadHtmlCacheBehavior [ RunTime:0.019469s ]
INFO: [ app_begin ] --END-- [ RunTime:0.019788s ]
INFO: [ view_parse ] --START--
INFO: [ template_filter ] --START--
INFO: Run Behavior\ContentReplaceBehavior [ RunTime:0.000242s ]
INFO: [ template_filter ] --END-- [ RunTime:0.000455s ]
INFO: Run Behavior\ParseTemplateBehavior [ RunTime:0.069552s ]
INFO: [ view_parse ] --END-- [ RunTime:0.069775s ]
INFO: [ view_filter ] --START--
INFO: Run Behavior\WriteHtmlCacheBehavior [ RunTime:0.019024s ]
INFO: [ view_filter ] --END-- [ RunTime:0.019259s ]
INFO: [ app_end ] --START--
INFO: Run Behavior\ShowPageTraceBehavior [ RunTime:0.004116s ]
INFO: [ app_end ] --END-- [ RunTime:0.004314s ]

[ 2016-01-10T09:16:40+08:00 ] 127.0.0.1 /index.php/Admin/Index/top.html
INFO: [ app_init ] --START--
INFO: Run Behavior\BuildLiteBehavior [ RunTime:0.000026s ]
INFO: [ app_init ] --END-- [ RunTime:0.000946s ]
INFO: [ app_begin ] --START--
INFO: Run Behavior\ReadHtmlCacheBehavior [ RunTime:0.000855s ]
INFO: [ app_begin ] --END-- [ RunTime:0.000930s ]
INFO: [ view_parse ] --START--
INFO: [ template_filter ] --START--
INFO: Run Behavior\ContentReplaceBehavior [ RunTime:0.000333s ]
INFO: [ template_filter ] --END-- [ RunTime:0.000564s ]
INFO: Run Behavior\ParseTemplateBehavior [ RunTime:0.168720s ]
INFO: [ view_parse ] --END-- [ RunTime:0.168996s ]
INFO: [ view_filter ] --START--
INFO: Run Behavior\WriteHtmlCacheBehavior [ RunTime:0.001917s ]
INFO: [ view_filter ] --END-- [ RunTime:0.002102s ]
INFO: [ app_end ] --START--
INFO: Run Behavior\ShowPageTraceBehavior [ RunTime:0.003563s ]
INFO: [ app_end ] --END-- [ RunTime:0.003778s ]

[ 2016-01-10T09:16:40+08:00 ] 127.0.0.1 /index.php/Admin/Index/menu.html
INFO: [ app_init ] --START--
INFO: Run Behavior\BuildLiteBehavior [ RunTime:0.000028s ]
INFO: [ app_init ] --END-- [ RunTime:0.001330s ]
INFO: [ app_begin ] --START--
INFO: Run Behavior\ReadHtmlCacheBehavior [ RunTime:0.001699s ]
INFO: [ app_begin ] --END-- [ RunTime:0.001799s ]
INFO: [ view_parse ] --START--
INFO: [ template_filter ] --START--
INFO: Run Behavior\ContentReplaceBehavior [ RunTime:0.000714s ]
INFO: [ template_filter ] --END-- [ RunTime:0.000999s ]
INFO: Run Behavior\ParseTemplateBehavior [ RunTime:0.249597s ]
INFO: [ view_parse ] --END-- [ RunTime:0.249746s ]
INFO: [ view_filter ] --START--
INFO: Run Behavior\WriteHtmlCacheBehavior [ RunTime:0.002469s ]
INFO: [ view_filter ] --END-- [ RunTime:0.002600s ]
INFO: [ app_end ] --START--
INFO: Run Behavior\ShowPageTraceBehavior [ RunTime:0.003416s ]
INFO: [ app_end ] --END-- [ RunTime:0.003601s ]

[ 2016-01-10T09:16:40+08:00 ] 127.0.0.1 /index.php/Admin/Index/drag.html
INFO: [ app_init ] --START--
INFO: Run Behavior\BuildLiteBehavior [ RunTime:0.000043s ]
INFO: [ app_init ] --END-- [ RunTime:0.002068s ]
INFO: [ app_begin ] --START--
INFO: Run Behavior\ReadHtmlCacheBehavior [ RunTime:0.001945s ]
INFO: [ app_begin ] --END-- [ RunTime:0.002049s ]
INFO: [ view_parse ] --START--
INFO: [ template_filter ] --START--
INFO: Run Behavior\ContentReplaceBehavior [ RunTime:0.000174s ]
INFO: [ template_filter ] --END-- [ RunTime:0.000334s ]
INFO: Run Behavior\ParseTemplateBehavior [ RunTime:0.153291s ]
INFO: [ view_parse ] --END-- [ RunTime:0.153514s ]
INFO: [ view_filter ] --START--
INFO: Run Behavior\WriteHtmlCacheBehavior [ RunTime:0.002385s ]
INFO: [ view_filter ] --END-- [ RunTime:0.002512s ]
INFO: [ app_end ] --START--
INFO: Run Behavior\ShowPageTraceBehavior [ RunTime:0.003465s ]
INFO: [ app_end ] --END-- [ RunTime:0.003725s ]

[ 2016-01-10T09:16:40+08:00 ] 127.0.0.1 /index.php/Admin/Index/main.html
INFO: [ app_init ] --START--
INFO: Run Behavior\BuildLiteBehavior [ RunTime:0.000043s ]
INFO: [ app_init ] --END-- [ RunTime:0.002407s ]
INFO: [ app_begin ] --START--
INFO: Run Behavior\ReadHtmlCacheBehavior [ RunTime:0.051623s ]
INFO: [ app_begin ] --END-- [ RunTime:0.051802s ]
INFO: [ view_parse ] --START--
INFO: [ template_filter ] --START--
INFO: Run Behavior\ContentReplaceBehavior [ RunTime:0.000208s ]
INFO: [ template_filter ] --END-- [ RunTime:0.000378s ]
INFO: Run Behavior\ParseTemplateBehavior [ RunTime:0.070236s ]
INFO: [ view_parse ] --END-- [ RunTime:0.070423s ]
INFO: [ view_filter ] --START--
INFO: Run Behavior\WriteHtmlCacheBehavior [ RunTime:0.001491s ]
INFO: [ view_filter ] --END-- [ RunTime:0.001571s ]
INFO: [ app_end ] --START--
INFO: Run Behavior\ShowPageTraceBehavior [ RunTime:0.002299s ]
INFO: [ app_end ] --END-- [ RunTime:0.002420s ]

[ 2016-01-10T09:16:46+08:00 ] 127.0.0.1 /index.php/Admin/Supplier/index.html
INFO: [ app_init ] --START--
INFO: Run Behavior\BuildLiteBehavior [ RunTime:0.000015s ]
INFO: [ app_init ] --END-- [ RunTime:0.000961s ]
INFO: [ app_begin ] --START--
INFO: Run Behavior\ReadHtmlCacheBehavior [ RunTime:0.000739s ]
INFO: [ app_begin ] --END-- [ RunTime:0.000783s ]
SQL: SHOW COLUMNS FROM `supplier` [ RunTime:0.2467s ]
SQL: SELECT COUNT(*) AS tp_count FROM `supplier` WHERE `status` > -1 LIMIT 1   [ RunTime:0.0092s ]
SQL: SELECT * FROM `supplier` WHERE `status` > -1 LIMIT 0,2   [ RunTime:0.0009s ]
INFO: [ view_parse ] --START--
INFO: [ template_filter ] --START--
INFO: Run Behavior\ContentReplaceBehavior [ RunTime:0.000219s ]
INFO: [ template_filter ] --END-- [ RunTime:0.000419s ]
NOTIC: [8] Undefined index: keyword F:\shop\admin.shop.com\Runtime\Cache\Admin\d67fd13698451d696aeea502d2b8b174.php 第 21 行.
INFO: Run Behavior\ParseTemplateBehavior [ RunTime:0.050030s ]
INFO: [ view_parse ] --END-- [ RunTime:0.050324s ]
INFO: [ view_filter ] --START--
INFO: Run Behavior\WriteHtmlCacheBehavior [ RunTime:0.001737s ]
INFO: [ view_filter ] --END-- [ RunTime:0.001898s ]
INFO: [ app_end ] --START--
INFO: Run Behavior\ShowPageTraceBehavior [ RunTime:0.003712s ]
INFO: [ app_end ] --END-- [ RunTime:0.003901s ]

[ 2016-01-10T09:17:34+08:00 ] 127.0.0.1 /index.php/Admin/Supplier/index.html
INFO: [ app_init ] --START--
INFO: Run Behavior\BuildLiteBehavior [ RunTime:0.000016s ]
INFO: [ app_init ] --END-- [ RunTime:0.000604s ]
INFO: [ app_begin ] --START--
INFO: Run Behavior\ReadHtmlCacheBehavior [ RunTime:0.001053s ]
INFO: [ app_begin ] --END-- [ RunTime:0.001143s ]
SQL: SHOW COLUMNS FROM `supplier` [ RunTime:0.0423s ]
SQL: SELECT COUNT(*) AS tp_count FROM `supplier` WHERE `status` > -1 LIMIT 1   [ RunTime:0.0006s ]
SQL: SELECT * FROM `supplier` WHERE `status` > -1 LIMIT 0,2   [ RunTime:0.0007s ]
INFO: [ view_parse ] --START--
INFO: [ template_filter ] --START--
INFO: Run Behavior\ContentReplaceBehavior [ RunTime:0.000146s ]
INFO: [ template_filter ] --END-- [ RunTime:0.000246s ]
NOTIC: [8] Undefined index: keyword F:\shop\admin.shop.com\Runtime\Cache\Admin\d67fd13698451d696aeea502d2b8b174.php 第 21 行.
INFO: Run Behavior\ParseTemplateBehavior [ RunTime:0.051178s ]
INFO: [ view_parse ] --END-- [ RunTime:0.051332s ]
INFO: [ view_filter ] --START--
INFO: Run Behavior\WriteHtmlCacheBehavior [ RunTime:0.001458s ]
INFO: [ view_filter ] --END-- [ RunTime:0.001596s ]
INFO: [ app_end ] --START--
INFO: Run Behavior\ShowPageTraceBehavior [ RunTime:0.001713s ]
INFO: [ app_end ] --END-- [ RunTime:0.001801s ]

[ 2016-01-10T09:21:16+08:00 ] 127.0.0.1 /index.php/Admin/Supplier/index.html
INFO: [ app_init ] --START--
INFO: Run Behavior\BuildLiteBehavior [ RunTime:0.000043s ]
INFO: [ app_init ] --END-- [ RunTime:0.002086s ]
INFO: [ app_begin ] --START--
INFO: Run Behavior\ReadHtmlCacheBehavior [ RunTime:0.003557s ]
INFO: [ app_begin ] --END-- [ RunTime:0.003727s ]
SQL: SHOW COLUMNS FROM `supplier` [ RunTime:0.0063s ]
SQL: SELECT COUNT(*) AS tp_count FROM `supplier` WHERE `status` > -1 LIMIT 1   [ RunTime:0.0010s ]
SQL: SELECT * FROM `supplier` WHERE `status` > -1 LIMIT 0,2   [ RunTime:0.0009s ]
INFO: [ view_parse ] --START--
INFO: [ template_filter ] --START--
INFO: Run Behavior\ContentReplaceBehavior [ RunTime:0.000195s ]
INFO: [ template_filter ] --END-- [ RunTime:0.000325s ]
NOTIC: [8] Undefined index: keyword F:\shop\admin.shop.com\Runtime\Cache\Admin\d67fd13698451d696aeea502d2b8b174.php 第 21 行.
INFO: Run Behavior\ParseTemplateBehavior [ RunTime:0.034742s ]
INFO: [ view_parse ] --END-- [ RunTime:0.034896s ]
INFO: [ view_filter ] --START--
INFO: Run Behavior\WriteHtmlCacheBehavior [ RunTime:0.001784s ]
INFO: [ view_filter ] --END-- [ RunTime:0.001944s ]
INFO: [ app_end ] --START--
INFO: Run Behavior\ShowPageTraceBehavior [ RunTime:0.003375s ]
INFO: [ app_end ] --END-- [ RunTime:0.003549s ]

[ 2016-01-10T09:22:47+08:00 ] 127.0.0.1 /index.php/Admin/Supplier/index.html
INFO: [ app_init ] --START--
INFO: Run Behavior\BuildLiteBehavior [ RunTime:0.000014s ]
INFO: [ app_init ] --END-- [ RunTime:0.000634s ]
INFO: [ app_begin ] --START--
INFO: Run Behavior\ReadHtmlCacheBehavior [ RunTime:0.001014s ]
INFO: [ app_begin ] --END-- [ RunTime:0.001081s ]
SQL: SHOW COLUMNS FROM `supplier` [ RunTime:0.0442s ]
SQL: SELECT COUNT(*) AS tp_count FROM `supplier` WHERE `status` > -1 LIMIT 1   [ RunTime:0.0008s ]
SQL: SELECT * FROM `supplier` WHERE `status` > -1 LIMIT 0,2   [ RunTime:0.0008s ]
INFO: [ view_parse ] --START--
INFO: [ template_filter ] --START--
INFO: Run Behavior\ContentReplaceBehavior [ RunTime:0.000309s ]
INFO: [ template_filter ] --END-- [ RunTime:0.000525s ]
NOTIC: [8] Undefined index: keyword F:\shop\admin.shop.com\Runtime\Cache\Admin\d67fd13698451d696aeea502d2b8b174.php 第 21 行.
INFO: Run Behavior\ParseTemplateBehavior [ RunTime:0.045054s ]
INFO: [ view_parse ] --END-- [ RunTime:0.045203s ]
INFO: [ view_filter ] --START--
INFO: Run Behavior\WriteHtmlCacheBehavior [ RunTime:0.001800s ]
INFO: [ view_filter ] --END-- [ RunTime:0.001907s ]
INFO: [ app_end ] --START--
INFO: Run Behavior\ShowPageTraceBehavior [ RunTime:0.002751s ]
INFO: [ app_end ] --END-- [ RunTime:0.002900s ]

[ 2016-01-10T09:22:47+08:00 ] 127.0.0.1 /index.php/Admin/Supplier/index.html
INFO: [ app_init ] --START--
INFO: Run Behavior\BuildLiteBehavior [ RunTime:0.000013s ]
INFO: [ app_init ] --END-- [ RunTime:0.000614s ]
INFO: [ app_begin ] --START--
INFO: Run Behavior\ReadHtmlCacheBehavior [ RunTime:0.000736s ]
INFO: [ app_begin ] --END-- [ RunTime:0.000779s ]
SQL: SHOW COLUMNS FROM `supplier` [ RunTime:0.0040s ]
SQL: SELECT COUNT(*) AS tp_count FROM `supplier` WHERE `status` > -1 LIMIT 1   [ RunTime:0.0003s ]
SQL: SELECT * FROM `supplier` WHERE `status` > -1 LIMIT 0,2   [ RunTime:0.0003s ]
INFO: [ view_parse ] --START--
INFO: [ template_filter ] --START--
INFO: Run Behavior\ContentReplaceBehavior [ RunTime:0.000067s ]
INFO: [ template_filter ] --END-- [ RunTime:0.000124s ]
NOTIC: [8] Undefined index: keyword F:\shop\admin.shop.com\Runtime\Cache\Admin\d67fd13698451d696aeea502d2b8b174.php 第 21 行.
INFO: Run Behavior\ParseTemplateBehavior [ RunTime:0.010148s ]
INFO: [ view_parse ] --END-- [ RunTime:0.010201s ]
INFO: [ view_filter ] --START--
INFO: Run Behavior\WriteHtmlCacheBehavior [ RunTime:0.000502s ]
INFO: [ view_filter ] --END-- [ RunTime:0.000538s ]
INFO: [ app_end ] --START--
INFO: Run Behavior\ShowPageTraceBehavior [ RunTime:0.000765s ]
INFO: [ app_end ] --END-- [ RunTime:0.000807s ]

[ 2016-01-10T09:33:00+08:00 ] 127.0.0.1 /index.php/Admin/Supplier/index.html
INFO: [ app_init ] --START--
INFO: Run Behavior\BuildLiteBehavior [ RunTime:0.000019s ]
INFO: [ app_init ] --END-- [ RunTime:0.000837s ]
INFO: [ app_begin ] --START--
INFO: Run Behavior\ReadHtmlCacheBehavior [ RunTime:0.001000s ]
INFO: [ app_begin ] --END-- [ RunTime:0.001052s ]
SQL: SHOW COLUMNS FROM `supplier` [ RunTime:0.0041s ]
SQL: SELECT COUNT(*) AS tp_count FROM `supplier` WHERE `status` > -1 LIMIT 1   [ RunTime:0.0003s ]
SQL: SELECT * FROM `supplier` WHERE `status` > -1 LIMIT 0,2   [ RunTime:0.0003s ]
INFO: [ view_parse ] --START--
INFO: [ template_filter ] --START--
INFO: Run Behavior\ContentReplaceBehavior [ RunTime:0.000064s ]
INFO: [ template_filter ] --END-- [ RunTime:0.000109s ]
NOTIC: [8] Undefined index: keyword F:\shop\admin.shop.com\Runtime\Cache\Admin\d67fd13698451d696aeea502d2b8b174.php 第 21 行.
INFO: Run Behavior\ParseTemplateBehavior [ RunTime:0.025129s ]
INFO: [ view_parse ] --END-- [ RunTime:0.025183s ]
INFO: [ view_filter ] --START--
INFO: Run Behavior\WriteHtmlCacheBehavior [ RunTime:0.000589s ]
INFO: [ view_filter ] --END-- [ RunTime:0.000624s ]
INFO: [ app_end ] --START--
INFO: Run Behavior\ShowPageTraceBehavior [ RunTime:0.000812s ]
INFO: [ app_end ] --END-- [ RunTime:0.000850s ]

[ 2016-01-10T09:33:53+08:00 ] 127.0.0.1 /index.php/Admin/Supplier/index.html
INFO: [ app_init ] --START--
INFO: Run Behavior\BuildLiteBehavior [ RunTime:0.000037s ]
INFO: [ app_init ] --END-- [ RunTime:0.001993s ]
INFO: [ app_begin ] --START--
INFO: Run Behavior\ReadHtmlCacheBehavior [ RunTime:0.002804s ]
INFO: [ app_begin ] --END-- [ RunTime:0.002943s ]
SQL: SHOW COLUMNS FROM `supplier` [ RunTime:0.0136s ]
SQL: SELECT COUNT(*) AS tp_count FROM `supplier` WHERE `status` > -1 LIMIT 1   [ RunTime:0.0009s ]
SQL: SELECT * FROM `supplier` WHERE `status` > -1 LIMIT 0,2   [ RunTime:0.0009s ]
INFO: [ view_parse ] --START--
INFO: [ template_filter ] --START--
INFO: Run Behavior\ContentReplaceBehavior [ RunTime:0.000365s ]
INFO: [ template_filter ] --END-- [ RunTime:0.000538s ]
NOTIC: [8] Undefined index: keyword F:\shop\admin.shop.com\Runtime\Cache\Admin\d67fd13698451d696aeea502d2b8b174.php 第 21 行.
INFO: Run Behavior\ParseTemplateBehavior [ RunTime:0.029532s ]
INFO: [ view_parse ] --END-- [ RunTime:0.029778s ]
INFO: [ view_filter ] --START--
INFO: Run Behavior\WriteHtmlCacheBehavior [ RunTime:0.001750s ]
INFO: [ view_filter ] --END-- [ RunTime:0.001857s ]
INFO: [ app_end ] --START--
INFO: Run Behavior\ShowPageTraceBehavior [ RunTime:0.003051s ]
INFO: [ app_end ] --END-- [ RunTime:0.003273s ]

[ 2016-01-10T09:33:53+08:00 ] 127.0.0.1 /index.php/Admin/Supplier/index.html
INFO: [ app_init ] --START--
INFO: Run Behavior\BuildLiteBehavior [ RunTime:0.000013s ]
INFO: [ app_init ] --END-- [ RunTime:0.000566s ]
INFO: [ app_begin ] --START--
INFO: Run Behavior\ReadHtmlCacheBehavior [ RunTime:0.000655s ]
INFO: [ app_begin ] --END-- [ RunTime:0.000698s ]
SQL: SHOW COLUMNS FROM `supplier` [ RunTime:0.0041s ]
SQL: SELECT COUNT(*) AS tp_count FROM `supplier` WHERE `status` > -1 LIMIT 1   [ RunTime:0.0003s ]
SQL: SELECT * FROM `supplier` WHERE `status` > -1 LIMIT 0,2   [ RunTime:0.0003s ]
INFO: [ view_parse ] --START--
INFO: [ template_filter ] --START--
INFO: Run Behavior\ContentReplaceBehavior [ RunTime:0.000063s ]
INFO: [ template_filter ] --END-- [ RunTime:0.000109s ]
NOTIC: [8] Undefined index: keyword F:\shop\admin.shop.com\Runtime\Cache\Admin\d67fd13698451d696aeea502d2b8b174.php 第 21 行.
INFO: Run Behavior\ParseTemplateBehavior [ RunTime:0.008506s ]
INFO: [ view_parse ] --END-- [ RunTime:0.008573s ]
INFO: [ view_filter ] --START--
INFO: Run Behavior\WriteHtmlCacheBehavior [ RunTime:0.000620s ]
INFO: [ view_filter ] --END-- [ RunTime:0.000670s ]
INFO: [ app_end ] --START--
INFO: Run Behavior\ShowPageTraceBehavior [ RunTime:0.001073s ]
INFO: [ app_end ] --END-- [ RunTime:0.001141s ]

[ 2016-01-10T09:33:53+08:00 ] 127.0.0.1 /index.php/Admin/Supplier/index.html
INFO: [ app_init ] --START--
INFO: Run Behavior\BuildLiteBehavior [ RunTime:0.000017s ]
INFO: [ app_init ] --END-- [ RunTime:0.001151s ]
INFO: [ app_begin ] --START--
INFO: Run Behavior\ReadHtmlCacheBehavior [ RunTime:0.000711s ]
INFO: [ app_begin ] --END-- [ RunTime:0.000754s ]
SQL: SHOW COLUMNS FROM `supplier` [ RunTime:0.0041s ]
SQL: SELECT COUNT(*) AS tp_count FROM `supplier` WHERE `status` > -1 LIMIT 1   [ RunTime:0.0003s ]
SQL: SELECT * FROM `supplier` WHERE `status` > -1 LIMIT 0,2   [ RunTime:0.0003s ]
INFO: [ view_parse ] --START--
INFO: [ template_filter ] --START--
INFO: Run Behavior\ContentReplaceBehavior [ RunTime:0.000073s ]
INFO: [ template_filter ] --END-- [ RunTime:0.000134s ]
NOTIC: [8] Undefined index: keyword F:\shop\admin.shop.com\Runtime\Cache\Admin\d67fd13698451d696aeea502d2b8b174.php 第 21 行.
INFO: Run Behavior\ParseTemplateBehavior [ RunTime:0.009123s ]
INFO: [ view_parse ] --END-- [ RunTime:0.009191s ]
INFO: [ view_filter ] --START--
INFO: Run Behavior\WriteHtmlCacheBehavior [ RunTime:0.000694s ]
INFO: [ view_filter ] --END-- [ RunTime:0.000754s ]
INFO: [ app_end ] --START--
INFO: Run Behavior\ShowPageTraceBehavior [ RunTime:0.001004s ]
INFO: [ app_end ] --END-- [ RunTime:0.001059s ]

[ 2016-01-10T09:33:53+08:00 ] 127.0.0.1 /index.php/Admin/Supplier/index.html
INFO: [ app_init ] --START--
INFO: Run Behavior\BuildLiteBehavior [ RunTime:0.000013s ]
INFO: [ app_init ] --END-- [ RunTime:0.000642s ]
INFO: [ app_begin ] --START--
INFO: Run Behavior\ReadHtmlCacheBehavior [ RunTime:0.000859s ]
INFO: [ app_begin ] --END-- [ RunTime:0.000903s ]
SQL: SHOW COLUMNS FROM `supplier` [ RunTime:0.0041s ]
SQL: SELECT COUNT(*) AS tp_count FROM `supplier` WHERE `status` > -1 LIMIT 1   [ RunTime:0.0003s ]
SQL: SELECT * FROM `supplier` WHERE `status` > -1 LIMIT 0,2   [ RunTime:0.0003s ]
INFO: [ view_parse ] --START--
INFO: [ template_filter ] --START--
INFO: Run Behavior\ContentReplaceBehavior [ RunTime:0.000065s ]
INFO: [ template_filter ] --END-- [ RunTime:0.000114s ]
NOTIC: [8] Undefined index: keyword F:\shop\admin.shop.com\Runtime\Cache\Admin\d67fd13698451d696aeea502d2b8b174.php 第 21 行.
INFO: Run Behavior\ParseTemplateBehavior [ RunTime:0.009957s ]
INFO: [ view_parse ] --END-- [ RunTime:0.010031s ]
INFO: [ view_filter ] --START--
INFO: Run Behavior\WriteHtmlCacheBehavior [ RunTime:0.000876s ]
INFO: [ view_filter ] --END-- [ RunTime:0.000937s ]
INFO: [ app_end ] --START--
INFO: Run Behavior\ShowPageTraceBehavior [ RunTime:0.001229s ]
INFO: [ app_end ] --END-- [ RunTime:0.001295s ]

[ 2016-01-10T09:33:54+08:00 ] 127.0.0.1 /index.php/Admin/Supplier/index.html
INFO: [ app_init ] --START--
INFO: Run Behavior\BuildLiteBehavior [ RunTime:0.000013s ]
INFO: [ app_init ] --END-- [ RunTime:0.000627s ]
INFO: [ app_begin ] --START--
INFO: Run Behavior\ReadHtmlCacheBehavior [ RunTime:0.000876s ]
INFO: [ app_begin ] --END-- [ RunTime:0.000922s ]
SQL: SHOW COLUMNS FROM `supplier` [ RunTime:0.0038s ]
SQL: SELECT COUNT(*) AS tp_count FROM `supplier` WHERE `status` > -1 LIMIT 1   [ RunTime:0.0003s ]
SQL: SELECT * FROM `supplier` WHERE `status` > -1 LIMIT 0,2   [ RunTime:0.0003s ]
INFO: [ view_parse ] --START--
INFO: [ template_filter ] --START--
INFO: Run Behavior\ContentReplaceBehavior [ RunTime:0.000063s ]
INFO: [ template_filter ] --END-- [ RunTime:0.000110s ]
NOTIC: [8] Undefined index: keyword F:\shop\admin.shop.com\Runtime\Cache\Admin\d67fd13698451d696aeea502d2b8b174.php 第 21 行.
INFO: Run Behavior\ParseTemplateBehavior [ RunTime:0.010163s ]
INFO: [ view_parse ] --END-- [ RunTime:0.010212s ]
INFO: [ view_filter ] --START--
INFO: Run Behavior\WriteHtmlCacheBehavior [ RunTime:0.000608s ]
INFO: [ view_filter ] --END-- [ RunTime:0.000642s ]
INFO: [ app_end ] --START--
INFO: Run Behavior\ShowPageTraceBehavior [ RunTime:0.000827s ]
INFO: [ app_end ] --END-- [ RunTime:0.000863s ]

[ 2016-01-10T09:34:11+08:00 ] 127.0.0.1 /index.php/Admin/Supplier/index.html
INFO: [ app_init ] --START--
INFO: Run Behavior\BuildLiteBehavior [ RunTime:0.000013s ]
INFO: [ app_init ] --END-- [ RunTime:0.000610s ]
INFO: [ app_begin ] --START--
INFO: Run Behavior\ReadHtmlCacheBehavior [ RunTime:0.000753s ]
INFO: [ app_begin ] --END-- [ RunTime:0.000802s ]
SQL: SHOW COLUMNS FROM `supplier` [ RunTime:0.0049s ]
SQL: SELECT COUNT(*) AS tp_count FROM `supplier` WHERE `status` > -1 LIMIT 1   [ RunTime:0.0003s ]
SQL: SELECT * FROM `supplier` WHERE `status` > -1 LIMIT 0,2   [ RunTime:0.0004s ]
INFO: [ view_parse ] --START--
INFO: [ template_filter ] --START--
INFO: Run Behavior\ContentReplaceBehavior [ RunTime:0.000064s ]
INFO: [ template_filter ] --END-- [ RunTime:0.000108s ]
NOTIC: [8] Undefined index: keyword F:\shop\admin.shop.com\Runtime\Cache\Admin\d67fd13698451d696aeea502d2b8b174.php 第 21 行.
INFO: Run Behavior\ParseTemplateBehavior [ RunTime:0.007811s ]
INFO: [ view_parse ] --END-- [ RunTime:0.007870s ]
INFO: [ view_filter ] --START--
INFO: Run Behavior\WriteHtmlCacheBehavior [ RunTime:0.000969s ]
INFO: [ view_filter ] --END-- [ RunTime:0.001010s ]
INFO: [ app_end ] --START--
INFO: Run Behavior\ShowPageTraceBehavior [ RunTime:0.000814s ]
INFO: [ app_end ] --END-- [ RunTime:0.000854s ]

[ 2016-01-10T09:34:12+08:00 ] 127.0.0.1 /index.php/Admin/Supplier/index.html
INFO: [ app_init ] --START--
INFO: Run Behavior\BuildLiteBehavior [ RunTime:0.000017s ]
INFO: [ app_init ] --END-- [ RunTime:0.001179s ]
INFO: [ app_begin ] --START--
INFO: Run Behavior\ReadHtmlCacheBehavior [ RunTime:0.000873s ]
INFO: [ app_begin ] --END-- [ RunTime:0.000919s ]
SQL: SHOW COLUMNS FROM `supplier` [ RunTime:0.0046s ]
SQL: SELECT COUNT(*) AS tp_count FROM `supplier` WHERE `status` > -1 LIMIT 1   [ RunTime:0.0004s ]
SQL: SELECT * FROM `supplier` WHERE `status` > -1 LIMIT 0,2   [ RunTime:0.0005s ]
INFO: [ view_parse ] --START--
INFO: [ template_filter ] --START--
INFO: Run Behavior\ContentReplaceBehavior [ RunTime:0.000145s ]
INFO: [ template_filter ] --END-- [ RunTime:0.000273s ]
NOTIC: [8] Undefined index: keyword F:\shop\admin.shop.com\Runtime\Cache\Admin\d67fd13698451d696aeea502d2b8b174.php 第 21 行.
INFO: Run Behavior\ParseTemplateBehavior [ RunTime:0.031951s ]
INFO: [ view_parse ] --END-- [ RunTime:0.032107s ]
INFO: [ view_filter ] --START--
INFO: Run Behavior\WriteHtmlCacheBehavior [ RunTime:0.001492s ]
INFO: [ view_filter ] --END-- [ RunTime:0.001611s ]
INFO: [ app_end ] --START--
INFO: Run Behavior\ShowPageTraceBehavior [ RunTime:0.001878s ]
INFO: [ app_end ] --END-- [ RunTime:0.001971s ]

[ 2016-01-10T09:34:58+08:00 ] 127.0.0.1 /index.php/Admin/Supplier/index.html
INFO: [ app_init ] --START--
INFO: Run Behavior\BuildLiteBehavior [ RunTime:0.000014s ]
INFO: [ app_init ] --END-- [ RunTime:0.000577s ]
INFO: [ app_begin ] --START--
INFO: Run Behavior\ReadHtmlCacheBehavior [ RunTime:0.000742s ]
INFO: [ app_begin ] --END-- [ RunTime:0.000786s ]
SQL: SHOW COLUMNS FROM `supplier` [ RunTime:0.0047s ]
SQL: SELECT COUNT(*) AS tp_count FROM `supplier` WHERE `status` > -1 LIMIT 1   [ RunTime:0.0003s ]
SQL: SELECT * FROM `supplier` WHERE `status` > -1 LIMIT 0,2   [ RunTime:0.0004s ]
INFO: [ view_parse ] --START--
INFO: [ template_filter ] --START--
INFO: Run Behavior\ContentReplaceBehavior [ RunTime:0.000106s ]
INFO: [ template_filter ] --END-- [ RunTime:0.000182s ]
NOTIC: [8] Undefined index: keyword F:\shop\admin.shop.com\Runtime\Cache\Admin\d67fd13698451d696aeea502d2b8b174.php 第 21 行.
INFO: Run Behavior\ParseTemplateBehavior [ RunTime:0.010636s ]
INFO: [ view_parse ] --END-- [ RunTime:0.010691s ]
INFO: [ view_filter ] --START--
INFO: Run Behavior\WriteHtmlCacheBehavior [ RunTime:0.000536s ]
INFO: [ view_filter ] --END-- [ RunTime:0.000571s ]
INFO: [ app_end ] --START--
INFO: Run Behavior\ShowPageTraceBehavior [ RunTime:0.000726s ]
INFO: [ app_end ] --END-- [ RunTime:0.000765s ]

[ 2016-01-10T09:35:48+08:00 ] 127.0.0.1 /index.php/Admin/Supplier/index.html
INFO: [ app_init ] --START--
INFO: Run Behavior\BuildLiteBehavior [ RunTime:0.000013s ]
INFO: [ app_init ] --END-- [ RunTime:0.000636s ]
INFO: [ app_begin ] --START--
INFO: Run Behavior\ReadHtmlCacheBehavior [ RunTime:0.000851s ]
INFO: [ app_begin ] --END-- [ RunTime:0.000896s ]
SQL: SHOW COLUMNS FROM `supplier` [ RunTime:0.0040s ]
SQL: SELECT COUNT(*) AS tp_count FROM `supplier` WHERE `status` > -1 LIMIT 1   [ RunTime:0.0008s ]
SQL: SELECT * FROM `supplier` WHERE `status` > -1 LIMIT 0,2   [ RunTime:0.0004s ]
INFO: [ view_parse ] --START--
INFO: [ template_filter ] --START--
INFO: Run Behavior\ContentReplaceBehavior [ RunTime:0.000068s ]
INFO: [ template_filter ] --END-- [ RunTime:0.000112s ]
NOTIC: [8] Undefined index: keyword F:\shop\admin.shop.com\Runtime\Cache\Admin\d67fd13698451d696aeea502d2b8b174.php 第 21 行.
INFO: Run Behavior\ParseTemplateBehavior [ RunTime:0.009570s ]
INFO: [ view_parse ] --END-- [ RunTime:0.009622s ]
INFO: [ view_filter ] --START--
INFO: Run Behavior\WriteHtmlCacheBehavior [ RunTime:0.000577s ]
INFO: [ view_filter ] --END-- [ RunTime:0.000611s ]
INFO: [ app_end ] --START--
INFO: Run Behavior\ShowPageTraceBehavior [ RunTime:0.000856s ]
INFO: [ app_end ] --END-- [ RunTime:0.000892s ]

[ 2016-01-10T09:38:45+08:00 ] 127.0.0.1 /index.php/Admin/Supplier/index.html
INFO: [ app_init ] --START--
INFO: Run Behavior\BuildLiteBehavior [ RunTime:0.000012s ]
INFO: [ app_init ] --END-- [ RunTime:0.000631s ]
INFO: [ app_begin ] --START--
INFO: Run Behavior\ReadHtmlCacheBehavior [ RunTime:0.000874s ]
INFO: [ app_begin ] --END-- [ RunTime:0.000918s ]
SQL: SHOW COLUMNS FROM `supplier` [ RunTime:0.0048s ]
SQL: SELECT COUNT(*) AS tp_count FROM `supplier` WHERE `status` > -1 LIMIT 1   [ RunTime:0.0004s ]
SQL: SELECT * FROM `supplier` WHERE `status` > -1 LIMIT 0,2   [ RunTime:0.0003s ]
INFO: [ view_parse ] --START--
INFO: [ template_filter ] --START--
INFO: Run Behavior\ContentReplaceBehavior [ RunTime:0.000067s ]
INFO: [ template_filter ] --END-- [ RunTime:0.000113s ]
NOTIC: [8] Undefined index: keyword F:\shop\admin.shop.com\Runtime\Cache\Admin\d67fd13698451d696aeea502d2b8b174.php 第 21 行.
INFO: Run Behavior\ParseTemplateBehavior [ RunTime:0.010961s ]
INFO: [ view_parse ] --END-- [ RunTime:0.011014s ]
INFO: [ view_filter ] --START--
INFO: Run Behavior\WriteHtmlCacheBehavior [ RunTime:0.000583s ]
INFO: [ view_filter ] --END-- [ RunTime:0.000618s ]
INFO: [ app_end ] --START--
INFO: Run Behavior\ShowPageTraceBehavior [ RunTime:0.000819s ]
INFO: [ app_end ] --END-- [ RunTime:0.000857s ]

[ 2016-01-10T09:38:45+08:00 ] 127.0.0.1 /index.php/Admin/Supplier/index.html
INFO: [ app_init ] --START--
INFO: Run Behavior\BuildLiteBehavior [ RunTime:0.000014s ]
INFO: [ app_init ] --END-- [ RunTime:0.000577s ]
INFO: [ app_begin ] --START--
INFO: Run Behavior\ReadHtmlCacheBehavior [ RunTime:0.000733s ]
INFO: [ app_begin ] --END-- [ RunTime:0.000778s ]
SQL: SHOW COLUMNS FROM `supplier` [ RunTime:0.0049s ]
SQL: SELECT COUNT(*) AS tp_count FROM `supplier` WHERE `status` > -1 LIMIT 1   [ RunTime:0.0003s ]
SQL: SELECT * FROM `supplier` WHERE `status` > -1 LIMIT 0,2   [ RunTime:0.0003s ]
INFO: [ view_parse ] --START--
INFO: [ template_filter ] --START--
INFO: Run Behavior\ContentReplaceBehavior [ RunTime:0.000064s ]
INFO: [ template_filter ] --END-- [ RunTime:0.000106s ]
NOTIC: [8] Undefined index: keyword F:\shop\admin.shop.com\Runtime\Cache\Admin\d67fd13698451d696aeea502d2b8b174.php 第 21 行.
INFO: Run Behavior\ParseTemplateBehavior [ RunTime:0.008635s ]
INFO: [ view_parse ] --END-- [ RunTime:0.008710s ]
INFO: [ view_filter ] --START--
INFO: Run Behavior\WriteHtmlCacheBehavior [ RunTime:0.001551s ]
INFO: [ view_filter ] --END-- [ RunTime:0.001606s ]
INFO: [ app_end ] --START--
INFO: Run Behavior\ShowPageTraceBehavior [ RunTime:0.001135s ]
INFO: [ app_end ] --END-- [ RunTime:0.001191s ]

[ 2016-01-10T09:38:48+08:00 ] 127.0.0.1 /index.php/Admin/Supplier/edit/id/1.html
INFO: [ app_init ] --START--
INFO: Run Behavior\BuildLiteBehavior [ RunTime:0.000042s ]
INFO: [ app_init ] --END-- [ RunTime:0.002128s ]
INFO: [ app_begin ] --START--
INFO: Run Behavior\ReadHtmlCacheBehavior [ RunTime:0.003162s ]
INFO: [ app_begin ] --END-- [ RunTime:0.003348s ]
SQL: SHOW COLUMNS FROM `supplier` [ RunTime:0.0146s ]
SQL: SELECT * FROM `supplier` WHERE `id` = 1 LIMIT 1   [ RunTime:0.0518s ]
INFO: [ view_parse ] --START--
INFO: [ template_filter ] --START--
INFO: Run Behavior\ContentReplaceBehavior [ RunTime:0.000184s ]
INFO: [ template_filter ] --END-- [ RunTime:0.000355s ]
INFO: Run Behavior\ParseTemplateBehavior [ RunTime:0.057155s ]
INFO: [ view_parse ] --END-- [ RunTime:0.057382s ]
INFO: [ view_filter ] --START--
INFO: Run Behavior\WriteHtmlCacheBehavior [ RunTime:0.002928s ]
INFO: [ view_filter ] --END-- [ RunTime:0.003126s ]
INFO: [ app_end ] --START--
INFO: Run Behavior\ShowPageTraceBehavior [ RunTime:0.003160s ]
INFO: [ app_end ] --END-- [ RunTime:0.003383s ]

[ 2016-01-10T09:38:50+08:00 ] 127.0.0.1 /index.php/Admin/Supplier/edit.html
INFO: [ app_init ] --START--
INFO: Run Behavior\BuildLiteBehavior [ RunTime:0.000041s ]
INFO: [ app_init ] --END-- [ RunTime:0.001967s ]
INFO: [ app_begin ] --START--
INFO: Run Behavior\ReadHtmlCacheBehavior [ RunTime:0.002334s ]
INFO: [ app_begin ] --END-- [ RunTime:0.002521s ]
SQL: SHOW COLUMNS FROM `supplier` [ RunTime:0.0152s ]
SQL: SELECT * FROM `supplier` WHERE `name` = '成都供应商' AND `id` <> '1' LIMIT 1   [ RunTime:0.0141s ]
SQL: UPDATE `supplier` SET `name`='成都供应商',`intro`='成都供应商',`sort`='20',`status`='1' WHERE `id` = 1 [ RunTime:0.0474s ]

[ 2016-01-10T09:38:52+08:00 ] 127.0.0.1 /index.php/Admin/Supplier/index.html
INFO: [ app_init ] --START--
INFO: Run Behavior\BuildLiteBehavior [ RunTime:0.000043s ]
INFO: [ app_init ] --END-- [ RunTime:0.001972s ]
INFO: [ app_begin ] --START--
INFO: Run Behavior\ReadHtmlCacheBehavior [ RunTime:0.002619s ]
INFO: [ app_begin ] --END-- [ RunTime:0.002860s ]
SQL: SHOW COLUMNS FROM `supplier` [ RunTime:0.0158s ]
SQL: SELECT COUNT(*) AS tp_count FROM `supplier` WHERE `status` > -1 LIMIT 1   [ RunTime:0.0010s ]
SQL: SELECT * FROM `supplier` WHERE `status` > -1 LIMIT 0,2   [ RunTime:0.0016s ]
INFO: [ view_parse ] --START--
INFO: [ template_filter ] --START--
INFO: Run Behavior\ContentReplaceBehavior [ RunTime:0.000381s ]
INFO: [ template_filter ] --END-- [ RunTime:0.000664s ]
NOTIC: [8] Undefined index: keyword F:\shop\admin.shop.com\Runtime\Cache\Admin\d67fd13698451d696aeea502d2b8b174.php 第 21 行.
INFO: Run Behavior\ParseTemplateBehavior [ RunTime:0.034102s ]
INFO: [ view_parse ] --END-- [ RunTime:0.034401s ]
INFO: [ view_filter ] --START--
INFO: Run Behavior\WriteHtmlCacheBehavior [ RunTime:0.001748s ]
INFO: [ view_filter ] --END-- [ RunTime:0.001905s ]
INFO: [ app_end ] --START--
INFO: Run Behavior\ShowPageTraceBehavior [ RunTime:0.002477s ]
INFO: [ app_end ] --END-- [ RunTime:0.002695s ]

[ 2016-01-10T09:52:37+08:00 ] 127.0.0.1 /index.php/Admin/Supplier/index.html
INFO: [ app_init ] --START--
INFO: Run Behavior\BuildLiteBehavior [ RunTime:0.000013s ]
INFO: [ app_init ] --END-- [ RunTime:0.000573s ]
INFO: [ app_begin ] --START--
INFO: Run Behavior\ReadHtmlCacheBehavior [ RunTime:0.000831s ]
INFO: [ app_begin ] --END-- [ RunTime:0.000884s ]
SQL: SHOW COLUMNS FROM `supplier` [ RunTime:0.0042s ]
SQL: SELECT COUNT(*) AS tp_count FROM `supplier` WHERE `status` > -1 LIMIT 1   [ RunTime:0.0003s ]
SQL: SELECT * FROM `supplier` WHERE `status` > -1 LIMIT 0,2   [ RunTime:0.0009s ]
INFO: [ view_parse ] --START--
INFO: [ template_filter ] --START--
INFO: Run Behavior\ContentReplaceBehavior [ RunTime:0.000201s ]
INFO: [ template_filter ] --END-- [ RunTime:0.000334s ]
NOTIC: [8] Undefined index: keyword F:\shop\admin.shop.com\Runtime\Cache\Admin\d67fd13698451d696aeea502d2b8b174.php 第 21 行.
INFO: Run Behavior\ParseTemplateBehavior [ RunTime:0.065837s ]
INFO: [ view_parse ] --END-- [ RunTime:0.065993s ]
INFO: [ view_filter ] --START--
INFO: Run Behavior\WriteHtmlCacheBehavior [ RunTime:0.001874s ]
INFO: [ view_filter ] --END-- [ RunTime:0.001983s ]
INFO: [ app_end ] --START--
INFO: Run Behavior\ShowPageTraceBehavior [ RunTime:0.002870s ]
INFO: [ app_end ] --END-- [ RunTime:0.003024s ]

[ 2016-01-10T09:52:37+08:00 ] 127.0.0.1 /index.php/Admin/Supplier/index.html
INFO: [ app_init ] --START--
INFO: Run Behavior\BuildLiteBehavior [ RunTime:0.000014s ]
INFO: [ app_init ] --END-- [ RunTime:0.000641s ]
INFO: [ app_begin ] --START--
INFO: Run Behavior\ReadHtmlCacheBehavior [ RunTime:0.000876s ]
INFO: [ app_begin ] --END-- [ RunTime:0.000921s ]
SQL: SHOW COLUMNS FROM `supplier` [ RunTime:0.0042s ]
SQL: SELECT COUNT(*) AS tp_count FROM `supplier` WHERE `status` > -1 LIMIT 1   [ RunTime:0.0003s ]
SQL: SELECT * FROM `supplier` WHERE `status` > -1 LIMIT 0,2   [ RunTime:0.0003s ]
INFO: [ view_parse ] --START--
INFO: [ template_filter ] --START--
INFO: Run Behavior\ContentReplaceBehavior [ RunTime:0.000073s ]
INFO: [ template_filter ] --END-- [ RunTime:0.000118s ]
NOTIC: [8] Undefined index: keyword F:\shop\admin.shop.com\Runtime\Cache\Admin\d67fd13698451d696aeea502d2b8b174.php 第 21 行.
INFO: Run Behavior\ParseTemplateBehavior [ RunTime:0.008886s ]
INFO: [ view_parse ] --END-- [ RunTime:0.008957s ]
INFO: [ view_filter ] --START--
INFO: Run Behavior\WriteHtmlCacheBehavior [ RunTime:0.000634s ]
INFO: [ view_filter ] --END-- [ RunTime:0.000678s ]
INFO: [ app_end ] --START--
INFO: Run Behavior\ShowPageTraceBehavior [ RunTime:0.000833s ]
INFO: [ app_end ] --END-- [ RunTime:0.000887s ]

[ 2016-01-10T09:52:37+08:00 ] 127.0.0.1 /index.php/Admin/Supplier/index.html
INFO: [ app_init ] --START--
INFO: Run Behavior\BuildLiteBehavior [ RunTime:0.000014s ]
INFO: [ app_init ] --END-- [ RunTime:0.000558s ]
INFO: [ app_begin ] --START--
INFO: Run Behavior\ReadHtmlCacheBehavior [ RunTime:0.000897s ]
INFO: [ app_begin ] --END-- [ RunTime:0.000956s ]
SQL: SHOW COLUMNS FROM `supplier` [ RunTime:0.0039s ]
SQL: SELECT COUNT(*) AS tp_count FROM `supplier` WHERE `status` > -1 LIMIT 1   [ RunTime:0.0004s ]
SQL: SELECT * FROM `supplier` WHERE `status` > -1 LIMIT 0,2   [ RunTime:0.0005s ]
INFO: [ view_parse ] --START--
INFO: [ template_filter ] --START--
INFO: Run Behavior\ContentReplaceBehavior [ RunTime:0.000067s ]
INFO: [ template_filter ] --END-- [ RunTime:0.000110s ]
NOTIC: [8] Undefined index: keyword F:\shop\admin.shop.com\Runtime\Cache\Admin\d67fd13698451d696aeea502d2b8b174.php 第 21 行.
INFO: Run Behavior\ParseTemplateBehavior [ RunTime:0.009252s ]
INFO: [ view_parse ] --END-- [ RunTime:0.009311s ]
INFO: [ view_filter ] --START--
INFO: Run Behavior\WriteHtmlCacheBehavior [ RunTime:0.000463s ]
INFO: [ view_filter ] --END-- [ RunTime:0.000497s ]
INFO: [ app_end ] --START--
INFO: Run Behavior\ShowPageTraceBehavior [ RunTime:0.000720s ]
INFO: [ app_end ] --END-- [ RunTime:0.000756s ]

[ 2016-01-10T09:52:38+08:00 ] 127.0.0.1 /index.php/Admin/Supplier/index.html
INFO: [ app_init ] --START--
INFO: Run Behavior\BuildLiteBehavior [ RunTime:0.000015s ]
INFO: [ app_init ] --END-- [ RunTime:0.000814s ]
INFO: [ app_begin ] --START--
INFO: Run Behavior\ReadHtmlCacheBehavior [ RunTime:0.000984s ]
INFO: [ app_begin ] --END-- [ RunTime:0.001037s ]
SQL: SHOW COLUMNS FROM `supplier` [ RunTime:0.0060s ]
SQL: SELECT COUNT(*) AS tp_count FROM `supplier` WHERE `status` > -1 LIMIT 1   [ RunTime:0.0004s ]
SQL: SELECT * FROM `supplier` WHERE `status` > -1 LIMIT 0,2   [ RunTime:0.0003s ]
INFO: [ view_parse ] --START--
INFO: [ template_filter ] --START--
INFO: Run Behavior\ContentReplaceBehavior [ RunTime:0.000070s ]
INFO: [ template_filter ] --END-- [ RunTime:0.000120s ]
NOTIC: [8] Undefined index: keyword F:\shop\admin.shop.com\Runtime\Cache\Admin\d67fd13698451d696aeea502d2b8b174.php 第 21 行.
INFO: Run Behavior\ParseTemplateBehavior [ RunTime:0.011206s ]
INFO: [ view_parse ] --END-- [ RunTime:0.011273s ]
INFO: [ view_filter ] --START--
INFO: Run Behavior\WriteHtmlCacheBehavior [ RunTime:0.000775s ]
INFO: [ view_filter ] --END-- [ RunTime:0.000826s ]
INFO: [ app_end ] --START--
INFO: Run Behavior\ShowPageTraceBehavior [ RunTime:0.001535s ]
INFO: [ app_end ] --END-- [ RunTime:0.001593s ]

[ 2016-01-10T09:52:42+08:00 ] 127.0.0.1 /index.php/Admin/Supplier/changeStatus.html
INFO: [ app_init ] --START--
INFO: Run Behavior\BuildLiteBehavior [ RunTime:0.000039s ]
INFO: [ app_init ] --END-- [ RunTime:0.001867s ]
INFO: [ app_begin ] --START--
INFO: Run Behavior\ReadHtmlCacheBehavior [ RunTime:0.002809s ]
INFO: [ app_begin ] --END-- [ RunTime:0.002980s ]
SQL: SHOW COLUMNS FROM `supplier` [ RunTime:0.0137s ]
SQL: UPDATE `supplier` SET `status`='-1',`name`=concat(name,'_del') WHERE `id` IN ('on','on') [ RunTime:0.0383s ]

[ 2016-01-10T09:52:42+08:00 ] 127.0.0.1 /index.php/Admin/Supplier/changeStatus.html
INFO: [ app_init ] --START--
INFO: Run Behavior\BuildLiteBehavior [ RunTime:0.000014s ]
INFO: [ app_init ] --END-- [ RunTime:0.000554s ]
INFO: [ app_begin ] --START--
INFO: Run Behavior\ReadHtmlCacheBehavior [ RunTime:0.000691s ]
INFO: [ app_begin ] --END-- [ RunTime:0.000731s ]
SQL: SHOW COLUMNS FROM `supplier` [ RunTime:0.0039s ]
SQL: UPDATE `supplier` SET `status`='-1',`name`=concat(name,'_del') WHERE `id` IN ('on','on') [ RunTime:0.0003s ]

[ 2016-01-10T09:52:46+08:00 ] 127.0.0.1 /index.php/Admin/Supplier/index.html
INFO: [ app_init ] --START--
INFO: Run Behavior\BuildLiteBehavior [ RunTime:0.000015s ]
INFO: [ app_init ] --END-- [ RunTime:0.000682s ]
INFO: [ app_begin ] --START--
INFO: Run Behavior\ReadHtmlCacheBehavior [ RunTime:0.000725s ]
INFO: [ app_begin ] --END-- [ RunTime:0.000769s ]
SQL: SHOW COLUMNS FROM `supplier` [ RunTime:0.0427s ]
SQL: SELECT COUNT(*) AS tp_count FROM `supplier` WHERE `status` > -1 LIMIT 1   [ RunTime:0.0003s ]
SQL: SELECT * FROM `supplier` WHERE `status` > -1 LIMIT 0,2   [ RunTime:0.0004s ]
INFO: [ view_parse ] --START--
INFO: [ template_filter ] --START--
INFO: Run Behavior\ContentReplaceBehavior [ RunTime:0.000073s ]
INFO: [ template_filter ] --END-- [ RunTime:0.000133s ]
NOTIC: [8] Undefined index: keyword F:\shop\admin.shop.com\Runtime\Cache\Admin\d67fd13698451d696aeea502d2b8b174.php 第 21 行.
INFO: Run Behavior\ParseTemplateBehavior [ RunTime:0.011442s ]
INFO: [ view_parse ] --END-- [ RunTime:0.011517s ]
INFO: [ view_filter ] --START--
INFO: Run Behavior\WriteHtmlCacheBehavior [ RunTime:0.000591s ]
INFO: [ view_filter ] --END-- [ RunTime:0.000626s ]
INFO: [ app_end ] --START--
INFO: Run Behavior\ShowPageTraceBehavior [ RunTime:0.000872s ]
INFO: [ app_end ] --END-- [ RunTime:0.000912s ]

[ 2016-01-10T09:53:26+08:00 ] 127.0.0.1 /index.php/Admin/Supplier/changeStatus.html
INFO: [ app_init ] --START--
INFO: Run Behavior\BuildLiteBehavior [ RunTime:0.000015s ]
INFO: [ app_init ] --END-- [ RunTime:0.000650s ]
INFO: [ app_begin ] --START--
INFO: Run Behavior\ReadHtmlCacheBehavior [ RunTime:0.000624s ]
INFO: [ app_begin ] --END-- [ RunTime:0.000671s ]
SQL: SHOW COLUMNS FROM `supplier` [ RunTime:0.0042s ]
SQL: UPDATE `supplier` SET `status`='-1',`name`=concat(name,'_del') WHERE `id` IN ('on','on') [ RunTime:0.0126s ]

[ 2016-01-10T09:54:46+08:00 ] 127.0.0.1 /index.php/Admin/Supplier/index/p/7.html
INFO: [ app_init ] --START--
INFO: Run Behavior\BuildLiteBehavior [ RunTime:0.000013s ]
INFO: [ app_init ] --END-- [ RunTime:0.000635s ]
INFO: [ app_begin ] --START--
INFO: Run Behavior\ReadHtmlCacheBehavior [ RunTime:0.000838s ]
INFO: [ app_begin ] --END-- [ RunTime:0.000899s ]
SQL: SHOW COLUMNS FROM `supplier` [ RunTime:0.0041s ]
SQL: SELECT COUNT(*) AS tp_count FROM `supplier` WHERE `status` > -1 LIMIT 1   [ RunTime:0.0012s ]
SQL: SELECT * FROM `supplier` WHERE `status` > -1 LIMIT 12,2   [ RunTime:0.0004s ]
INFO: [ view_parse ] --START--
INFO: [ template_filter ] --START--
INFO: Run Behavior\ContentReplaceBehavior [ RunTime:0.000074s ]
INFO: [ template_filter ] --END-- [ RunTime:0.000122s ]
NOTIC: [8] Undefined index: keyword F:\shop\admin.shop.com\Runtime\Cache\Admin\d67fd13698451d696aeea502d2b8b174.php 第 21 行.
INFO: Run Behavior\ParseTemplateBehavior [ RunTime:0.008706s ]
INFO: [ view_parse ] --END-- [ RunTime:0.008761s ]
INFO: [ view_filter ] --START--
INFO: Run Behavior\WriteHtmlCacheBehavior [ RunTime:0.000525s ]
INFO: [ view_filter ] --END-- [ RunTime:0.000559s ]
INFO: [ app_end ] --START--
INFO: Run Behavior\ShowPageTraceBehavior [ RunTime:0.000830s ]
INFO: [ app_end ] --END-- [ RunTime:0.000867s ]

[ 2016-01-10T09:54:48+08:00 ] 127.0.0.1 /index.php/Admin/Supplier/changeStatus/id/16/status/-1.html
INFO: [ app_init ] --START--
INFO: Run Behavior\BuildLiteBehavior [ RunTime:0.000012s ]
INFO: [ app_init ] --END-- [ RunTime:0.000536s ]
INFO: [ app_begin ] --START--
INFO: Run Behavior\ReadHtmlCacheBehavior [ RunTime:0.000688s ]
INFO: [ app_begin ] --END-- [ RunTime:0.000727s ]
SQL: SHOW COLUMNS FROM `supplier` [ RunTime:0.0067s ]
SQL: UPDATE `supplier` SET `status`='-1',`name`=concat(name,'_del') WHERE `id` IN ('16') [ RunTime:0.0005s ]

[ 2016-01-10T09:54:54+08:00 ] 127.0.0.1 /index.php/Admin/Supplier/index/p/7.html
INFO: [ app_init ] --START--
INFO: Run Behavior\BuildLiteBehavior [ RunTime:0.000015s ]
INFO: [ app_init ] --END-- [ RunTime:0.000655s ]
INFO: [ app_begin ] --START--
INFO: Run Behavior\ReadHtmlCacheBehavior [ RunTime:0.000785s ]
INFO: [ app_begin ] --END-- [ RunTime:0.000831s ]
SQL: SHOW COLUMNS FROM `supplier` [ RunTime:0.0040s ]
SQL: SELECT COUNT(*) AS tp_count FROM `supplier` WHERE `status` > -1 LIMIT 1   [ RunTime:0.0003s ]
SQL: SELECT * FROM `supplier` WHERE `status` > -1 LIMIT 12,2   [ RunTime:0.0003s ]
INFO: [ view_parse ] --START--
INFO: [ template_filter ] --START--
INFO: Run Behavior\ContentReplaceBehavior [ RunTime:0.000066s ]
INFO: [ template_filter ] --END-- [ RunTime:0.000131s ]
NOTIC: [8] Undefined index: keyword F:\shop\admin.shop.com\Runtime\Cache\Admin\d67fd13698451d696aeea502d2b8b174.php 第 21 行.
INFO: Run Behavior\ParseTemplateBehavior [ RunTime:0.010157s ]
INFO: [ view_parse ] --END-- [ RunTime:0.010205s ]
INFO: [ view_filter ] --START--
INFO: Run Behavior\WriteHtmlCacheBehavior [ RunTime:0.000491s ]
INFO: [ view_filter ] --END-- [ RunTime:0.000525s ]
INFO: [ app_end ] --START--
INFO: Run Behavior\ShowPageTraceBehavior [ RunTime:0.000728s ]
INFO: [ app_end ] --END-- [ RunTime:0.000765s ]

[ 2016-01-10T09:55:10+08:00 ] 127.0.0.1 /index.php/Admin/Supplier/edit/id/15.html
INFO: [ app_init ] --START--
INFO: Run Behavior\BuildLiteBehavior [ RunTime:0.000014s ]
INFO: [ app_init ] --END-- [ RunTime:0.000593s ]
INFO: [ app_begin ] --START--
INFO: Run Behavior\ReadHtmlCacheBehavior [ RunTime:0.000767s ]
INFO: [ app_begin ] --END-- [ RunTime:0.000814s ]
SQL: SHOW COLUMNS FROM `supplier` [ RunTime:0.0038s ]
SQL: SELECT * FROM `supplier` WHERE `id` = 15 LIMIT 1   [ RunTime:0.0003s ]
INFO: [ view_parse ] --START--
INFO: [ template_filter ] --START--
INFO: Run Behavior\ContentReplaceBehavior [ RunTime:0.000086s ]
INFO: [ template_filter ] --END-- [ RunTime:0.000171s ]
INFO: Run Behavior\ParseTemplateBehavior [ RunTime:0.009654s ]
INFO: [ view_parse ] --END-- [ RunTime:0.009740s ]
INFO: [ view_filter ] --START--
INFO: Run Behavior\WriteHtmlCacheBehavior [ RunTime:0.000541s ]
INFO: [ view_filter ] --END-- [ RunTime:0.000579s ]
INFO: [ app_end ] --START--
INFO: Run Behavior\ShowPageTraceBehavior [ RunTime:0.000743s ]
INFO: [ app_end ] --END-- [ RunTime:0.000778s ]

[ 2016-01-10T09:55:13+08:00 ] 127.0.0.1 /index.php/Admin/Supplier/edit.html
INFO: [ app_init ] --START--
INFO: Run Behavior\BuildLiteBehavior [ RunTime:0.000013s ]
INFO: [ app_init ] --END-- [ RunTime:0.000573s ]
INFO: [ app_begin ] --START--
INFO: Run Behavior\ReadHtmlCacheBehavior [ RunTime:0.000702s ]
INFO: [ app_begin ] --END-- [ RunTime:0.000741s ]
SQL: SHOW COLUMNS FROM `supplier` [ RunTime:0.0039s ]
SQL: SELECT * FROM `supplier` WHERE `name` = '广州好发v他111111' AND `id` <> '15' LIMIT 1   [ RunTime:0.0003s ]
SQL: UPDATE `supplier` SET `name`='广州好发v他111111',`intro`='11111',`sort`='20',`status`='0' WHERE `id` = 15 [ RunTime:0.0002s ]

[ 2016-01-10T09:55:14+08:00 ] 127.0.0.1 /index.php/Admin/Supplier/index/p/7.html
INFO: [ app_init ] --START--
INFO: Run Behavior\BuildLiteBehavior [ RunTime:0.000044s ]
INFO: [ app_init ] --END-- [ RunTime:0.001925s ]
INFO: [ app_begin ] --START--
INFO: Run Behavior\ReadHtmlCacheBehavior [ RunTime:0.002499s ]
INFO: [ app_begin ] --END-- [ RunTime:0.002655s ]
SQL: SHOW COLUMNS FROM `supplier` [ RunTime:0.0179s ]
SQL: SELECT COUNT(*) AS tp_count FROM `supplier` WHERE `status` > -1 LIMIT 1   [ RunTime:0.0009s ]
SQL: SELECT * FROM `supplier` WHERE `status` > -1 LIMIT 12,2   [ RunTime:0.0015s ]
INFO: [ view_parse ] --START--
INFO: [ template_filter ] --START--
INFO: Run Behavior\ContentReplaceBehavior [ RunTime:0.000214s ]
INFO: [ template_filter ] --END-- [ RunTime:0.000331s ]
NOTIC: [8] Undefined index: keyword F:\shop\admin.shop.com\Runtime\Cache\Admin\d67fd13698451d696aeea502d2b8b174.php 第 21 行.
INFO: Run Behavior\ParseTemplateBehavior [ RunTime:0.027373s ]
INFO: [ view_parse ] --END-- [ RunTime:0.027556s ]
INFO: [ view_filter ] --START--
INFO: Run Behavior\WriteHtmlCacheBehavior [ RunTime:0.001297s ]
INFO: [ view_filter ] --END-- [ RunTime:0.001380s ]
INFO: [ app_end ] --START--
INFO: Run Behavior\ShowPageTraceBehavior [ RunTime:0.002130s ]
INFO: [ app_end ] --END-- [ RunTime:0.002230s ]

[ 2016-01-10T09:55:18+08:00 ] 127.0.0.1 /index.php/Admin/Supplier/index/p/7.html
INFO: [ app_init ] --START--
INFO: Run Behavior\BuildLiteBehavior [ RunTime:0.000014s ]
INFO: [ app_init ] --END-- [ RunTime:0.000610s ]
INFO: [ app_begin ] --START--
INFO: Run Behavior\ReadHtmlCacheBehavior [ RunTime:0.000731s ]
INFO: [ app_begin ] --END-- [ RunTime:0.000773s ]
SQL: SHOW COLUMNS FROM `supplier` [ RunTime:0.0039s ]
SQL: SELECT COUNT(*) AS tp_count FROM `supplier` WHERE `status` > -1 LIMIT 1   [ RunTime:0.0003s ]
SQL: SELECT * FROM `supplier` WHERE `status` > -1 LIMIT 12,2   [ RunTime:0.0003s ]
INFO: [ view_parse ] --START--
INFO: [ template_filter ] --START--
INFO: Run Behavior\ContentReplaceBehavior [ RunTime:0.000072s ]
INFO: [ template_filter ] --END-- [ RunTime:0.000124s ]
NOTIC: [8] Undefined index: keyword F:\shop\admin.shop.com\Runtime\Cache\Admin\d67fd13698451d696aeea502d2b8b174.php 第 21 行.
INFO: Run Behavior\ParseTemplateBehavior [ RunTime:0.009073s ]
INFO: [ view_parse ] --END-- [ RunTime:0.009153s ]
INFO: [ view_filter ] --START--
INFO: Run Behavior\WriteHtmlCacheBehavior [ RunTime:0.000665s ]
INFO: [ view_filter ] --END-- [ RunTime:0.000722s ]
INFO: [ app_end ] --START--
INFO: Run Behavior\ShowPageTraceBehavior [ RunTime:0.001035s ]
INFO: [ app_end ] --END-- [ RunTime:0.001097s ]

[ 2016-01-10T09:55:19+08:00 ] 127.0.0.1 /index.php/Admin/Supplier/index/p/5.html
INFO: [ app_init ] --START--
INFO: Run Behavior\BuildLiteBehavior [ RunTime:0.000014s ]
INFO: [ app_init ] --END-- [ RunTime:0.000654s ]
INFO: [ app_begin ] --START--
INFO: Run Behavior\ReadHtmlCacheBehavior [ RunTime:0.000905s ]
INFO: [ app_begin ] --END-- [ RunTime:0.000962s ]
SQL: SHOW COLUMNS FROM `supplier` [ RunTime:0.0041s ]
SQL: SELECT COUNT(*) AS tp_count FROM `supplier` WHERE `status` > -1 LIMIT 1   [ RunTime:0.0003s ]
SQL: SELECT * FROM `supplier` WHERE `status` > -1 LIMIT 8,2   [ RunTime:0.0003s ]
INFO: [ view_parse ] --START--
INFO: [ template_filter ] --START--
INFO: Run Behavior\ContentReplaceBehavior [ RunTime:0.000065s ]
INFO: [ template_filter ] --END-- [ RunTime:0.000110s ]
NOTIC: [8] Undefined index: keyword F:\shop\admin.shop.com\Runtime\Cache\Admin\d67fd13698451d696aeea502d2b8b174.php 第 21 行.
INFO: Run Behavior\ParseTemplateBehavior [ RunTime:0.009823s ]
INFO: [ view_parse ] --END-- [ RunTime:0.009899s ]
INFO: [ view_filter ] --START--
INFO: Run Behavior\WriteHtmlCacheBehavior [ RunTime:0.000877s ]
INFO: [ view_filter ] --END-- [ RunTime:0.000926s ]
INFO: [ app_end ] --START--
INFO: Run Behavior\ShowPageTraceBehavior [ RunTime:0.001046s ]
INFO: [ app_end ] --END-- [ RunTime:0.001095s ]

[ 2016-01-10T09:55:21+08:00 ] 127.0.0.1 /index.php/Admin/Supplier/index/p/7.html
INFO: [ app_init ] --START--
INFO: Run Behavior\BuildLiteBehavior [ RunTime:0.000012s ]
INFO: [ app_init ] --END-- [ RunTime:0.000580s ]
INFO: [ app_begin ] --START--
INFO: Run Behavior\ReadHtmlCacheBehavior [ RunTime:0.000718s ]
INFO: [ app_begin ] --END-- [ RunTime:0.000761s ]
SQL: SHOW COLUMNS FROM `supplier` [ RunTime:0.0041s ]
SQL: SELECT COUNT(*) AS tp_count FROM `supplier` WHERE `status` > -1 LIMIT 1   [ RunTime:0.0003s ]
SQL: SELECT * FROM `supplier` WHERE `status` > -1 LIMIT 12,2   [ RunTime:0.0003s ]
INFO: [ view_parse ] --START--
INFO: [ template_filter ] --START--
INFO: Run Behavior\ContentReplaceBehavior [ RunTime:0.000066s ]
INFO: [ template_filter ] --END-- [ RunTime:0.000112s ]
NOTIC: [8] Undefined index: keyword F:\shop\admin.shop.com\Runtime\Cache\Admin\d67fd13698451d696aeea502d2b8b174.php 第 21 行.
INFO: Run Behavior\ParseTemplateBehavior [ RunTime:0.009133s ]
INFO: [ view_parse ] --END-- [ RunTime:0.009199s ]
INFO: [ view_filter ] --START--
INFO: Run Behavior\WriteHtmlCacheBehavior [ RunTime:0.000687s ]
INFO: [ view_filter ] --END-- [ RunTime:0.000743s ]
INFO: [ app_end ] --START--
INFO: Run Behavior\ShowPageTraceBehavior [ RunTime:0.001046s ]
INFO: [ app_end ] --END-- [ RunTime:0.001112s ]

[ 2016-01-10T09:55:28+08:00 ] 127.0.0.1 /index.php/Admin/Supplier/changeStatus/id/15/status/1.html
INFO: [ app_init ] --START--
INFO: Run Behavior\BuildLiteBehavior [ RunTime:0.000014s ]
INFO: [ app_init ] --END-- [ RunTime:0.000609s ]
INFO: [ app_begin ] --START--
INFO: Run Behavior\ReadHtmlCacheBehavior [ RunTime:0.000836s ]
INFO: [ app_begin ] --END-- [ RunTime:0.000879s ]
SQL: SHOW COLUMNS FROM `supplier` [ RunTime:0.0042s ]
SQL: UPDATE `supplier` SET `status`='1' WHERE `id` IN ('15') [ RunTime:0.0003s ]

[ 2016-01-10T09:55:33+08:00 ] 127.0.0.1 /index.php/Admin/Supplier/index/p/1.html
INFO: [ app_init ] --START--
INFO: Run Behavior\BuildLiteBehavior [ RunTime:0.000012s ]
INFO: [ app_init ] --END-- [ RunTime:0.000560s ]
INFO: [ app_begin ] --START--
INFO: Run Behavior\ReadHtmlCacheBehavior [ RunTime:0.000663s ]
INFO: [ app_begin ] --END-- [ RunTime:0.000707s ]
SQL: SHOW COLUMNS FROM `supplier` [ RunTime:0.0042s ]
SQL: SELECT COUNT(*) AS tp_count FROM `supplier` WHERE `status` > -1 LIMIT 1   [ RunTime:0.0003s ]
SQL: SELECT * FROM `supplier` WHERE `status` > -1 LIMIT 0,2   [ RunTime:0.0011s ]
INFO: [ view_parse ] --START--
INFO: [ template_filter ] --START--
INFO: Run Behavior\ContentReplaceBehavior [ RunTime:0.000070s ]
INFO: [ template_filter ] --END-- [ RunTime:0.000117s ]
NOTIC: [8] Undefined index: keyword F:\shop\admin.shop.com\Runtime\Cache\Admin\d67fd13698451d696aeea502d2b8b174.php 第 21 行.
INFO: Run Behavior\ParseTemplateBehavior [ RunTime:0.010045s ]
INFO: [ view_parse ] --END-- [ RunTime:0.010101s ]
INFO: [ view_filter ] --START--
INFO: Run Behavior\WriteHtmlCacheBehavior [ RunTime:0.000468s ]
INFO: [ view_filter ] --END-- [ RunTime:0.000503s ]
INFO: [ app_end ] --START--
INFO: Run Behavior\ShowPageTraceBehavior [ RunTime:0.000720s ]
INFO: [ app_end ] --END-- [ RunTime:0.000758s ]

[ 2016-01-10T09:55:39+08:00 ] 127.0.0.1 /index.php/Admin/Supplier/changeStatus.html
INFO: [ app_init ] --START--
INFO: Run Behavior\BuildLiteBehavior [ RunTime:0.000013s ]
INFO: [ app_init ] --END-- [ RunTime:0.000563s ]
INFO: [ app_begin ] --START--
INFO: Run Behavior\ReadHtmlCacheBehavior [ RunTime:0.000686s ]
INFO: [ app_begin ] --END-- [ RunTime:0.000753s ]
SQL: SHOW COLUMNS FROM `supplier` [ RunTime:0.0044s ]
SQL: UPDATE `supplier` SET `status`='-1',`name`=concat(name,'_del') WHERE `id` IN ('on','on') [ RunTime:0.0003s ]

[ 2016-01-10T09:55:50+08:00 ] 127.0.0.1 /index.php/Admin/Supplier/index/p/1.html
INFO: [ app_init ] --START--
INFO: Run Behavior\BuildLiteBehavior [ RunTime:0.000013s ]
INFO: [ app_init ] --END-- [ RunTime:0.000596s ]
INFO: [ app_begin ] --START--
INFO: Run Behavior\ReadHtmlCacheBehavior [ RunTime:0.000774s ]
INFO: [ app_begin ] --END-- [ RunTime:0.000828s ]
SQL: SHOW COLUMNS FROM `supplier` [ RunTime:0.0040s ]
SQL: SELECT COUNT(*) AS tp_count FROM `supplier` WHERE `status` > -1 LIMIT 1   [ RunTime:0.0004s ]
SQL: SELECT * FROM `supplier` WHERE `status` > -1 LIMIT 0,2   [ RunTime:0.0004s ]
INFO: [ view_parse ] --START--
INFO: [ template_filter ] --START--
INFO: Run Behavior\ContentReplaceBehavior [ RunTime:0.000084s ]
INFO: [ template_filter ] --END-- [ RunTime:0.000129s ]
NOTIC: [8] Undefined index: keyword F:\shop\admin.shop.com\Runtime\Cache\Admin\d67fd13698451d696aeea502d2b8b174.php 第 21 行.
INFO: Run Behavior\ParseTemplateBehavior [ RunTime:0.010365s ]
INFO: [ view_parse ] --END-- [ RunTime:0.010439s ]
INFO: [ view_filter ] --START--
INFO: Run Behavior\WriteHtmlCacheBehavior [ RunTime:0.000478s ]
INFO: [ view_filter ] --END-- [ RunTime:0.000520s ]
INFO: [ app_end ] --START--
INFO: Run Behavior\ShowPageTraceBehavior [ RunTime:0.000716s ]
INFO: [ app_end ] --END-- [ RunTime:0.000754s ]

[ 2016-01-10T10:04:20+08:00 ] 127.0.0.1 /index.php/Admin/Supplier/index/p/1.html
INFO: [ app_init ] --START--
INFO: Run Behavior\BuildLiteBehavior [ RunTime:0.000013s ]
INFO: [ app_init ] --END-- [ RunTime:0.000633s ]
INFO: [ app_begin ] --START--
INFO: Run Behavior\ReadHtmlCacheBehavior [ RunTime:0.000933s ]
INFO: [ app_begin ] --END-- [ RunTime:0.000980s ]
SQL: SHOW COLUMNS FROM `supplier` [ RunTime:0.0041s ]
SQL: SELECT COUNT(*) AS tp_count FROM `supplier` WHERE `status` > -1 LIMIT 1   [ RunTime:0.0003s ]
SQL: SELECT * FROM `supplier` WHERE `status` > -1 LIMIT 0,2   [ RunTime:0.0004s ]
INFO: [ view_parse ] --START--
INFO: [ template_filter ] --START--
INFO: Run Behavior\ContentReplaceBehavior [ RunTime:0.000067s ]
INFO: [ template_filter ] --END-- [ RunTime:0.000109s ]
NOTIC: [8] Undefined index: keyword F:\shop\admin.shop.com\Runtime\Cache\Admin\d67fd13698451d696aeea502d2b8b174.php 第 21 行.
INFO: Run Behavior\ParseTemplateBehavior [ RunTime:0.008549s ]
INFO: [ view_parse ] --END-- [ RunTime:0.008601s ]
INFO: [ view_filter ] --START--
INFO: Run Behavior\WriteHtmlCacheBehavior [ RunTime:0.000607s ]
INFO: [ view_filter ] --END-- [ RunTime:0.000651s ]
INFO: [ app_end ] --START--
INFO: Run Behavior\ShowPageTraceBehavior [ RunTime:0.000813s ]
INFO: [ app_end ] --END-- [ RunTime:0.000870s ]

[ 2016-01-10T10:04:21+08:00 ] 127.0.0.1 /index.php/Admin/Supplier/index/p/1.html
INFO: [ app_init ] --START--
INFO: Run Behavior\BuildLiteBehavior [ RunTime:0.000014s ]
INFO: [ app_init ] --END-- [ RunTime:0.000644s ]
INFO: [ app_begin ] --START--
INFO: Run Behavior\ReadHtmlCacheBehavior [ RunTime:0.000818s ]
INFO: [ app_begin ] --END-- [ RunTime:0.000860s ]
SQL: SHOW COLUMNS FROM `supplier` [ RunTime:0.0047s ]
SQL: SELECT COUNT(*) AS tp_count FROM `supplier` WHERE `status` > -1 LIMIT 1   [ RunTime:0.0003s ]
SQL: SELECT * FROM `supplier` WHERE `status` > -1 LIMIT 0,2   [ RunTime:0.0004s ]
INFO: [ view_parse ] --START--
INFO: [ template_filter ] --START--
INFO: Run Behavior\ContentReplaceBehavior [ RunTime:0.000065s ]
INFO: [ template_filter ] --END-- [ RunTime:0.000111s ]
NOTIC: [8] Undefined index: keyword F:\shop\admin.shop.com\Runtime\Cache\Admin\d67fd13698451d696aeea502d2b8b174.php 第 21 行.
INFO: Run Behavior\ParseTemplateBehavior [ RunTime:0.009512s ]
INFO: [ view_parse ] --END-- [ RunTime:0.009578s ]
INFO: [ view_filter ] --START--
INFO: Run Behavior\WriteHtmlCacheBehavior [ RunTime:0.000583s ]
INFO: [ view_filter ] --END-- [ RunTime:0.000624s ]
INFO: [ app_end ] --START--
INFO: Run Behavior\ShowPageTraceBehavior [ RunTime:0.000857s ]
INFO: [ app_end ] --END-- [ RunTime:0.000894s ]

[ 2016-01-10T10:04:21+08:00 ] 127.0.0.1 /index.php/Admin/Supplier/index/p/1.html
INFO: [ app_init ] --START--
INFO: Run Behavior\BuildLiteBehavior [ RunTime:0.000014s ]
INFO: [ app_init ] --END-- [ RunTime:0.000648s ]
INFO: [ app_begin ] --START--
INFO: Run Behavior\ReadHtmlCacheBehavior [ RunTime:0.000718s ]
INFO: [ app_begin ] --END-- [ RunTime:0.000761s ]
SQL: SHOW COLUMNS FROM `supplier` [ RunTime:0.0047s ]
SQL: SELECT COUNT(*) AS tp_count FROM `supplier` WHERE `status` > -1 LIMIT 1   [ RunTime:0.0003s ]
SQL: SELECT * FROM `supplier` WHERE `status` > -1 LIMIT 0,2   [ RunTime:0.0004s ]
INFO: [ view_parse ] --START--
INFO: [ template_filter ] --START--
INFO: Run Behavior\ContentReplaceBehavior [ RunTime:0.000090s ]
INFO: [ template_filter ] --END-- [ RunTime:0.000136s ]
NOTIC: [8] Undefined index: keyword F:\shop\admin.shop.com\Runtime\Cache\Admin\d67fd13698451d696aeea502d2b8b174.php 第 21 行.
INFO: Run Behavior\ParseTemplateBehavior [ RunTime:0.009228s ]
INFO: [ view_parse ] --END-- [ RunTime:0.009291s ]
INFO: [ view_filter ] --START--
INFO: Run Behavior\WriteHtmlCacheBehavior [ RunTime:0.000464s ]
INFO: [ view_filter ] --END-- [ RunTime:0.000498s ]
INFO: [ app_end ] --START--
INFO: Run Behavior\ShowPageTraceBehavior [ RunTime:0.000836s ]
INFO: [ app_end ] --END-- [ RunTime:0.000892s ]

[ 2016-01-10T10:04:34+08:00 ] 127.0.0.1 /index.php/Admin/Supplier/changeStatus.html
INFO: [ app_init ] --START--
INFO: Run Behavior\BuildLiteBehavior [ RunTime:0.000014s ]
INFO: [ app_init ] --END-- [ RunTime:0.000641s ]
INFO: [ app_begin ] --START--
INFO: Run Behavior\ReadHtmlCacheBehavior [ RunTime:0.000849s ]
INFO: [ app_begin ] --END-- [ RunTime:0.000891s ]
SQL: SHOW COLUMNS FROM `supplier` [ RunTime:0.0041s ]
SQL: UPDATE `supplier` SET `status`='-1',`name`=concat(name,'_del') WHERE `id` IN ('1','2') [ RunTime:0.0004s ]

[ 2016-01-10T10:04:38+08:00 ] 127.0.0.1 /index.php/Admin/Supplier/index/p/1.html
INFO: [ app_init ] --START--
INFO: Run Behavior\BuildLiteBehavior [ RunTime:0.000014s ]
INFO: [ app_init ] --END-- [ RunTime:0.000595s ]
INFO: [ app_begin ] --START--
INFO: Run Behavior\ReadHtmlCacheBehavior [ RunTime:0.000706s ]
INFO: [ app_begin ] --END-- [ RunTime:0.000750s ]
SQL: SHOW COLUMNS FROM `supplier` [ RunTime:0.0041s ]
SQL: SELECT COUNT(*) AS tp_count FROM `supplier` WHERE `status` > -1 LIMIT 1   [ RunTime:0.0003s ]
SQL: SELECT * FROM `supplier` WHERE `status` > -1 LIMIT 0,2   [ RunTime:0.0003s ]
INFO: [ view_parse ] --START--
INFO: [ template_filter ] --START--
INFO: Run Behavior\ContentReplaceBehavior [ RunTime:0.000127s ]
INFO: [ template_filter ] --END-- [ RunTime:0.000207s ]
NOTIC: [8] Undefined index: keyword F:\shop\admin.shop.com\Runtime\Cache\Admin\d67fd13698451d696aeea502d2b8b174.php 第 21 行.
INFO: Run Behavior\ParseTemplateBehavior [ RunTime:0.010590s ]
INFO: [ view_parse ] --END-- [ RunTime:0.010659s ]
INFO: [ view_filter ] --START--
INFO: Run Behavior\WriteHtmlCacheBehavior [ RunTime:0.000681s ]
INFO: [ view_filter ] --END-- [ RunTime:0.000716s ]
INFO: [ app_end ] --START--
INFO: Run Behavior\ShowPageTraceBehavior [ RunTime:0.000861s ]
INFO: [ app_end ] --END-- [ RunTime:0.000898s ]

[ 2016-01-10T10:05:10+08:00 ] 127.0.0.1 /index.php/Admin/Supplier/index/p/1.html
INFO: [ app_init ] --START--
INFO: Run Behavior\BuildLiteBehavior [ RunTime:0.000042s ]
INFO: [ app_init ] --END-- [ RunTime:0.000956s ]
INFO: [ app_begin ] --START--
INFO: Run Behavior\ReadHtmlCacheBehavior [ RunTime:0.000953s ]
INFO: [ app_begin ] --END-- [ RunTime:0.001021s ]
SQL: SHOW COLUMNS FROM `supplier` [ RunTime:0.0043s ]
SQL: SELECT COUNT(*) AS tp_count FROM `supplier` WHERE `status` > -1 LIMIT 1   [ RunTime:0.0004s ]
SQL: SELECT * FROM `supplier` WHERE `status` > -1 LIMIT 0,2   [ RunTime:0.0004s ]
INFO: [ view_parse ] --START--
INFO: [ template_filter ] --START--
INFO: Run Behavior\ContentReplaceBehavior [ RunTime:0.000065s ]
INFO: [ template_filter ] --END-- [ RunTime:0.000108s ]
NOTIC: [8] Undefined index: keyword F:\shop\admin.shop.com\Runtime\Cache\Admin\d67fd13698451d696aeea502d2b8b174.php 第 21 行.
INFO: Run Behavior\ParseTemplateBehavior [ RunTime:0.009115s ]
INFO: [ view_parse ] --END-- [ RunTime:0.009181s ]
INFO: [ view_filter ] --START--
INFO: Run Behavior\WriteHtmlCacheBehavior [ RunTime:0.001476s ]
INFO: [ view_filter ] --END-- [ RunTime:0.001529s ]
INFO: [ app_end ] --START--
INFO: Run Behavior\ShowPageTraceBehavior [ RunTime:0.000851s ]
INFO: [ app_end ] --END-- [ RunTime:0.000891s ]

[ 2016-01-10T10:05:16+08:00 ] 127.0.0.1 /index.php/Admin/Supplier/changeStatus.html
INFO: [ app_init ] --START--
INFO: Run Behavior\BuildLiteBehavior [ RunTime:0.000014s ]
INFO: [ app_init ] --END-- [ RunTime:0.000571s ]
INFO: [ app_begin ] --START--
INFO: Run Behavior\ReadHtmlCacheBehavior [ RunTime:0.000714s ]
INFO: [ app_begin ] --END-- [ RunTime:0.000753s ]
SQL: SHOW COLUMNS FROM `supplier` [ RunTime:0.0038s ]
SQL: UPDATE `supplier` SET `status`='-1',`name`=concat(name,'_del') WHERE `id` IN ('1','2') [ RunTime:0.0004s ]

[ 2016-01-10T10:05:21+08:00 ] 127.0.0.1 /index.php/Admin/Supplier/index/p/1.html
INFO: [ app_init ] --START--
INFO: Run Behavior\BuildLiteBehavior [ RunTime:0.000016s ]
INFO: [ app_init ] --END-- [ RunTime:0.000652s ]
INFO: [ app_begin ] --START--
INFO: Run Behavior\ReadHtmlCacheBehavior [ RunTime:0.001459s ]
INFO: [ app_begin ] --END-- [ RunTime:0.001520s ]
SQL: SHOW COLUMNS FROM `supplier` [ RunTime:0.0040s ]
SQL: SELECT COUNT(*) AS tp_count FROM `supplier` WHERE `status` > -1 LIMIT 1   [ RunTime:0.0009s ]
SQL: SELECT * FROM `supplier` WHERE `status` > -1 LIMIT 0,2   [ RunTime:0.0004s ]
INFO: [ view_parse ] --START--
INFO: [ template_filter ] --START--
INFO: Run Behavior\ContentReplaceBehavior [ RunTime:0.000066s ]
INFO: [ template_filter ] --END-- [ RunTime:0.000110s ]
NOTIC: [8] Undefined index: keyword F:\shop\admin.shop.com\Runtime\Cache\Admin\d67fd13698451d696aeea502d2b8b174.php 第 21 行.
INFO: Run Behavior\ParseTemplateBehavior [ RunTime:0.008898s ]
INFO: [ view_parse ] --END-- [ RunTime:0.008962s ]
INFO: [ view_filter ] --START--
INFO: Run Behavior\WriteHtmlCacheBehavior [ RunTime:0.000483s ]
INFO: [ view_filter ] --END-- [ RunTime:0.000519s ]
INFO: [ app_end ] --START--
INFO: Run Behavior\ShowPageTraceBehavior [ RunTime:0.000694s ]
INFO: [ app_end ] --END-- [ RunTime:0.000730s ]

[ 2016-01-10T10:05:24+08:00 ] 127.0.0.1 /index.php/Admin/Supplier/index/p/6.html
INFO: [ app_init ] --START--
INFO: Run Behavior\BuildLiteBehavior [ RunTime:0.000014s ]
INFO: [ app_init ] --END-- [ RunTime:0.000565s ]
INFO: [ app_begin ] --START--
INFO: Run Behavior\ReadHtmlCacheBehavior [ RunTime:0.000720s ]
INFO: [ app_begin ] --END-- [ RunTime:0.000767s ]
SQL: SHOW COLUMNS FROM `supplier` [ RunTime:0.0041s ]
SQL: SELECT COUNT(*) AS tp_count FROM `supplier` WHERE `status` > -1 LIMIT 1   [ RunTime:0.0003s ]
SQL: SELECT * FROM `supplier` WHERE `status` > -1 LIMIT 10,2   [ RunTime:0.0005s ]
INFO: [ view_parse ] --START--
INFO: [ template_filter ] --START--
INFO: Run Behavior\ContentReplaceBehavior [ RunTime:0.000068s ]
INFO: [ template_filter ] --END-- [ RunTime:0.000115s ]
NOTIC: [8] Undefined index: keyword F:\shop\admin.shop.com\Runtime\Cache\Admin\d67fd13698451d696aeea502d2b8b174.php 第 21 行.
INFO: Run Behavior\ParseTemplateBehavior [ RunTime:0.009466s ]
INFO: [ view_parse ] --END-- [ RunTime:0.009529s ]
INFO: [ view_filter ] --START--
INFO: Run Behavior\WriteHtmlCacheBehavior [ RunTime:0.000527s ]
INFO: [ view_filter ] --END-- [ RunTime:0.000566s ]
INFO: [ app_end ] --START--
INFO: Run Behavior\ShowPageTraceBehavior [ RunTime:0.001116s ]
INFO: [ app_end ] --END-- [ RunTime:0.001198s ]

[ 2016-01-10T10:05:27+08:00 ] 127.0.0.1 /index.php/Admin/Supplier/changeStatus/id/16/status/-1.html
INFO: [ app_init ] --START--
INFO: Run Behavior\BuildLiteBehavior [ RunTime:0.000015s ]
INFO: [ app_init ] --END-- [ RunTime:0.000647s ]
INFO: [ app_begin ] --START--
INFO: Run Behavior\ReadHtmlCacheBehavior [ RunTime:0.000762s ]
INFO: [ app_begin ] --END-- [ RunTime:0.000805s ]
SQL: SHOW COLUMNS FROM `supplier` [ RunTime:0.0038s ]
SQL: UPDATE `supplier` SET `status`='-1',`name`=concat(name,'_del') WHERE `id` IN ('16') [ RunTime:0.0003s ]

[ 2016-01-10T10:05:30+08:00 ] 127.0.0.1 /index.php/Admin/Supplier/index/p/6.html
INFO: [ app_init ] --START--
INFO: Run Behavior\BuildLiteBehavior [ RunTime:0.000013s ]
INFO: [ app_init ] --END-- [ RunTime:0.000558s ]
INFO: [ app_begin ] --START--
INFO: Run Behavior\ReadHtmlCacheBehavior [ RunTime:0.000719s ]
INFO: [ app_begin ] --END-- [ RunTime:0.000761s ]
SQL: SHOW COLUMNS FROM `supplier` [ RunTime:0.0041s ]
SQL: SELECT COUNT(*) AS tp_count FROM `supplier` WHERE `status` > -1 LIMIT 1   [ RunTime:0.0003s ]
SQL: SELECT * FROM `supplier` WHERE `status` > -1 LIMIT 10,2   [ RunTime:0.0003s ]
INFO: [ view_parse ] --START--
INFO: [ template_filter ] --START--
INFO: Run Behavior\ContentReplaceBehavior [ RunTime:0.000068s ]
INFO: [ template_filter ] --END-- [ RunTime:0.000117s ]
NOTIC: [8] Undefined index: keyword F:\shop\admin.shop.com\Runtime\Cache\Admin\d67fd13698451d696aeea502d2b8b174.php 第 21 行.
INFO: Run Behavior\ParseTemplateBehavior [ RunTime:0.007942s ]
INFO: [ view_parse ] --END-- [ RunTime:0.007991s ]
INFO: [ view_filter ] --START--
INFO: Run Behavior\WriteHtmlCacheBehavior [ RunTime:0.000472s ]
INFO: [ view_filter ] --END-- [ RunTime:0.000506s ]
INFO: [ app_end ] --START--
INFO: Run Behavior\ShowPageTraceBehavior [ RunTime:0.000689s ]
INFO: [ app_end ] --END-- [ RunTime:0.000724s ]

[ 2016-01-10T10:05:40+08:00 ] 127.0.0.1 /index.php/Admin/Supplier/index/p/6.html
INFO: [ app_init ] --START--
INFO: Run Behavior\BuildLiteBehavior [ RunTime:0.000014s ]
INFO: [ app_init ] --END-- [ RunTime:0.000638s ]
INFO: [ app_begin ] --START--
INFO: Run Behavior\ReadHtmlCacheBehavior [ RunTime:0.000700s ]
INFO: [ app_begin ] --END-- [ RunTime:0.000744s ]
SQL: SHOW COLUMNS FROM `supplier` [ RunTime:0.0043s ]
SQL: SELECT COUNT(*) AS tp_count FROM `supplier` WHERE `status` > -1 LIMIT 1   [ RunTime:0.0003s ]
SQL: SELECT * FROM `supplier` WHERE `status` > -1 LIMIT 10,2   [ RunTime:0.0003s ]
INFO: [ view_parse ] --START--
INFO: [ template_filter ] --START--
INFO: Run Behavior\ContentReplaceBehavior [ RunTime:0.000069s ]
INFO: [ template_filter ] --END-- [ RunTime:0.000163s ]
NOTIC: [8] Undefined index: keyword F:\shop\admin.shop.com\Runtime\Cache\Admin\d67fd13698451d696aeea502d2b8b174.php 第 21 行.
INFO: Run Behavior\ParseTemplateBehavior [ RunTime:0.008583s ]
INFO: [ view_parse ] --END-- [ RunTime:0.008648s ]
INFO: [ view_filter ] --START--
INFO: Run Behavior\WriteHtmlCacheBehavior [ RunTime:0.000655s ]
INFO: [ view_filter ] --END-- [ RunTime:0.000717s ]
INFO: [ app_end ] --START--
INFO: Run Behavior\ShowPageTraceBehavior [ RunTime:0.000984s ]
INFO: [ app_end ] --END-- [ RunTime:0.001040s ]

[ 2016-01-10T10:05:42+08:00 ] 127.0.0.1 /index.php/Admin/Supplier/index/p/6.html
INFO: [ app_init ] --START--
INFO: Run Behavior\BuildLiteBehavior [ RunTime:0.000014s ]
INFO: [ app_init ] --END-- [ RunTime:0.000704s ]
INFO: [ app_begin ] --START--
INFO: Run Behavior\ReadHtmlCacheBehavior [ RunTime:0.000633s ]
INFO: [ app_begin ] --END-- [ RunTime:0.000676s ]
SQL: SHOW COLUMNS FROM `supplier` [ RunTime:0.0040s ]
SQL: SELECT COUNT(*) AS tp_count FROM `supplier` WHERE `status` > -1 LIMIT 1   [ RunTime:0.0003s ]
SQL: SELECT * FROM `supplier` WHERE `status` > -1 LIMIT 10,2   [ RunTime:0.0004s ]
INFO: [ view_parse ] --START--
INFO: [ template_filter ] --START--
INFO: Run Behavior\ContentReplaceBehavior [ RunTime:0.000064s ]
INFO: [ template_filter ] --END-- [ RunTime:0.000110s ]
NOTIC: [8] Undefined index: keyword F:\shop\admin.shop.com\Runtime\Cache\Admin\d67fd13698451d696aeea502d2b8b174.php 第 21 行.
INFO: Run Behavior\ParseTemplateBehavior [ RunTime:0.009495s ]
INFO: [ view_parse ] --END-- [ RunTime:0.009545s ]
INFO: [ view_filter ] --START--
INFO: Run Behavior\WriteHtmlCacheBehavior [ RunTime:0.000537s ]
INFO: [ view_filter ] --END-- [ RunTime:0.000579s ]
INFO: [ app_end ] --START--
INFO: Run Behavior\ShowPageTraceBehavior [ RunTime:0.000728s ]
INFO: [ app_end ] --END-- [ RunTime:0.000764s ]

[ 2016-01-10T10:05:45+08:00 ] 127.0.0.1 /index.php/Admin/Supplier/index/p/6.html
INFO: [ app_init ] --START--
INFO: Run Behavior\BuildLiteBehavior [ RunTime:0.000017s ]
INFO: [ app_init ] --END-- [ RunTime:0.000693s ]
INFO: [ app_begin ] --START--
INFO: Run Behavior\ReadHtmlCacheBehavior [ RunTime:0.000869s ]
INFO: [ app_begin ] --END-- [ RunTime:0.000923s ]
SQL: SHOW COLUMNS FROM `supplier` [ RunTime:0.0044s ]
SQL: SELECT COUNT(*) AS tp_count FROM `supplier` WHERE `status` > -1 LIMIT 1   [ RunTime:0.0003s ]
SQL: SELECT * FROM `supplier` WHERE `status` > -1 LIMIT 10,2   [ RunTime:0.0003s ]
INFO: [ view_parse ] --START--
INFO: [ template_filter ] --START--
INFO: Run Behavior\ContentReplaceBehavior [ RunTime:0.000102s ]
INFO: [ template_filter ] --END-- [ RunTime:0.000175s ]
NOTIC: [8] Undefined index: keyword F:\shop\admin.shop.com\Runtime\Cache\Admin\d67fd13698451d696aeea502d2b8b174.php 第 21 行.
INFO: Run Behavior\ParseTemplateBehavior [ RunTime:0.011339s ]
INFO: [ view_parse ] --END-- [ RunTime:0.011417s ]
INFO: [ view_filter ] --START--
INFO: Run Behavior\WriteHtmlCacheBehavior [ RunTime:0.001173s ]
INFO: [ view_filter ] --END-- [ RunTime:0.001247s ]
INFO: [ app_end ] --START--
INFO: Run Behavior\ShowPageTraceBehavior [ RunTime:0.001244s ]
INFO: [ app_end ] --END-- [ RunTime:0.001322s ]

[ 2016-01-10T10:05:55+08:00 ] 127.0.0.1 /index.php/Admin/Supplier/changeStatus/id/15/status/-1.html
INFO: [ app_init ] --START--
INFO: Run Behavior\BuildLiteBehavior [ RunTime:0.000013s ]
INFO: [ app_init ] --END-- [ RunTime:0.000580s ]
INFO: [ app_begin ] --START--
INFO: Run Behavior\ReadHtmlCacheBehavior [ RunTime:0.000718s ]
INFO: [ app_begin ] --END-- [ RunTime:0.000762s ]
SQL: SHOW COLUMNS FROM `supplier` [ RunTime:0.0038s ]
SQL: UPDATE `supplier` SET `status`='-1',`name`=concat(name,'_del') WHERE `id` IN ('15') [ RunTime:0.0003s ]

[ 2016-01-10T10:05:58+08:00 ] 127.0.0.1 /index.php/Admin/Supplier/index/p/6.html
INFO: [ app_init ] --START--
INFO: Run Behavior\BuildLiteBehavior [ RunTime:0.000014s ]
INFO: [ app_init ] --END-- [ RunTime:0.000621s ]
INFO: [ app_begin ] --START--
INFO: Run Behavior\ReadHtmlCacheBehavior [ RunTime:0.000741s ]
INFO: [ app_begin ] --END-- [ RunTime:0.000784s ]
SQL: SHOW COLUMNS FROM `supplier` [ RunTime:0.0041s ]
SQL: SELECT COUNT(*) AS tp_count FROM `supplier` WHERE `status` > -1 LIMIT 1   [ RunTime:0.0003s ]
SQL: SELECT * FROM `supplier` WHERE `status` > -1 LIMIT 10,2   [ RunTime:0.0004s ]
INFO: [ view_parse ] --START--
INFO: [ template_filter ] --START--
INFO: Run Behavior\ContentReplaceBehavior [ RunTime:0.000067s ]
INFO: [ template_filter ] --END-- [ RunTime:0.000112s ]
NOTIC: [8] Undefined index: keyword F:\shop\admin.shop.com\Runtime\Cache\Admin\d67fd13698451d696aeea502d2b8b174.php 第 21 行.
INFO: Run Behavior\ParseTemplateBehavior [ RunTime:0.057644s ]
INFO: [ view_parse ] --END-- [ RunTime:0.057854s ]
INFO: [ view_filter ] --START--
INFO: Run Behavior\WriteHtmlCacheBehavior [ RunTime:0.000713s ]
INFO: [ view_filter ] --END-- [ RunTime:0.000754s ]
INFO: [ app_end ] --START--
INFO: Run Behavior\ShowPageTraceBehavior [ RunTime:0.000775s ]
INFO: [ app_end ] --END-- [ RunTime:0.000814s ]

[ 2016-01-10T10:10:06+08:00 ] 127.0.0.1 /index.php/Admin/Supplier/index/p/6.html
INFO: [ app_init ] --START--
INFO: Run Behavior\BuildLiteBehavior [ RunTime:0.000018s ]
INFO: [ app_init ] --END-- [ RunTime:0.000579s ]
INFO: [ app_begin ] --START--
INFO: Run Behavior\ReadHtmlCacheBehavior [ RunTime:0.000820s ]
INFO: [ app_begin ] --END-- [ RunTime:0.000878s ]
SQL: SHOW COLUMNS FROM `supplier` [ RunTime:0.0043s ]
SQL: SELECT COUNT(*) AS tp_count FROM `supplier` WHERE `status` > -1 LIMIT 1   [ RunTime:0.0003s ]
SQL: SELECT * FROM `supplier` WHERE `status` > -1 LIMIT 10,2   [ RunTime:0.0003s ]
INFO: [ view_parse ] --START--
INFO: [ template_filter ] --START--
INFO: Run Behavior\ContentReplaceBehavior [ RunTime:0.000068s ]
INFO: [ template_filter ] --END-- [ RunTime:0.000113s ]
NOTIC: [8] Undefined index: keyword F:\shop\admin.shop.com\Runtime\Cache\Admin\d67fd13698451d696aeea502d2b8b174.php 第 21 行.
INFO: Run Behavior\ParseTemplateBehavior [ RunTime:0.009978s ]
INFO: [ view_parse ] --END-- [ RunTime:0.010076s ]
INFO: [ view_filter ] --START--
INFO: Run Behavior\WriteHtmlCacheBehavior [ RunTime:0.000596s ]
INFO: [ view_filter ] --END-- [ RunTime:0.000631s ]
INFO: [ app_end ] --START--
INFO: Run Behavior\ShowPageTraceBehavior [ RunTime:0.000897s ]
INFO: [ app_end ] --END-- [ RunTime:0.000954s ]

[ 2016-01-10T10:10:06+08:00 ] 127.0.0.1 /index.php/Admin/Supplier/index/p/6.html
INFO: [ app_init ] --START--
INFO: Run Behavior\BuildLiteBehavior [ RunTime:0.000020s ]
INFO: [ app_init ] --END-- [ RunTime:0.000831s ]
INFO: [ app_begin ] --START--
INFO: Run Behavior\ReadHtmlCacheBehavior [ RunTime:0.001619s ]
INFO: [ app_begin ] --END-- [ RunTime:0.001735s ]
SQL: SHOW COLUMNS FROM `supplier` [ RunTime:0.0069s ]
SQL: SELECT COUNT(*) AS tp_count FROM `supplier` WHERE `status` > -1 LIMIT 1   [ RunTime:0.0004s ]
SQL: SELECT * FROM `supplier` WHERE `status` > -1 LIMIT 10,2   [ RunTime:0.0005s ]
INFO: [ view_parse ] --START--
INFO: [ template_filter ] --START--
INFO: Run Behavior\ContentReplaceBehavior [ RunTime:0.000114s ]
INFO: [ template_filter ] --END-- [ RunTime:0.000228s ]
NOTIC: [8] Undefined index: keyword F:\shop\admin.shop.com\Runtime\Cache\Admin\d67fd13698451d696aeea502d2b8b174.php 第 21 行.
INFO: Run Behavior\ParseTemplateBehavior [ RunTime:0.015835s ]
INFO: [ view_parse ] --END-- [ RunTime:0.015938s ]
INFO: [ view_filter ] --START--
INFO: Run Behavior\WriteHtmlCacheBehavior [ RunTime:0.012575s ]
INFO: [ view_filter ] --END-- [ RunTime:0.012639s ]
INFO: [ app_end ] --START--
INFO: Run Behavior\ShowPageTraceBehavior [ RunTime:0.003731s ]
INFO: [ app_end ] --END-- [ RunTime:0.003805s ]

[ 2016-01-10T10:10:07+08:00 ] 127.0.0.1 /index.php/Admin/Supplier/index/p/6.html
INFO: [ app_init ] --START--
INFO: Run Behavior\BuildLiteBehavior [ RunTime:0.000016s ]
INFO: [ app_init ] --END-- [ RunTime:0.001431s ]
INFO: [ app_begin ] --START--
INFO: Run Behavior\ReadHtmlCacheBehavior [ RunTime:0.000993s ]
INFO: [ app_begin ] --END-- [ RunTime:0.001047s ]
SQL: SHOW COLUMNS FROM `supplier` [ RunTime:0.0053s ]
SQL: SELECT COUNT(*) AS tp_count FROM `supplier` WHERE `status` > -1 LIMIT 1   [ RunTime:0.0003s ]
SQL: SELECT * FROM `supplier` WHERE `status` > -1 LIMIT 10,2   [ RunTime:0.0004s ]
INFO: [ view_parse ] --START--
INFO: [ template_filter ] --START--
INFO: Run Behavior\ContentReplaceBehavior [ RunTime:0.000106s ]
INFO: [ template_filter ] --END-- [ RunTime:0.000197s ]
NOTIC: [8] Undefined index: keyword F:\shop\admin.shop.com\Runtime\Cache\Admin\d67fd13698451d696aeea502d2b8b174.php 第 21 行.
INFO: Run Behavior\ParseTemplateBehavior [ RunTime:0.011126s ]
INFO: [ view_parse ] --END-- [ RunTime:0.011194s ]
INFO: [ view_filter ] --START--
INFO: Run Behavior\WriteHtmlCacheBehavior [ RunTime:0.000586s ]
INFO: [ view_filter ] --END-- [ RunTime:0.000621s ]
INFO: [ app_end ] --START--
INFO: Run Behavior\ShowPageTraceBehavior [ RunTime:0.000828s ]
INFO: [ app_end ] --END-- [ RunTime:0.000888s ]

[ 2016-01-10T10:10:07+08:00 ] 127.0.0.1 /index.php/Admin/Supplier/index/p/6.html
INFO: [ app_init ] --START--
INFO: Run Behavior\BuildLiteBehavior [ RunTime:0.000014s ]
INFO: [ app_init ] --END-- [ RunTime:0.000620s ]
INFO: [ app_begin ] --START--
INFO: Run Behavior\ReadHtmlCacheBehavior [ RunTime:0.000861s ]
INFO: [ app_begin ] --END-- [ RunTime:0.000908s ]
SQL: SHOW COLUMNS FROM `supplier` [ RunTime:0.0041s ]
SQL: SELECT COUNT(*) AS tp_count FROM `supplier` WHERE `status` > -1 LIMIT 1   [ RunTime:0.0003s ]
SQL: SELECT * FROM `supplier` WHERE `status` > -1 LIMIT 10,2   [ RunTime:0.0005s ]
INFO: [ view_parse ] --START--
INFO: [ template_filter ] --START--
INFO: Run Behavior\ContentReplaceBehavior [ RunTime:0.000083s ]
INFO: [ template_filter ] --END-- [ RunTime:0.000145s ]
NOTIC: [8] Undefined index: keyword F:\shop\admin.shop.com\Runtime\Cache\Admin\d67fd13698451d696aeea502d2b8b174.php 第 21 行.
INFO: Run Behavior\ParseTemplateBehavior [ RunTime:0.010418s ]
INFO: [ view_parse ] --END-- [ RunTime:0.010507s ]
INFO: [ view_filter ] --START--
INFO: Run Behavior\WriteHtmlCacheBehavior [ RunTime:0.000587s ]
INFO: [ view_filter ] --END-- [ RunTime:0.000622s ]
INFO: [ app_end ] --START--
INFO: Run Behavior\ShowPageTraceBehavior [ RunTime:0.000813s ]
INFO: [ app_end ] --END-- [ RunTime:0.000849s ]

[ 2016-01-10T10:10:08+08:00 ] 127.0.0.1 /index.php/Admin/Supplier/index/p/6.html
INFO: [ app_init ] --START--
INFO: Run Behavior\BuildLiteBehavior [ RunTime:0.000014s ]
INFO: [ app_init ] --END-- [ RunTime:0.000575s ]
INFO: [ app_begin ] --START--
INFO: Run Behavior\ReadHtmlCacheBehavior [ RunTime:0.000727s ]
INFO: [ app_begin ] --END-- [ RunTime:0.000769s ]
SQL: SHOW COLUMNS FROM `supplier` [ RunTime:0.0055s ]
SQL: SELECT COUNT(*) AS tp_count FROM `supplier` WHERE `status` > -1 LIMIT 1   [ RunTime:0.0003s ]
SQL: SELECT * FROM `supplier` WHERE `status` > -1 LIMIT 10,2   [ RunTime:0.0003s ]
INFO: [ view_parse ] --START--
INFO: [ template_filter ] --START--
INFO: Run Behavior\ContentReplaceBehavior [ RunTime:0.000077s ]
INFO: [ template_filter ] --END-- [ RunTime:0.000135s ]
NOTIC: [8] Undefined index: keyword F:\shop\admin.shop.com\Runtime\Cache\Admin\d67fd13698451d696aeea502d2b8b174.php 第 21 行.
INFO: Run Behavior\ParseTemplateBehavior [ RunTime:0.011731s ]
INFO: [ view_parse ] --END-- [ RunTime:0.011782s ]
INFO: [ view_filter ] --START--
INFO: Run Behavior\WriteHtmlCacheBehavior [ RunTime:0.000466s ]
INFO: [ view_filter ] --END-- [ RunTime:0.000499s ]
INFO: [ app_end ] --START--
INFO: Run Behavior\ShowPageTraceBehavior [ RunTime:0.000729s ]
INFO: [ app_end ] --END-- [ RunTime:0.000783s ]

[ 2016-01-10T10:10:08+08:00 ] 127.0.0.1 /index.php/Admin/Supplier/index/p/6.html
INFO: [ app_init ] --START--
INFO: Run Behavior\BuildLiteBehavior [ RunTime:0.000014s ]
INFO: [ app_init ] --END-- [ RunTime:0.000549s ]
INFO: [ app_begin ] --START--
INFO: Run Behavior\ReadHtmlCacheBehavior [ RunTime:0.001138s ]
INFO: [ app_begin ] --END-- [ RunTime:0.001196s ]
SQL: SHOW COLUMNS FROM `supplier` [ RunTime:0.0051s ]
SQL: SELECT COUNT(*) AS tp_count FROM `supplier` WHERE `status` > -1 LIMIT 1   [ RunTime:0.0003s ]
SQL: SELECT * FROM `supplier` WHERE `status` > -1 LIMIT 10,2   [ RunTime:0.0003s ]
INFO: [ view_parse ] --START--
INFO: [ template_filter ] --START--
INFO: Run Behavior\ContentReplaceBehavior [ RunTime:0.000105s ]
INFO: [ template_filter ] --END-- [ RunTime:0.000176s ]
NOTIC: [8] Undefined index: keyword F:\shop\admin.shop.com\Runtime\Cache\Admin\d67fd13698451d696aeea502d2b8b174.php 第 21 行.
INFO: Run Behavior\ParseTemplateBehavior [ RunTime:0.010048s ]
INFO: [ view_parse ] --END-- [ RunTime:0.010135s ]
INFO: [ view_filter ] --START--
INFO: Run Behavior\WriteHtmlCacheBehavior [ RunTime:0.000511s ]
INFO: [ view_filter ] --END-- [ RunTime:0.000546s ]
INFO: [ app_end ] --START--
INFO: Run Behavior\ShowPageTraceBehavior [ RunTime:0.001002s ]
INFO: [ app_end ] --END-- [ RunTime:0.001059s ]

[ 2016-01-10T10:10:09+08:00 ] 127.0.0.1 /index.php/Admin/Supplier/index/p/1.html
INFO: [ app_init ] --START--
INFO: Run Behavior\BuildLiteBehavior [ RunTime:0.000018s ]
INFO: [ app_init ] --END-- [ RunTime:0.000723s ]
INFO: [ app_begin ] --START--
INFO: Run Behavior\ReadHtmlCacheBehavior [ RunTime:0.001360s ]
INFO: [ app_begin ] --END-- [ RunTime:0.001429s ]
SQL: SHOW COLUMNS FROM `supplier` [ RunTime:0.0040s ]
SQL: SELECT COUNT(*) AS tp_count FROM `supplier` WHERE `status` > -1 LIMIT 1   [ RunTime:0.0010s ]
SQL: SELECT * FROM `supplier` WHERE `status` > -1 LIMIT 0,2   [ RunTime:0.0003s ]
INFO: [ view_parse ] --START--
INFO: [ template_filter ] --START--
INFO: Run Behavior\ContentReplaceBehavior [ RunTime:0.000064s ]
INFO: [ template_filter ] --END-- [ RunTime:0.000141s ]
NOTIC: [8] Undefined index: keyword F:\shop\admin.shop.com\Runtime\Cache\Admin\d67fd13698451d696aeea502d2b8b174.php 第 21 行.
INFO: Run Behavior\ParseTemplateBehavior [ RunTime:0.008216s ]
INFO: [ view_parse ] --END-- [ RunTime:0.008268s ]
INFO: [ view_filter ] --START--
INFO: Run Behavior\WriteHtmlCacheBehavior [ RunTime:0.000447s ]
INFO: [ view_filter ] --END-- [ RunTime:0.000479s ]
INFO: [ app_end ] --START--
INFO: Run Behavior\ShowPageTraceBehavior [ RunTime:0.000707s ]
INFO: [ app_end ] --END-- [ RunTime:0.000743s ]

[ 2016-01-10T10:10:11+08:00 ] 127.0.0.1 /index.php/Admin/Supplier/index/p/1.html
INFO: [ app_init ] --START--
INFO: Run Behavior\BuildLiteBehavior [ RunTime:0.000014s ]
INFO: [ app_init ] --END-- [ RunTime:0.000584s ]
INFO: [ app_begin ] --START--
INFO: Run Behavior\ReadHtmlCacheBehavior [ RunTime:0.000699s ]
INFO: [ app_begin ] --END-- [ RunTime:0.000747s ]
SQL: SHOW COLUMNS FROM `supplier` [ RunTime:0.0047s ]
SQL: SELECT COUNT(*) AS tp_count FROM `supplier` WHERE `status` > -1 LIMIT 1   [ RunTime:0.0003s ]
SQL: SELECT * FROM `supplier` WHERE `status` > -1 LIMIT 0,2   [ RunTime:0.0003s ]
INFO: [ view_parse ] --START--
INFO: [ template_filter ] --START--
INFO: Run Behavior\ContentReplaceBehavior [ RunTime:0.000096s ]
INFO: [ template_filter ] --END-- [ RunTime:0.000162s ]
NOTIC: [8] Undefined index: keyword F:\shop\admin.shop.com\Runtime\Cache\Admin\d67fd13698451d696aeea502d2b8b174.php 第 21 行.
INFO: Run Behavior\ParseTemplateBehavior [ RunTime:0.008400s ]
INFO: [ view_parse ] --END-- [ RunTime:0.008456s ]
INFO: [ view_filter ] --START--
INFO: Run Behavior\WriteHtmlCacheBehavior [ RunTime:0.000933s ]
INFO: [ view_filter ] --END-- [ RunTime:0.000972s ]
INFO: [ app_end ] --START--
INFO: Run Behavior\ShowPageTraceBehavior [ RunTime:0.001013s ]
INFO: [ app_end ] --END-- [ RunTime:0.001076s ]

[ 2016-01-10T10:10:11+08:00 ] 127.0.0.1 /index.php/Admin/Supplier/index/p/1.html
INFO: [ app_init ] --START--
INFO: Run Behavior\BuildLiteBehavior [ RunTime:0.000014s ]
INFO: [ app_init ] --END-- [ RunTime:0.000578s ]
INFO: [ app_begin ] --START--
INFO: Run Behavior\ReadHtmlCacheBehavior [ RunTime:0.000702s ]
INFO: [ app_begin ] --END-- [ RunTime:0.000745s ]
SQL: SHOW COLUMNS FROM `supplier` [ RunTime:0.0040s ]
SQL: SELECT COUNT(*) AS tp_count FROM `supplier` WHERE `status` > -1 LIMIT 1   [ RunTime:0.0003s ]
SQL: SELECT * FROM `supplier` WHERE `status` > -1 LIMIT 0,2   [ RunTime:0.0003s ]
INFO: [ view_parse ] --START--
INFO: [ template_filter ] --START--
INFO: Run Behavior\ContentReplaceBehavior [ RunTime:0.000220s ]
INFO: [ template_filter ] --END-- [ RunTime:0.000400s ]
NOTIC: [8] Undefined index: keyword F:\shop\admin.shop.com\Runtime\Cache\Admin\d67fd13698451d696aeea502d2b8b174.php 第 21 行.
INFO: Run Behavior\ParseTemplateBehavior [ RunTime:0.011129s ]
INFO: [ view_parse ] --END-- [ RunTime:0.011200s ]
INFO: [ view_filter ] --START--
INFO: Run Behavior\WriteHtmlCacheBehavior [ RunTime:0.000494s ]
INFO: [ view_filter ] --END-- [ RunTime:0.000527s ]
INFO: [ app_end ] --START--
INFO: Run Behavior\ShowPageTraceBehavior [ RunTime:0.000693s ]
INFO: [ app_end ] --END-- [ RunTime:0.000729s ]

[ 2016-01-10T10:10:14+08:00 ] 127.0.0.1 /index.php/Admin/Supplier/changeStatus/status/0.html
INFO: [ app_init ] --START--
INFO: Run Behavior\BuildLiteBehavior [ RunTime:0.000013s ]
INFO: [ app_init ] --END-- [ RunTime:0.000572s ]
INFO: [ app_begin ] --START--
INFO: Run Behavior\ReadHtmlCacheBehavior [ RunTime:0.000732s ]
INFO: [ app_begin ] --END-- [ RunTime:0.000798s ]
SQL: SHOW COLUMNS FROM `supplier` [ RunTime:0.0038s ]
ERR: 参数错误或者未定义:id

[ 2016-01-10T10:10:17+08:00 ] 127.0.0.1 /index.php/Admin/Supplier/index/p/1.html
INFO: [ app_init ] --START--
INFO: Run Behavior\BuildLiteBehavior [ RunTime:0.000013s ]
INFO: [ app_init ] --END-- [ RunTime:0.000558s ]
INFO: [ app_begin ] --START--
INFO: Run Behavior\ReadHtmlCacheBehavior [ RunTime:0.000690s ]
INFO: [ app_begin ] --END-- [ RunTime:0.000734s ]
SQL: SHOW COLUMNS FROM `supplier` [ RunTime:0.0040s ]
SQL: SELECT COUNT(*) AS tp_count FROM `supplier` WHERE `status` > -1 LIMIT 1   [ RunTime:0.0003s ]
SQL: SELECT * FROM `supplier` WHERE `status` > -1 LIMIT 0,2   [ RunTime:0.0004s ]
INFO: [ view_parse ] --START--
INFO: [ template_filter ] --START--
INFO: Run Behavior\ContentReplaceBehavior [ RunTime:0.000066s ]
INFO: [ template_filter ] --END-- [ RunTime:0.000110s ]
NOTIC: [8] Undefined index: keyword F:\shop\admin.shop.com\Runtime\Cache\Admin\d67fd13698451d696aeea502d2b8b174.php 第 21 行.
INFO: Run Behavior\ParseTemplateBehavior [ RunTime:0.009641s ]
INFO: [ view_parse ] --END-- [ RunTime:0.009723s ]
INFO: [ view_filter ] --START--
INFO: Run Behavior\WriteHtmlCacheBehavior [ RunTime:0.000465s ]
INFO: [ view_filter ] --END-- [ RunTime:0.000499s ]
INFO: [ app_end ] --START--
INFO: Run Behavior\ShowPageTraceBehavior [ RunTime:0.000698s ]
INFO: [ app_end ] --END-- [ RunTime:0.000736s ]

[ 2016-01-10T10:10:18+08:00 ] 127.0.0.1 /index.php/Admin/Supplier/changeStatus/status/0.html
INFO: [ app_init ] --START--
INFO: Run Behavior\BuildLiteBehavior [ RunTime:0.000012s ]
INFO: [ app_init ] --END-- [ RunTime:0.000573s ]
INFO: [ app_begin ] --START--
INFO: Run Behavior\ReadHtmlCacheBehavior [ RunTime:0.000734s ]
INFO: [ app_begin ] --END-- [ RunTime:0.000809s ]
SQL: SHOW COLUMNS FROM `supplier` [ RunTime:0.0038s ]
ERR: 参数错误或者未定义:id

[ 2016-01-10T10:10:19+08:00 ] 127.0.0.1 /index.php/Admin/Supplier/index/p/1.html
INFO: [ app_init ] --START--
INFO: Run Behavior\BuildLiteBehavior [ RunTime:0.000012s ]
INFO: [ app_init ] --END-- [ RunTime:0.000578s ]
INFO: [ app_begin ] --START--
INFO: Run Behavior\ReadHtmlCacheBehavior [ RunTime:0.000697s ]
INFO: [ app_begin ] --END-- [ RunTime:0.000741s ]
SQL: SHOW COLUMNS FROM `supplier` [ RunTime:0.0038s ]
SQL: SELECT COUNT(*) AS tp_count FROM `supplier` WHERE `status` > -1 LIMIT 1   [ RunTime:0.0003s ]
SQL: SELECT * FROM `supplier` WHERE `status` > -1 LIMIT 0,2   [ RunTime:0.0003s ]
INFO: [ view_parse ] --START--
INFO: [ template_filter ] --START--
INFO: Run Behavior\ContentReplaceBehavior [ RunTime:0.000072s ]
INFO: [ template_filter ] --END-- [ RunTime:0.000124s ]
NOTIC: [8] Undefined index: keyword F:\shop\admin.shop.com\Runtime\Cache\Admin\d67fd13698451d696aeea502d2b8b174.php 第 21 行.
INFO: Run Behavior\ParseTemplateBehavior [ RunTime:0.010167s ]
INFO: [ view_parse ] --END-- [ RunTime:0.010241s ]
INFO: [ view_filter ] --START--
INFO: Run Behavior\WriteHtmlCacheBehavior [ RunTime:0.000463s ]
INFO: [ view_filter ] --END-- [ RunTime:0.000497s ]
INFO: [ app_end ] --START--
INFO: Run Behavior\ShowPageTraceBehavior [ RunTime:0.000696s ]
INFO: [ app_end ] --END-- [ RunTime:0.000750s ]

[ 2016-01-10T10:11:55+08:00 ] 127.0.0.1 /index.php/Admin/Supplier/changeStatus.html
INFO: [ app_init ] --START--
INFO: Run Behavior\BuildLiteBehavior [ RunTime:0.000013s ]
INFO: [ app_init ] --END-- [ RunTime:0.000564s ]
INFO: [ app_begin ] --START--
INFO: Run Behavior\ReadHtmlCacheBehavior [ RunTime:0.000663s ]
INFO: [ app_begin ] --END-- [ RunTime:0.000703s ]
SQL: SHOW COLUMNS FROM `supplier` [ RunTime:0.0044s ]
SQL: UPDATE `supplier` SET `status`='-1',`name`=concat(name,'_del') WHERE `id` IN ('1','2') [ RunTime:0.0004s ]

[ 2016-01-10T10:11:57+08:00 ] 127.0.0.1 /index.php/Admin/Supplier/index/p/1.html
INFO: [ app_init ] --START--
INFO: Run Behavior\BuildLiteBehavior [ RunTime:0.000014s ]
INFO: [ app_init ] --END-- [ RunTime:0.000567s ]
INFO: [ app_begin ] --START--
INFO: Run Behavior\ReadHtmlCacheBehavior [ RunTime:0.000878s ]
INFO: [ app_begin ] --END-- [ RunTime:0.000932s ]
SQL: SHOW COLUMNS FROM `supplier` [ RunTime:0.0064s ]
SQL: SELECT COUNT(*) AS tp_count FROM `supplier` WHERE `status` > -1 LIMIT 1   [ RunTime:0.0003s ]
SQL: SELECT * FROM `supplier` WHERE `status` > -1 LIMIT 0,2   [ RunTime:0.0004s ]
INFO: [ view_parse ] --START--
INFO: [ template_filter ] --START--
INFO: Run Behavior\ContentReplaceBehavior [ RunTime:0.000069s ]
INFO: [ template_filter ] --END-- [ RunTime:0.000116s ]
NOTIC: [8] Undefined index: keyword F:\shop\admin.shop.com\Runtime\Cache\Admin\d67fd13698451d696aeea502d2b8b174.php 第 21 行.
INFO: Run Behavior\ParseTemplateBehavior [ RunTime:0.009472s ]
INFO: [ view_parse ] --END-- [ RunTime:0.009569s ]
INFO: [ view_filter ] --START--
INFO: Run Behavior\WriteHtmlCacheBehavior [ RunTime:0.001084s ]
INFO: [ view_filter ] --END-- [ RunTime:0.001133s ]
INFO: [ app_end ] --START--
INFO: Run Behavior\ShowPageTraceBehavior [ RunTime:0.001095s ]
INFO: [ app_end ] --END-- [ RunTime:0.001154s ]

[ 2016-01-10T10:12:21+08:00 ] 127.0.0.1 /index.php/Admin/Supplier/index/p/1.html
INFO: [ app_init ] --START--
INFO: Run Behavior\BuildLiteBehavior [ RunTime:0.000014s ]
INFO: [ app_init ] --END-- [ RunTime:0.000622s ]
INFO: [ app_begin ] --START--
INFO: Run Behavior\ReadHtmlCacheBehavior [ RunTime:0.000863s ]
INFO: [ app_begin ] --END-- [ RunTime:0.000907s ]
SQL: SHOW COLUMNS FROM `supplier` [ RunTime:0.0040s ]
SQL: SELECT COUNT(*) AS tp_count FROM `supplier` WHERE `status` > -1 LIMIT 1   [ RunTime:0.0003s ]
SQL: SELECT * FROM `supplier` WHERE `status` > -1 LIMIT 0,2   [ RunTime:0.0004s ]
INFO: [ view_parse ] --START--
INFO: [ template_filter ] --START--
INFO: Run Behavior\ContentReplaceBehavior [ RunTime:0.000068s ]
INFO: [ template_filter ] --END-- [ RunTime:0.000129s ]
NOTIC: [8] Undefined index: keyword F:\shop\admin.shop.com\Runtime\Cache\Admin\d67fd13698451d696aeea502d2b8b174.php 第 21 行.
INFO: Run Behavior\ParseTemplateBehavior [ RunTime:0.010769s ]
INFO: [ view_parse ] --END-- [ RunTime:0.010844s ]
INFO: [ view_filter ] --START--
INFO: Run Behavior\WriteHtmlCacheBehavior [ RunTime:0.000583s ]
INFO: [ view_filter ] --END-- [ RunTime:0.000654s ]
INFO: [ app_end ] --START--
INFO: Run Behavior\ShowPageTraceBehavior [ RunTime:0.001091s ]
INFO: [ app_end ] --END-- [ RunTime:0.001148s ]

[ 2016-01-10T10:12:26+08:00 ] 127.0.0.1 /index.php/Admin/Supplier/changeStatus/status/0.html
INFO: [ app_init ] --START--
INFO: Run Behavior\BuildLiteBehavior [ RunTime:0.000023s ]
INFO: [ app_init ] --END-- [ RunTime:0.000631s ]
INFO: [ app_begin ] --START--
INFO: Run Behavior\ReadHtmlCacheBehavior [ RunTime:0.000864s ]
INFO: [ app_begin ] --END-- [ RunTime:0.000903s ]
SQL: SHOW COLUMNS FROM `supplier` [ RunTime:0.0039s ]
SQL: UPDATE `supplier` SET `status`='0' WHERE `id` IN ('1','2') [ RunTime:0.0003s ]

[ 2016-01-10T10:12:29+08:00 ] 127.0.0.1 /index.php/Admin/Supplier/index/p/1.html
INFO: [ app_init ] --START--
INFO: Run Behavior\BuildLiteBehavior [ RunTime:0.000013s ]
INFO: [ app_init ] --END-- [ RunTime:0.000573s ]
INFO: [ app_begin ] --START--
INFO: Run Behavior\ReadHtmlCacheBehavior [ RunTime:0.000754s ]
INFO: [ app_begin ] --END-- [ RunTime:0.000800s ]
SQL: SHOW COLUMNS FROM `supplier` [ RunTime:0.0039s ]
SQL: SELECT COUNT(*) AS tp_count FROM `supplier` WHERE `status` > -1 LIMIT 1   [ RunTime:0.0003s ]
SQL: SELECT * FROM `supplier` WHERE `status` > -1 LIMIT 0,2   [ RunTime:0.0003s ]
INFO: [ view_parse ] --START--
INFO: [ template_filter ] --START--
INFO: Run Behavior\ContentReplaceBehavior [ RunTime:0.000065s ]
INFO: [ template_filter ] --END-- [ RunTime:0.000110s ]
NOTIC: [8] Undefined index: keyword F:\shop\admin.shop.com\Runtime\Cache\Admin\d67fd13698451d696aeea502d2b8b174.php 第 21 行.
INFO: Run Behavior\ParseTemplateBehavior [ RunTime:0.010037s ]
INFO: [ view_parse ] --END-- [ RunTime:0.010102s ]
INFO: [ view_filter ] --START--
INFO: Run Behavior\WriteHtmlCacheBehavior [ RunTime:0.000894s ]
INFO: [ view_filter ] --END-- [ RunTime:0.000973s ]
INFO: [ app_end ] --START--
INFO: Run Behavior\ShowPageTraceBehavior [ RunTime:0.001313s ]
INFO: [ app_end ] --END-- [ RunTime:0.001381s ]

[ 2016-01-10T10:12:32+08:00 ] 127.0.0.1 /index.php/Admin/Supplier/changeStatus/status/1.html
INFO: [ app_init ] --START--
INFO: Run Behavior\BuildLiteBehavior [ RunTime:0.000014s ]
INFO: [ app_init ] --END-- [ RunTime:0.000719s ]
INFO: [ app_begin ] --START--
INFO: Run Behavior\ReadHtmlCacheBehavior [ RunTime:0.000784s ]
INFO: [ app_begin ] --END-- [ RunTime:0.000828s ]
SQL: SHOW COLUMNS FROM `supplier` [ RunTime:0.0041s ]
ERR: 参数错误或者未定义:id

[ 2016-01-10T10:12:33+08:00 ] 127.0.0.1 /index.php/Admin/Supplier/index/p/1.html
INFO: [ app_init ] --START--
INFO: Run Behavior\BuildLiteBehavior [ RunTime:0.000014s ]
INFO: [ app_init ] --END-- [ RunTime:0.000649s ]
INFO: [ app_begin ] --START--
INFO: Run Behavior\ReadHtmlCacheBehavior [ RunTime:0.001249s ]
INFO: [ app_begin ] --END-- [ RunTime:0.001318s ]
SQL: SHOW COLUMNS FROM `supplier` [ RunTime:0.0051s ]
SQL: SELECT COUNT(*) AS tp_count FROM `supplier` WHERE `status` > -1 LIMIT 1   [ RunTime:0.0003s ]
SQL: SELECT * FROM `supplier` WHERE `status` > -1 LIMIT 0,2   [ RunTime:0.0004s ]
INFO: [ view_parse ] --START--
INFO: [ template_filter ] --START--
INFO: Run Behavior\ContentReplaceBehavior [ RunTime:0.000068s ]
INFO: [ template_filter ] --END-- [ RunTime:0.000115s ]
NOTIC: [8] Undefined index: keyword F:\shop\admin.shop.com\Runtime\Cache\Admin\d67fd13698451d696aeea502d2b8b174.php 第 21 行.
INFO: Run Behavior\ParseTemplateBehavior [ RunTime:0.009212s ]
INFO: [ view_parse ] --END-- [ RunTime:0.009263s ]
INFO: [ view_filter ] --START--
INFO: Run Behavior\WriteHtmlCacheBehavior [ RunTime:0.000406s ]
INFO: [ view_filter ] --END-- [ RunTime:0.000438s ]
INFO: [ app_end ] --START--
INFO: Run Behavior\ShowPageTraceBehavior [ RunTime:0.000718s ]
INFO: [ app_end ] --END-- [ RunTime:0.000755s ]

[ 2016-01-10T10:12:34+08:00 ] 127.0.0.1 /index.php/Admin/Supplier/index/p/1.html
INFO: [ app_init ] --START--
INFO: Run Behavior\BuildLiteBehavior [ RunTime:0.000019s ]
INFO: [ app_init ] --END-- [ RunTime:0.000701s ]
INFO: [ app_begin ] --START--
INFO: Run Behavior\ReadHtmlCacheBehavior [ RunTime:0.000993s ]
INFO: [ app_begin ] --END-- [ RunTime:0.001043s ]
SQL: SHOW COLUMNS FROM `supplier` [ RunTime:0.0039s ]
SQL: SELECT COUNT(*) AS tp_count FROM `supplier` WHERE `status` > -1 LIMIT 1   [ RunTime:0.0003s ]
SQL: SELECT * FROM `supplier` WHERE `status` > -1 LIMIT 0,2   [ RunTime:0.0004s ]
INFO: [ view_parse ] --START--
INFO: [ template_filter ] --START--
INFO: Run Behavior\ContentReplaceBehavior [ RunTime:0.000066s ]
INFO: [ template_filter ] --END-- [ RunTime:0.000110s ]
NOTIC: [8] Undefined index: keyword F:\shop\admin.shop.com\Runtime\Cache\Admin\d67fd13698451d696aeea502d2b8b174.php 第 21 行.
INFO: Run Behavior\ParseTemplateBehavior [ RunTime:0.010863s ]
INFO: [ view_parse ] --END-- [ RunTime:0.010925s ]
INFO: [ view_filter ] --START--
INFO: Run Behavior\WriteHtmlCacheBehavior [ RunTime:0.000596s ]
INFO: [ view_filter ] --END-- [ RunTime:0.000630s ]
INFO: [ app_end ] --START--
INFO: Run Behavior\ShowPageTraceBehavior [ RunTime:0.000820s ]
INFO: [ app_end ] --END-- [ RunTime:0.000857s ]

[ 2016-01-10T10:12:37+08:00 ] 127.0.0.1 /index.php/Admin/Supplier/changeStatus/status/1.html
INFO: [ app_init ] --START--
INFO: Run Behavior\BuildLiteBehavior [ RunTime:0.000013s ]
INFO: [ app_init ] --END-- [ RunTime:0.000548s ]
INFO: [ app_begin ] --START--
INFO: Run Behavior\ReadHtmlCacheBehavior [ RunTime:0.000974s ]
INFO: [ app_begin ] --END-- [ RunTime:0.001032s ]
SQL: SHOW COLUMNS FROM `supplier` [ RunTime:0.0043s ]
SQL: UPDATE `supplier` SET `status`='1' WHERE `id` IN ('1','2') [ RunTime:0.0003s ]

[ 2016-01-10T10:12:39+08:00 ] 127.0.0.1 /index.php/Admin/Supplier/index/p/1.html
INFO: [ app_init ] --START--
INFO: Run Behavior\BuildLiteBehavior [ RunTime:0.000014s ]
INFO: [ app_init ] --END-- [ RunTime:0.000517s ]
INFO: [ app_begin ] --START--
INFO: Run Behavior\ReadHtmlCacheBehavior [ RunTime:0.000828s ]
INFO: [ app_begin ] --END-- [ RunTime:0.000893s ]
SQL: SHOW COLUMNS FROM `supplier` [ RunTime:0.0045s ]
SQL: SELECT COUNT(*) AS tp_count FROM `supplier` WHERE `status` > -1 LIMIT 1   [ RunTime:0.0003s ]
SQL: SELECT * FROM `supplier` WHERE `status` > -1 LIMIT 0,2   [ RunTime:0.0003s ]
INFO: [ view_parse ] --START--
INFO: [ template_filter ] --START--
INFO: Run Behavior\ContentReplaceBehavior [ RunTime:0.000102s ]
INFO: [ template_filter ] --END-- [ RunTime:0.000183s ]
NOTIC: [8] Undefined index: keyword F:\shop\admin.shop.com\Runtime\Cache\Admin\d67fd13698451d696aeea502d2b8b174.php 第 21 行.
INFO: Run Behavior\ParseTemplateBehavior [ RunTime:0.009333s ]
INFO: [ view_parse ] --END-- [ RunTime:0.009386s ]
INFO: [ view_filter ] --START--
INFO: Run Behavior\WriteHtmlCacheBehavior [ RunTime:0.000519s ]
INFO: [ view_filter ] --END-- [ RunTime:0.000554s ]
INFO: [ app_end ] --START--
INFO: Run Behavior\ShowPageTraceBehavior [ RunTime:0.000650s ]
INFO: [ app_end ] --END-- [ RunTime:0.000686s ]

[ 2016-01-10T10:12:43+08:00 ] 127.0.0.1 /index.php/Admin/Supplier/changeStatus/status/0.html
INFO: [ app_init ] --START--
INFO: Run Behavior\BuildLiteBehavior [ RunTime:0.000013s ]
INFO: [ app_init ] --END-- [ RunTime:0.000571s ]
INFO: [ app_begin ] --START--
INFO: Run Behavior\ReadHtmlCacheBehavior [ RunTime:0.000728s ]
INFO: [ app_begin ] --END-- [ RunTime:0.000768s ]
SQL: SHOW COLUMNS FROM `supplier` [ RunTime:0.0040s ]
SQL: UPDATE `supplier` SET `status`='0' WHERE `id` IN ('1','2') [ RunTime:0.0003s ]

[ 2016-01-10T10:12:46+08:00 ] 127.0.0.1 /index.php/Admin/Supplier/index/p/1.html
INFO: [ app_init ] --START--
INFO: Run Behavior\BuildLiteBehavior [ RunTime:0.000027s ]
INFO: [ app_init ] --END-- [ RunTime:0.001010s ]
INFO: [ app_begin ] --START--
INFO: Run Behavior\ReadHtmlCacheBehavior [ RunTime:0.001144s ]
INFO: [ app_begin ] --END-- [ RunTime:0.001215s ]
SQL: SHOW COLUMNS FROM `supplier` [ RunTime:0.0053s ]
SQL: SELECT COUNT(*) AS tp_count FROM `supplier` WHERE `status` > -1 LIMIT 1   [ RunTime:0.0003s ]
SQL: SELECT * FROM `supplier` WHERE `status` > -1 LIMIT 0,2   [ RunTime:0.0005s ]
INFO: [ view_parse ] --START--
INFO: [ template_filter ] --START--
INFO: Run Behavior\ContentReplaceBehavior [ RunTime:0.000067s ]
INFO: [ template_filter ] --END-- [ RunTime:0.000112s ]
NOTIC: [8] Undefined index: keyword F:\shop\admin.shop.com\Runtime\Cache\Admin\d67fd13698451d696aeea502d2b8b174.php 第 21 行.
INFO: Run Behavior\ParseTemplateBehavior [ RunTime:0.009514s ]
INFO: [ view_parse ] --END-- [ RunTime:0.009575s ]
INFO: [ view_filter ] --START--
INFO: Run Behavior\WriteHtmlCacheBehavior [ RunTime:0.000466s ]
INFO: [ view_filter ] --END-- [ RunTime:0.000500s ]
INFO: [ app_end ] --START--
INFO: Run Behavior\ShowPageTraceBehavior [ RunTime:0.000722s ]
INFO: [ app_end ] --END-- [ RunTime:0.000762s ]

[ 2016-01-10T10:12:49+08:00 ] 127.0.0.1 /index.php/Admin/Supplier/changeStatus/status/1.html
INFO: [ app_init ] --START--
INFO: Run Behavior\BuildLiteBehavior [ RunTime:0.000013s ]
INFO: [ app_init ] --END-- [ RunTime:0.000571s ]
INFO: [ app_begin ] --START--
INFO: Run Behavior\ReadHtmlCacheBehavior [ RunTime:0.000791s ]
INFO: [ app_begin ] --END-- [ RunTime:0.000833s ]
SQL: SHOW COLUMNS FROM `supplier` [ RunTime:0.0039s ]
SQL: UPDATE `supplier` SET `status`='1' WHERE `id` IN ('1','2') [ RunTime:0.0003s ]

[ 2016-01-10T10:12:51+08:00 ] 127.0.0.1 /index.php/Admin/Supplier/index/p/1.html
INFO: [ app_init ] --START--
INFO: Run Behavior\BuildLiteBehavior [ RunTime:0.000013s ]
INFO: [ app_init ] --END-- [ RunTime:0.000565s ]
INFO: [ app_begin ] --START--
INFO: Run Behavior\ReadHtmlCacheBehavior [ RunTime:0.000716s ]
INFO: [ app_begin ] --END-- [ RunTime:0.000767s ]
SQL: SHOW COLUMNS FROM `supplier` [ RunTime:0.0040s ]
SQL: SELECT COUNT(*) AS tp_count FROM `supplier` WHERE `status` > -1 LIMIT 1   [ RunTime:0.0003s ]
SQL: SELECT * FROM `supplier` WHERE `status` > -1 LIMIT 0,2   [ RunTime:0.0004s ]
INFO: [ view_parse ] --START--
INFO: [ template_filter ] --START--
INFO: Run Behavior\ContentReplaceBehavior [ RunTime:0.000066s ]
INFO: [ template_filter ] --END-- [ RunTime:0.000109s ]
NOTIC: [8] Undefined index: keyword F:\shop\admin.shop.com\Runtime\Cache\Admin\d67fd13698451d696aeea502d2b8b174.php 第 21 行.
INFO: Run Behavior\ParseTemplateBehavior [ RunTime:0.009321s ]
INFO: [ view_parse ] --END-- [ RunTime:0.009379s ]
INFO: [ view_filter ] --START--
INFO: Run Behavior\WriteHtmlCacheBehavior [ RunTime:0.000594s ]
INFO: [ view_filter ] --END-- [ RunTime:0.000628s ]
INFO: [ app_end ] --START--
INFO: Run Behavior\ShowPageTraceBehavior [ RunTime:0.000789s ]
INFO: [ app_end ] --END-- [ RunTime:0.000825s ]

